<?xml version="1.0" encoding="utf-8" standalone="no"?>
<test-results xmlns:xsi="http://www.w3.org/2001/XMLSchema-instance" xsi:noNamespaceSchemaLocation="nunit_schema_2.5.xsd" name="Pester" total="44" errors="0" failures="0" not-run="0" inconclusive="0" ignored="0" skipped="0" invalid="0" date="2026-03-06" time="13:08:57">
  <environment platform="Microsoft Windows 11 Pro|C:\WINDOWS|\Device\Harddisk2\Partition3" cwd="E:\github\McpServer" user="kingd" clr-version="9.0.10" machine-name="PAYTON-DESKTOP" os-version="10.0.26200" user-domain="PAYTON-DESKTOP" nunit-version="2.5.8.0" />
  <culture-info current-culture="en-US" current-uiculture="en-US" />
  <test-suite type="TestFixture" name="Pester" executed="True" result="Success" success="True" time="2.6241" asserts="0" description="Pester">
    <results>
      <test-suite type="TestFixture" name="E:\github\McpServer\tools\powershell\McpSession.Tests.ps1" executed="True" result="Success" success="True" time="2.6241" asserts="0" description="E:\github\McpServer\tools\powershell\McpSession.Tests.ps1">
        <results>
          <test-suite type="TestFixture" name="McpSession Module" executed="True" result="Success" success="True" time="1.9175" asserts="0" description="McpSession Module">
            <results>
              <test-suite type="TestFixture" name="McpSession Module.Initialize-McpSession" executed="True" result="Success" success="True" time="0.5986" asserts="0" description="McpSession Module.Initialize-McpSession">
                <results>
                  <test-case description="sets connection from explicit BaseUrl and ApiKey" name="McpSession Module.Initialize-McpSession.sets connection from explicit BaseUrl and ApiKey" time="0.2235" asserts="0" success="True" result="Success" executed="True" />
                  <test-case description="trims trailing slash from BaseUrl" name="McpSession Module.Initialize-McpSession.trims trailing slash from BaseUrl" time="0.0116" asserts="0" success="True" result="Success" executed="True" />
                  <test-case description="parses marker file for baseUrl and apiKey" name="McpSession Module.Initialize-McpSession.parses marker file for baseUrl and apiKey" time="0.0338" asserts="0" success="True" result="Success" executed="True" />
                  <test-case description="discovers marker by walking up from current directory" name="McpSession Module.Initialize-McpSession.discovers marker by walking up from current directory" time="0.0561" asserts="0" success="True" result="Success" executed="True" />
                  <test-case description="throws when marker file not found and no explicit params" name="McpSession Module.Initialize-McpSession.throws when marker file not found and no explicit params" time="0.0995" asserts="0" success="True" result="Success" executed="True" />
                  <test-case description="calls the health endpoint" name="McpSession Module.Initialize-McpSession.calls the health endpoint" time="0.0848" asserts="0" success="True" result="Success" executed="True" />
                </results>
              </test-suite>
              <test-suite type="TestFixture" name="McpSession Module.Assert-Initialized guard" executed="True" result="Success" success="True" time="0.6683" asserts="0" description="McpSession Module.Assert-Initialized guard">
                <results>
                  <test-case description="throws on New-McpSessionLog without init" name="McpSession Module.Assert-Initialized guard.throws on New-McpSessionLog without init" time="0.011" asserts="0" success="True" result="Success" executed="True" />
                  <test-case description="throws on Get-McpSessionLog without init" name="McpSession Module.Assert-Initialized guard.throws on Get-McpSessionLog without init" time="0.0108" asserts="0" success="True" result="Success" executed="True" />
                  <test-case description="throws on Send-McpDialog without init" name="McpSession Module.Assert-Initialized guard.throws on Send-McpDialog without init" time="0.0347" asserts="0" success="True" result="Success" executed="True" />
                </results>
              </test-suite>
              <test-suite type="TestFixture" name="McpSession Module.New-McpSessionLog" executed="True" result="Success" success="True" time="0.9007" asserts="0" description="McpSession Module.New-McpSessionLog">
                <results>
                  <test-case description="returns session with correct properties" name="McpSession Module.New-McpSessionLog.returns session with correct properties" time="0.0622" asserts="0" success="True" result="Success" executed="True" />
                  <test-case description="initializes empty turns list" name="McpSession Module.New-McpSessionLog.initializes empty turns list" time="0.0345" asserts="0" success="True" result="Success" executed="True" />
                  <test-case description="auto-generates sessionId with source prefix" name="McpSession Module.New-McpSessionLog.auto-generates sessionId with source prefix" time="0.0258" asserts="0" success="True" result="Success" executed="True" />
                  <test-case description="uses explicit sessionId when provided" name="McpSession Module.New-McpSessionLog.uses explicit sessionId when provided" time="0.0167" asserts="0" success="True" result="Success" executed="True" />
                  <test-case description="sets started and lastUpdated to UTC ISO 8601" name="McpSession Module.New-McpSessionLog.sets started and lastUpdated to UTC ISO 8601" time="0.0317" asserts="0" success="True" result="Success" executed="True" />
                  <test-case description="pushes to server on creation" name="McpSession Module.New-McpSessionLog.pushes to server on creation" time="0.0271" asserts="0" success="True" result="Success" executed="True" />
                  <test-case description="posts canonical entries payload (not turns) to server" name="McpSession Module.New-McpSessionLog.posts canonical entries payload (not turns) to server" time="0.0222" asserts="0" success="True" result="Success" executed="True" />
                </results>
              </test-suite>
              <test-suite type="TestFixture" name="McpSession Module.Add-McpSessionTurn" executed="True" result="Success" success="True" time="1.1015" asserts="0" description="McpSession Module.Add-McpSessionTurn">
                <results>
                  <test-case description="adds turn to session turns list" name="McpSession Module.Add-McpSessionTurn.adds turn to session turns list" time="0.0439" asserts="0" success="True" result="Success" executed="True" />
                  <test-case description="defaults status to in_progress" name="McpSession Module.Add-McpSessionTurn.defaults status to in_progress" time="0.0223" asserts="0" success="True" result="Success" executed="True" />
                  <test-case description="auto-generates sequential requestIds" name="McpSession Module.Add-McpSessionTurn.auto-generates sequential requestIds" time="0.0215" asserts="0" success="True" result="Success" executed="True" />
                  <test-case description="inherits model from session" name="McpSession Module.Add-McpSessionTurn.inherits model from session" time="0.0186" asserts="0" success="True" result="Success" executed="True" />
                  <test-case description="accepts explicit model override" name="McpSession Module.Add-McpSessionTurn.accepts explicit model override" time="0.0142" asserts="0" success="True" result="Success" executed="True" />
                  <test-case description="initializes empty mutable collections" name="McpSession Module.Add-McpSessionTurn.initializes empty mutable collections" time="0.0441" asserts="0" success="True" result="Success" executed="True" />
                  <test-case description="adds turn locally without extra push when -NoPush is set" name="McpSession Module.Add-McpSessionTurn.adds turn locally without extra push when -NoPush is set" time="0.0228" asserts="0" success="True" result="Success" executed="True" />
                </results>
              </test-suite>
              <test-suite type="TestFixture" name="McpSession Module.Set-McpSessionTurn" executed="True" result="Success" success="True" time="1.2424" asserts="0" description="McpSession Module.Set-McpSessionTurn">
                <results>
                  <test-case description="updates response field" name="McpSession Module.Set-McpSessionTurn.updates response field" time="0.0305" asserts="0" success="True" result="Success" executed="True" />
                  <test-case description="updates status field" name="McpSession Module.Set-McpSessionTurn.updates status field" time="0.0151" asserts="0" success="True" result="Success" executed="True" />
                  <test-case description="appends to filesModified" name="McpSession Module.Set-McpSessionTurn.appends to filesModified" time="0.0252" asserts="0" success="True" result="Success" executed="True" />
                  <test-case description="appends to designDecisions" name="McpSession Module.Set-McpSessionTurn.appends to designDecisions" time="0.0153" asserts="0" success="True" result="Success" executed="True" />
                  <test-case description="pushes to server when Session is provided and NoPush is not set" name="McpSession Module.Set-McpSessionTurn.pushes to server when Session is provided and NoPush is not set" time="0.0416" asserts="0" success="True" result="Success" executed="True" />
                </results>
              </test-suite>
              <test-suite type="TestFixture" name="McpSession Module.Add-McpAction" executed="True" result="Success" success="True" time="1.4067" asserts="0" description="McpSession Module.Add-McpAction">
                <results>
                  <test-case description="adds action with auto-incrementing order" name="McpSession Module.Add-McpAction.adds action with auto-incrementing order" time="0.0291" asserts="0" success="True" result="Success" executed="True" />
                  <test-case description="sets correct type and description" name="McpSession Module.Add-McpAction.sets correct type and description" time="0.0325" asserts="0" success="True" result="Success" executed="True" />
                  <test-case description="defaults status to completed" name="McpSession Module.Add-McpAction.defaults status to completed" time="0.0159" asserts="0" success="True" result="Success" executed="True" />
                  <test-case description="accepts explicit status" name="McpSession Module.Add-McpAction.accepts explicit status" time="0.0149" asserts="0" success="True" result="Success" executed="True" />
                  <test-case description="defaults filePath to empty string" name="McpSession Module.Add-McpAction.defaults filePath to empty string" time="0.0187" asserts="0" success="True" result="Success" executed="True" />
                  <test-case description="pushes to server when Session is provided and NoPush is not set" name="McpSession Module.Add-McpAction.pushes to server when Session is provided and NoPush is not set" time="0.0408" asserts="0" success="True" result="Success" executed="True" />
                </results>
              </test-suite>
              <test-suite type="TestFixture" name="McpSession Module.Update-McpSessionLog" executed="True" result="Success" success="True" time="1.6277" asserts="0" description="McpSession Module.Update-McpSessionLog">
                <results>
                  <test-case description="updates lastUpdated timestamp" name="McpSession Module.Update-McpSessionLog.updates lastUpdated timestamp" time="0.1303" asserts="0" success="True" result="Success" executed="True" />
                  <test-case description="updates status when provided" name="McpSession Module.Update-McpSessionLog.updates status when provided" time="0.0205" asserts="0" success="True" result="Success" executed="True" />
                  <test-case description="preserves status when not provided" name="McpSession Module.Update-McpSessionLog.preserves status when not provided" time="0.0159" asserts="0" success="True" result="Success" executed="True" />
                  <test-case description="updates title when provided" name="McpSession Module.Update-McpSessionLog.updates title when provided" time="0.016" asserts="0" success="True" result="Success" executed="True" />
                  <test-case description="pushes to server" name="McpSession Module.Update-McpSessionLog.pushes to server" time="0.0255" asserts="0" success="True" result="Success" executed="True" />
                </results>
              </test-suite>
              <test-suite type="TestFixture" name="McpSession Module.Get-McpSessionLog" executed="True" result="Success" success="True" time="1.6748" asserts="0" description="McpSession Module.Get-McpSessionLog">
                <results>
                  <test-case description="uses default limit=5 and offset=0" name="McpSession Module.Get-McpSessionLog.uses default limit=5 and offset=0" time="0.0203" asserts="0" success="True" result="Success" executed="True" />
                  <test-case description="passes custom limit and offset" name="McpSession Module.Get-McpSessionLog.passes custom limit and offset" time="0.0151" asserts="0" success="True" result="Success" executed="True" />
                </results>
              </test-suite>
              <test-suite type="TestFixture" name="McpSession Module.Send-McpDialog" executed="True" result="Success" success="True" time="1.7593" asserts="0" description="McpSession Module.Send-McpDialog">
                <results>
                  <test-case description="posts to the correct dialog endpoint" name="McpSession Module.Send-McpDialog.posts to the correct dialog endpoint" time="0.0259" asserts="0" success="True" result="Success" executed="True" />
                  <test-case description="defaults role to model and category to reasoning" name="McpSession Module.Send-McpDialog.defaults role to model and category to reasoning" time="0.0206" asserts="0" success="True" result="Success" executed="True" />
                  <test-case description="accepts custom role and category" name="McpSession Module.Send-McpDialog.accepts custom role and category" time="0.024" asserts="0" success="True" result="Success" executed="True" />
                </results>
              </test-suite>
            </results>
          </test-suite>
        </results>
      </test-suite>
    </results>
  </test-suite>
</test-results>