<?xml version="1.0" encoding="utf-8"?>
<TestRun id="696aad4a-de4f-4c02-ac06-e21315043a51" name="SYSTEM@PAYTON-LEGION2 2026-08-22 03:27:19" runUser="PAYTON-LEGION2\kingd" xmlns="http://microsoft.com/schemas/VisualStudio/TeamTest/2010">
  <Times creation="2026-08-22T03:27:19.3225823-05:00" queuing="2026-08-22T03:27:19.3225828-05:00" start="2026-08-22T03:27:17.0206173-05:00" finish="2026-08-22T03:41:56.4263591-05:00" />
  <TestSettings name="default" id="7ae029f8-43c0-41f9-bb10-9ff69894c415">
    <Deployment runDeploymentRoot="SYSTEM_PAYTON-LEGION2_2026-08-22_03_27_19" />
  </TestSettings>
  <Results>
    <UnitTestResult executionId="f87a9c6e-9fdc-49ea-bd84-b494404cbbe8" testId="a819d0f0-58b2-a89b-3964-f2760cfb1ba3" testName="McpServer.PluginIntegration.Tests.PluginSessionLogAiTheoryTests.AiTheory_Agent_RequiresValidJsonFields(hostKind: ClineV2)" computerName="PAYTON-LEGION2" duration="00:00:00.0005581" startTime="2026-08-22T03:40:41.3976533-05:00" endTime="2026-08-22T03:40:41.3982365-05:00" testType="13cdc9d9-ddb5-4fa4-a97d-d965ccfc6d4b" outcome="Passed" testListId="8c84fa94-04c1-424b-9868-57a2d4851a1d" relativeResultsDirectory="f87a9c6e-9fdc-49ea-bd84-b494404cbbe8" />
    <UnitTestResult executionId="d4f3d4b5-0d9c-472b-887a-89942d138e67" testId="87979b5e-268c-e227-3bdf-1cbbf14997ac" testName="McpServer.PluginIntegration.Tests.PluginIntegrationServerFixtureTests.ServerFixture_SignatureAndNonceTrust" computerName="PAYTON-LEGION2" duration="00:00:10.0153966" startTime="2026-08-22T03:41:09.7020436-05:00" endTime="2026-08-22T03:41:19.7174678-05:00" testType="13cdc9d9-ddb5-4fa4-a97d-d965ccfc6d4b" outcome="Passed" testListId="8c84fa94-04c1-424b-9868-57a2d4851a1d" relativeResultsDirectory="d4f3d4b5-0d9c-472b-887a-89942d138e67" />
    <UnitTestResult executionId="bc312670-702a-4842-9912-107243662cc2" testId="e03b355a-af8c-3ed2-aef8-0784d656e804" testName="McpServer.PluginIntegration.Tests.PluginSessionLogWorkflowAdapterTests.Theory_Agent_RetrySuccess_DeletesOnlyMatchingPending(hostKind: ClineV2)" computerName="PAYTON-LEGION2" duration="00:00:11.8961975" startTime="2026-08-22T03:30:21.4270429-05:00" endTime="2026-08-22T03:30:33.3233277-05:00" testType="13cdc9d9-ddb5-4fa4-a97d-d965ccfc6d4b" outcome="Passed" testListId="8c84fa94-04c1-424b-9868-57a2d4851a1d" relativeResultsDirectory="bc312670-702a-4842-9912-107243662cc2" />
    <UnitTestResult executionId="15cd14a3-9a18-482e-9df9-2085f3a883ab" testId="1f4e1cd2-19d1-ace8-030c-fad1d9c42b3e" testName="McpServer.PluginIntegration.Tests.PluginIntegrationServerFixtureTests.ServerFixture_DeterministicCleanup" computerName="PAYTON-LEGION2" duration="00:00:14.0776660" startTime="2026-08-22T03:40:41.4107413-05:00" endTime="2026-08-22T03:40:55.4884420-05:00" testType="13cdc9d9-ddb5-4fa4-a97d-d965ccfc6d4b" outcome="Passed" testListId="8c84fa94-04c1-424b-9868-57a2d4851a1d" relativeResultsDirectory="15cd14a3-9a18-482e-9df9-2085f3a883ab" />
    <UnitTestResult executionId="fa0adb6b-f0dd-44f9-9cda-b17b448c9ee6" testId="a1a83450-289c-1f21-5189-fd8a02f92b69" testName="McpServer.PluginIntegration.Tests.PluginSessionLogCatalogTests.Catalog_ExactlyEightEnabled" computerName="PAYTON-LEGION2" duration="00:00:00.0145051" startTime="2026-08-22T03:27:19.1525100-05:00" endTime="2026-08-22T03:27:19.1670981-05:00" testType="13cdc9d9-ddb5-4fa4-a97d-d965ccfc6d4b" outcome="Passed" testListId="8c84fa94-04c1-424b-9868-57a2d4851a1d" relativeResultsDirectory="fa0adb6b-f0dd-44f9-9cda-b17b448c9ee6" />
    <UnitTestResult executionId="4052453d-a503-40ff-acba-fe09f7d09054" testId="236c9f0a-5162-8715-aff3-f50a3225bd64" testName="McpServer.PluginIntegration.Tests.PluginSessionLogWorkflowAdapterTests.Theory_EachScenario_FailsUntilAdapterOperational(hostKind: Copilot)" computerName="PAYTON-LEGION2" duration="00:00:24.0073601" startTime="2026-08-22T03:32:49.1979794-05:00" endTime="2026-08-22T03:33:13.2054175-05:00" testType="13cdc9d9-ddb5-4fa4-a97d-d965ccfc6d4b" outcome="Passed" testListId="8c84fa94-04c1-424b-9868-57a2d4851a1d" relativeResultsDirectory="4052453d-a503-40ff-acba-fe09f7d09054" />
    <UnitTestResult executionId="fb3f9cdb-4dc1-4f35-8600-e749d0245d12" testId="c372fab5-6807-1e21-9c6e-b467c42bba44" testName="McpServer.PluginIntegration.Tests.PluginSessionLogWorkflowAdapterTests.Theory_Agent_FailedSubmit_RetainsRootIdPending(hostKind: Copilot)" computerName="PAYTON-LEGION2" duration="00:00:13.4256716" startTime="2026-08-22T03:37:55.0531393-05:00" endTime="2026-08-22T03:38:08.4790007-05:00" testType="13cdc9d9-ddb5-4fa4-a97d-d965ccfc6d4b" outcome="Passed" testListId="8c84fa94-04c1-424b-9868-57a2d4851a1d" relativeResultsDirectory="fb3f9cdb-4dc1-4f35-8600-e749d0245d12" />
    <UnitTestResult executionId="b3341108-9b05-4395-91d2-3e8af42b104d" testId="18d5a8a3-7892-c234-f03d-8f0549399f5f" testName="McpServer.PluginIntegration.Tests.PluginSessionLogCatalogTests.Catalog_VersionMetadataPresent" computerName="PAYTON-LEGION2" duration="00:00:00.0012508" startTime="2026-08-22T03:27:19.1707954-05:00" endTime="2026-08-22T03:27:19.1720988-05:00" testType="13cdc9d9-ddb5-4fa4-a97d-d965ccfc6d4b" outcome="Passed" testListId="8c84fa94-04c1-424b-9868-57a2d4851a1d" relativeResultsDirectory="b3341108-9b05-4395-91d2-3e8af42b104d" />
    <UnitTestResult executionId="d1874472-6436-41dd-88a4-36c20c496eb2" testId="62e00820-0b4c-838e-9956-7938170992fc" testName="McpServer.PluginIntegration.Tests.PluginSessionLogWorkflowAdapterTests.Theory_Agent_BootstrapBeginAppendComplete_CapturesIdsCacheShaReceipt(hostKind: ClaudeCode)" computerName="PAYTON-LEGION2" duration="00:00:15.9216965" startTime="2026-08-22T03:27:34.9168094-05:00" endTime="2026-08-22T03:27:50.8386455-05:00" testType="13cdc9d9-ddb5-4fa4-a97d-d965ccfc6d4b" outcome="Passed" testListId="8c84fa94-04c1-424b-9868-57a2d4851a1d" relativeResultsDirectory="d1874472-6436-41dd-88a4-36c20c496eb2" />
    <UnitTestResult executionId="2da60e85-3c99-421b-b6c9-02f53562c90f" testId="b4a57976-1c8f-4410-0825-5899e07a7661" testName="McpServer.PluginIntegration.Tests.PluginSessionLogCatalogTests.Catalog_UniqueAgentSourceCache" computerName="PAYTON-LEGION2" duration="00:00:00.0015770" startTime="2026-08-22T03:27:19.1684413-05:00" endTime="2026-08-22T03:27:19.1700942-05:00" testType="13cdc9d9-ddb5-4fa4-a97d-d965ccfc6d4b" outcome="Passed" testListId="8c84fa94-04c1-424b-9868-57a2d4851a1d" relativeResultsDirectory="2da60e85-3c99-421b-b6c9-02f53562c90f" />
    <UnitTestResult executionId="54a7f6d4-b176-4847-acea-a2536f0ac62f" testId="d793dd0f-915d-0cf0-b819-8b09e14adb02" testName="McpServer.PluginIntegration.Tests.PluginSessionLogWorkflowAdapterTests.Theory_Agent_ServerQuery_SourceTypeIdsActionDialogCompletedWorkspace(hostKind: ClaudeCode)" computerName="PAYTON-LEGION2" duration="00:00:11.8470926" startTime="2026-08-22T03:37:05.9186957-05:00" endTime="2026-08-22T03:37:17.7658389-05:00" testType="13cdc9d9-ddb5-4fa4-a97d-d965ccfc6d4b" outcome="Passed" testListId="8c84fa94-04c1-424b-9868-57a2d4851a1d" relativeResultsDirectory="54a7f6d4-b176-4847-acea-a2536f0ac62f" />
    <UnitTestResult executionId="d312ebd2-d5fb-44fe-ab63-84c2c82abe43" testId="de836faf-c2ef-8605-ac5c-f4369adbdd78" testName="McpServer.PluginIntegration.Tests.PluginHostProcessAdapterTests.Adapter_ClineV1_StdioSessionLogTools" computerName="PAYTON-LEGION2" duration="00:00:00.0115352" startTime="2026-08-22T03:40:41.3567532-05:00" endTime="2026-08-22T03:40:41.3683237-05:00" testType="13cdc9d9-ddb5-4fa4-a97d-d965ccfc6d4b" outcome="Passed" testListId="8c84fa94-04c1-424b-9868-57a2d4851a1d" relativeResultsDirectory="d312ebd2-d5fb-44fe-ab63-84c2c82abe43" />
    <UnitTestResult executionId="14e5fc4a-f75a-4a2c-a5b5-ff2a30dd6187" testId="d94b6483-a8fe-7432-1f95-7b447d40ab43" testName="McpServer.PluginIntegration.Tests.PluginSessionLogWorkflowAdapterTests.Theory_Agent_BootstrapBeginAppendComplete_CapturesIdsCacheShaReceipt(hostKind: ClineV2)" computerName="PAYTON-LEGION2" duration="00:00:13.7104684" startTime="2026-08-22T03:28:26.3848577-05:00" endTime="2026-08-22T03:28:40.0954158-05:00" testType="13cdc9d9-ddb5-4fa4-a97d-d965ccfc6d4b" outcome="Passed" testListId="8c84fa94-04c1-424b-9868-57a2d4851a1d" relativeResultsDirectory="14e5fc4a-f75a-4a2c-a5b5-ff2a30dd6187" />
    <UnitTestResult executionId="42607f10-72f9-4a87-9498-ed6406c69c85" testId="89af7f04-effa-7eee-6cc0-e2d6a5bc271d" testName="McpServer.PluginIntegration.Tests.PluginHostProcessAdapterTests.Adapter_ClineV2AndOpenCode_UseProductionExport(hostKind: ClineV2)" computerName="PAYTON-LEGION2" duration="00:00:00.0023352" startTime="2026-08-22T03:40:41.3778062-05:00" endTime="2026-08-22T03:40:41.3801787-05:00" testType="13cdc9d9-ddb5-4fa4-a97d-d965ccfc6d4b" outcome="Passed" testListId="8c84fa94-04c1-424b-9868-57a2d4851a1d" relativeResultsDirectory="42607f10-72f9-4a87-9498-ed6406c69c85" />
    <UnitTestResult executionId="4973be19-6b42-419a-8665-73df5febbf5f" testId="9676f0d0-5f41-a32c-c2d9-8828d86f7808" testName="McpServer.PluginIntegration.Tests.PluginIntegrationServerFixtureTests.ServerFixture_CreatesMarker" computerName="PAYTON-LEGION2" duration="00:00:10.6449777" startTime="2026-08-22T03:41:35.0311693-05:00" endTime="2026-08-22T03:41:45.6761798-05:00" testType="13cdc9d9-ddb5-4fa4-a97d-d965ccfc6d4b" outcome="Passed" testListId="8c84fa94-04c1-424b-9868-57a2d4851a1d" relativeResultsDirectory="4973be19-6b42-419a-8665-73df5febbf5f" />
    <UnitTestResult executionId="0cebf574-191c-4d70-8b14-3484a165db33" testId="9352565e-1e2b-61f4-41fe-e7f688f70784" testName="McpServer.PluginIntegration.Tests.PluginHostProcessAdapterTests.Adapter_CodexAndPowerShellHook_UseDeclaredEntrypoint(hostKind: Grok)" computerName="PAYTON-LEGION2" duration="00:00:00.0007886" startTime="2026-08-22T03:40:41.3763650-05:00" endTime="2026-08-22T03:40:41.3771884-05:00" testType="13cdc9d9-ddb5-4fa4-a97d-d965ccfc6d4b" outcome="Passed" testListId="8c84fa94-04c1-424b-9868-57a2d4851a1d" relativeResultsDirectory="0cebf574-191c-4d70-8b14-3484a165db33" />
    <UnitTestResult executionId="292fb00b-8026-4cd5-89bc-294f5f142679" testId="3b1b35d6-04b5-ae89-94b3-1a72cf86a187" testName="McpServer.PluginIntegration.Tests.PluginHostProcessAdapterTests.Adapter_CapturesExecutableArgsStdinEnvCwdTimeoutExitStdoutStderr(hostKind: ClaudeCode)" computerName="PAYTON-LEGION2" duration="00:00:00.0015865" startTime="2026-08-22T03:40:41.3544930-05:00" endTime="2026-08-22T03:40:41.3561199-05:00" testType="13cdc9d9-ddb5-4fa4-a97d-d965ccfc6d4b" outcome="Passed" testListId="8c84fa94-04c1-424b-9868-57a2d4851a1d" relativeResultsDirectory="292fb00b-8026-4cd5-89bc-294f5f142679" />
    <UnitTestResult executionId="378021f3-8d77-433b-a4f2-f043df78a7e6" testId="2aa3e527-2c65-85dc-a88a-083c1f3e85eb" testName="McpServer.PluginIntegration.Tests.PluginSessionLogWorkflowAdapterTests.Theory_EachScenario_FailsUntilAdapterOperational(hostKind: Codex)" computerName="PAYTON-LEGION2" duration="00:00:12.4564685" startTime="2026-08-22T03:30:43.9876495-05:00" endTime="2026-08-22T03:30:56.4441674-05:00" testType="13cdc9d9-ddb5-4fa4-a97d-d965ccfc6d4b" outcome="Passed" testListId="8c84fa94-04c1-424b-9868-57a2d4851a1d" relativeResultsDirectory="378021f3-8d77-433b-a4f2-f043df78a7e6" />
    <UnitTestResult executionId="9caaa83e-a737-4aa3-87e1-c92cc2e96d4a" testId="4ce4b13d-54c6-ab06-77ae-25635f318e05" testName="McpServer.PluginIntegration.Tests.PluginSessionLogAiTheoryTests.AiTheory_Agent_RequiresValidJsonFields(hostKind: Codex)" computerName="PAYTON-LEGION2" duration="00:00:00.0005684" startTime="2026-08-22T03:40:41.3968041-05:00" endTime="2026-08-22T03:40:41.3973984-05:00" testType="13cdc9d9-ddb5-4fa4-a97d-d965ccfc6d4b" outcome="Passed" testListId="8c84fa94-04c1-424b-9868-57a2d4851a1d" relativeResultsDirectory="9caaa83e-a737-4aa3-87e1-c92cc2e96d4a" />
    <UnitTestResult executionId="e48f663b-094b-4ec1-a925-9724bd6a28cf" testId="435990bf-96b1-fe49-8bcc-358ae91e2ddb" testName="McpServer.PluginIntegration.Tests.PluginSessionLogWorkflowAdapterTests.Theory_Agent_ServerQuery_SourceTypeIdsActionDialogCompletedWorkspace(hostKind: ClineV2)" computerName="PAYTON-LEGION2" duration="00:00:12.0746994" startTime="2026-08-22T03:35:37.0310382-05:00" endTime="2026-08-22T03:35:49.1057881-05:00" testType="13cdc9d9-ddb5-4fa4-a97d-d965ccfc6d4b" outcome="Passed" testListId="8c84fa94-04c1-424b-9868-57a2d4851a1d" relativeResultsDirectory="e48f663b-094b-4ec1-a925-9724bd6a28cf" />
    <UnitTestResult executionId="0d7baec6-5629-42fb-8f10-7a4a9c6218df" testId="259cc540-68dc-c0bc-63dc-08ee5851c9be" testName="McpServer.PluginIntegration.Tests.PluginHostProcessAdapterTests.Adapter_CapturesExecutableArgsStdinEnvCwdTimeoutExitStdoutStderr(hostKind: Grok)" computerName="PAYTON-LEGION2" duration="00:00:00.0014315" startTime="2026-08-22T03:40:41.3503138-05:00" endTime="2026-08-22T03:40:41.3518579-05:00" testType="13cdc9d9-ddb5-4fa4-a97d-d965ccfc6d4b" outcome="Passed" testListId="8c84fa94-04c1-424b-9868-57a2d4851a1d" relativeResultsDirectory="0d7baec6-5629-42fb-8f10-7a4a9c6218df" />
    <UnitTestResult executionId="d523ea25-2c24-42b8-9f6b-0d0ff37e26e3" testId="16e0597d-2c1d-2bf6-e21f-ae04790f090e" testName="McpServer.PluginIntegration.Tests.PluginSessionLogWorkflowAdapterTests.Theory_Agent_Success_NoPendingFailsafe(hostKind: ClaudeCowork)" computerName="PAYTON-LEGION2" duration="00:00:14.9973167" startTime="2026-08-22T03:40:26.3128333-05:00" endTime="2026-08-22T03:40:41.3101956-05:00" testType="13cdc9d9-ddb5-4fa4-a97d-d965ccfc6d4b" outcome="Passed" testListId="8c84fa94-04c1-424b-9868-57a2d4851a1d" relativeResultsDirectory="d523ea25-2c24-42b8-9f6b-0d0ff37e26e3" />
    <UnitTestResult executionId="f38bf565-e8fb-43c0-8568-5a5e08cc8861" testId="3432ff42-672e-0305-93be-fe61923bb416" testName="McpServer.PluginIntegration.Tests.PluginIntegrationServerFixtureTests.ServerFixture_SelectsFreePort" computerName="PAYTON-LEGION2" duration="00:00:14.2064108" startTime="2026-08-22T03:40:55.4932176-05:00" endTime="2026-08-22T03:41:09.6996642-05:00" testType="13cdc9d9-ddb5-4fa4-a97d-d965ccfc6d4b" outcome="Passed" testListId="8c84fa94-04c1-424b-9868-57a2d4851a1d" relativeResultsDirectory="f38bf565-e8fb-43c0-8568-5a5e08cc8861" />
    <UnitTestResult executionId="2a70a31c-677f-4531-8b6b-248f09b1760f" testId="a440ec51-ea3d-f0be-15f4-967977cfd350" testName="McpServer.PluginIntegration.Tests.PluginSessionLogWorkflowAdapterTests.Theory_Agent_ServerQuery_SourceTypeIdsActionDialogCompletedWorkspace(hostKind: Cline)" computerName="PAYTON-LEGION2" duration="00:00:22.4120342" startTime="2026-08-22T03:36:14.8383814-05:00" endTime="2026-08-22T03:36:37.2504762-05:00" testType="13cdc9d9-ddb5-4fa4-a97d-d965ccfc6d4b" outcome="Passed" testListId="8c84fa94-04c1-424b-9868-57a2d4851a1d" relativeResultsDirectory="2a70a31c-677f-4531-8b6b-248f09b1760f" />
    <UnitTestResult executionId="bab8902e-7ffa-4dab-a721-0535541da415" testId="1d184306-ca46-c995-1980-88e55b415255" testName="McpServer.PluginIntegration.Tests.PluginHostProcessAdapterTests.Adapter_CapturesExecutableArgsStdinEnvCwdTimeoutExitStdoutStderr(hostKind: OpenCode)" computerName="PAYTON-LEGION2" duration="00:00:00.0007380" startTime="2026-08-22T03:40:41.3522280-05:00" endTime="2026-08-22T03:40:41.3529974-05:00" testType="13cdc9d9-ddb5-4fa4-a97d-d965ccfc6d4b" outcome="Passed" testListId="8c84fa94-04c1-424b-9868-57a2d4851a1d" relativeResultsDirectory="bab8902e-7ffa-4dab-a721-0535541da415" />
    <UnitTestResult executionId="fca5cf30-e418-4f6f-89a9-ee5643f13fda" testId="def48c40-4c91-19e5-0c50-98e3e0e06542" testName="McpServer.PluginIntegration.Tests.PluginHostProcessAdapterTests.Adapter_CodexAndPowerShellHook_UseDeclaredEntrypoint(hostKind: Copilot)" computerName="PAYTON-LEGION2" duration="00:00:00.0010115" startTime="2026-08-22T03:40:41.3748848-05:00" endTime="2026-08-22T03:40:41.3759369-05:00" testType="13cdc9d9-ddb5-4fa4-a97d-d965ccfc6d4b" outcome="Passed" testListId="8c84fa94-04c1-424b-9868-57a2d4851a1d" relativeResultsDirectory="fca5cf30-e418-4f6f-89a9-ee5643f13fda" />
    <UnitTestResult executionId="fdd9d2d5-8162-4f80-be2c-30ee695a4863" testId="a6a44763-4fd9-634a-0715-6589aa0ec795" testName="McpServer.PluginIntegration.Tests.PluginSessionLogWorkflowAdapterTests.Theory_Agent_PluginRootOverride_WritesOnlyWorkspaceMcpServerAgent_PoisonEmpty(hostKind: ClaudeCode)" computerName="PAYTON-LEGION2" duration="00:00:27.7404364" startTime="2026-08-22T03:33:46.6225635-05:00" endTime="2026-08-22T03:34:14.3630410-05:00" testType="13cdc9d9-ddb5-4fa4-a97d-d965ccfc6d4b" outcome="Passed" testListId="8c84fa94-04c1-424b-9868-57a2d4851a1d" relativeResultsDirectory="fdd9d2d5-8162-4f80-be2c-30ee695a4863" />
    <UnitTestResult executionId="87e68e9f-371e-40a5-b958-981981d3a1b0" testId="8b7ec712-9aa5-6e30-93a3-2e39139d53fc" testName="McpServer.PluginIntegration.Tests.PluginSessionLogAiTheoryTests.AiTheory_Agent_RequiresValidJsonFields(hostKind: ClaudeCowork)" computerName="PAYTON-LEGION2" duration="00:00:00.0022732" startTime="2026-08-22T03:40:41.3901892-05:00" endTime="2026-08-22T03:40:41.3925423-05:00" testType="13cdc9d9-ddb5-4fa4-a97d-d965ccfc6d4b" outcome="Passed" testListId="8c84fa94-04c1-424b-9868-57a2d4851a1d" relativeResultsDirectory="87e68e9f-371e-40a5-b958-981981d3a1b0" />
    <UnitTestResult executionId="aa00790a-2956-47b7-b771-23da509ec0e7" testId="0aac579d-c81e-7ee5-1d52-2c40b8fd390e" testName="McpServer.PluginIntegration.Tests.PluginHostProcessAdapterTests.Adapter_CapturesExecutableArgsStdinEnvCwdTimeoutExitStdoutStderr(hostKind: ClaudeCowork)" computerName="PAYTON-LEGION2" duration="00:00:00.0017367" startTime="2026-08-22T03:40:41.3355974-05:00" endTime="2026-08-22T03:40:41.3373901-05:00" testType="13cdc9d9-ddb5-4fa4-a97d-d965ccfc6d4b" outcome="Passed" testListId="8c84fa94-04c1-424b-9868-57a2d4851a1d" relativeResultsDirectory="aa00790a-2956-47b7-b771-23da509ec0e7" />
    <UnitTestResult executionId="11504ae2-4001-4a27-8ed2-3f80c09248d3" testId="73d43f4a-648c-801f-1b0b-6b4cb0b0dd10" testName="McpServer.PluginIntegration.Tests.PluginIntegrationServerFixtureTests.ServerFixture_HealthReady_ExposesTrustedMarkerAndClient" computerName="PAYTON-LEGION2" duration="00:00:10.4567213" startTime="2026-08-22T03:41:45.6774882-05:00" endTime="2026-08-22T03:41:56.1342366-05:00" testType="13cdc9d9-ddb5-4fa4-a97d-d965ccfc6d4b" outcome="Passed" testListId="8c84fa94-04c1-424b-9868-57a2d4851a1d" relativeResultsDirectory="11504ae2-4001-4a27-8ed2-3f80c09248d3" />
    <UnitTestResult executionId="73dc8821-b322-4a87-81e1-871e05968751" testId="7587d980-0453-b39c-4e94-cc72ce37e8b8" testName="McpServer.PluginIntegration.Tests.PluginSessionLogWorkflowAdapterTests.Theory_Agent_Success_NoPendingFailsafe(hostKind: Cline)" computerName="PAYTON-LEGION2" duration="00:00:19.1848779" startTime="2026-08-22T03:40:07.1248448-05:00" endTime="2026-08-22T03:40:26.3097839-05:00" testType="13cdc9d9-ddb5-4fa4-a97d-d965ccfc6d4b" outcome="Passed" testListId="8c84fa94-04c1-424b-9868-57a2d4851a1d" relativeResultsDirectory="73dc8821-b322-4a87-81e1-871e05968751" />
    <UnitTestResult executionId="a6cbb06c-668f-4db5-8e18-12f8a6b4f296" testId="ea7b6ece-0962-3f6e-2f12-6af4f92b3a17" testName="McpServer.PluginIntegration.Tests.PluginSessionLogWorkflowAdapterTests.Theory_Agent_ServerQuery_SourceTypeIdsActionDialogCompletedWorkspace(hostKind: OpenCode)" computerName="PAYTON-LEGION2" duration="00:00:16.1682809" startTime="2026-08-22T03:36:37.2529328-05:00" endTime="2026-08-22T03:36:53.4212677-05:00" testType="13cdc9d9-ddb5-4fa4-a97d-d965ccfc6d4b" outcome="Passed" testListId="8c84fa94-04c1-424b-9868-57a2d4851a1d" relativeResultsDirectory="a6cbb06c-668f-4db5-8e18-12f8a6b4f296" />
    <UnitTestResult executionId="77829b80-3a93-4587-a878-d59acb172007" testId="b67667f1-956c-b969-5aff-30951534807a" testName="McpServer.PluginIntegration.Tests.PluginHostProcessAdapterTests.Adapter_CapturesExecutableArgsStdinEnvCwdTimeoutExitStdoutStderr(hostKind: Copilot)" computerName="PAYTON-LEGION2" duration="00:00:00.0132998" startTime="2026-08-22T03:40:41.3217112-05:00" endTime="2026-08-22T03:40:41.3350732-05:00" testType="13cdc9d9-ddb5-4fa4-a97d-d965ccfc6d4b" outcome="Passed" testListId="8c84fa94-04c1-424b-9868-57a2d4851a1d" relativeResultsDirectory="77829b80-3a93-4587-a878-d59acb172007" />
    <UnitTestResult executionId="236e6522-e5c1-4122-8693-ff16a4ca4f75" testId="0d94d9ea-2e88-7983-af02-8739ab212d15" testName="McpServer.PluginIntegration.Tests.PluginSessionLogAiTheoryTests.AiTheory_Agent_RequiresValidJsonFields(hostKind: Cline)" computerName="PAYTON-LEGION2" duration="00:00:00.0005541" startTime="2026-08-22T03:40:41.3959477-05:00" endTime="2026-08-22T03:40:41.3965299-05:00" testType="13cdc9d9-ddb5-4fa4-a97d-d965ccfc6d4b" outcome="Passed" testListId="8c84fa94-04c1-424b-9868-57a2d4851a1d" relativeResultsDirectory="236e6522-e5c1-4122-8693-ff16a4ca4f75" />
    <UnitTestResult executionId="2aa44426-296e-4495-9e87-d1794518e1c4" testId="214c533b-e35d-af2c-d63a-736af10b7347" testName="McpServer.PluginIntegration.Tests.PluginSessionLogWorkflowAdapterTests.Theory_Agent_BootstrapBeginAppendComplete_CapturesIdsCacheShaReceipt(hostKind: OpenCode)" computerName="PAYTON-LEGION2" duration="00:00:15.7325543" startTime="2026-08-22T03:27:19.1745206-05:00" endTime="2026-08-22T03:27:34.9088080-05:00" testType="13cdc9d9-ddb5-4fa4-a97d-d965ccfc6d4b" outcome="Passed" testListId="8c84fa94-04c1-424b-9868-57a2d4851a1d" relativeResultsDirectory="2aa44426-296e-4495-9e87-d1794518e1c4" />
    <UnitTestResult executionId="7dcfca92-e9f7-4080-8d70-326b3fb07a9e" testId="2743f923-77bb-a451-9de7-de3ee9035cab" testName="McpServer.PluginIntegration.Tests.PluginHostProcessAdapterTests.Adapter_CodexAndPowerShellHook_UseDeclaredEntrypoint(hostKind: ClaudeCode)" computerName="PAYTON-LEGION2" duration="00:00:00.0008891" startTime="2026-08-22T03:40:41.3715070-05:00" endTime="2026-08-22T03:40:41.3724169-05:00" testType="13cdc9d9-ddb5-4fa4-a97d-d965ccfc6d4b" outcome="Passed" testListId="8c84fa94-04c1-424b-9868-57a2d4851a1d" relativeResultsDirectory="7dcfca92-e9f7-4080-8d70-326b3fb07a9e" />
    <UnitTestResult executionId="998d0f52-c0e5-4f7f-b638-f5a5d3675305" testId="c0c07ad3-27db-f94f-d446-642da990a085" testName="McpServer.PluginIntegration.Tests.PluginSessionLogWorkflowAdapterTests.Theory_Agent_FailedSubmit_RetainsRootIdPending(hostKind: ClaudeCode)" computerName="PAYTON-LEGION2" duration="00:00:12.1858502" startTime="2026-08-22T03:38:08.4807940-05:00" endTime="2026-08-22T03:38:20.6666844-05:00" testType="13cdc9d9-ddb5-4fa4-a97d-d965ccfc6d4b" outcome="Passed" testListId="8c84fa94-04c1-424b-9868-57a2d4851a1d" relativeResultsDirectory="998d0f52-c0e5-4f7f-b638-f5a5d3675305" />
    <UnitTestResult executionId="cc57a6ea-4801-45ed-9368-9dd9131a90d8" testId="c4cbf0b1-0f75-e8ff-2765-03c7bce6b0f3" testName="McpServer.PluginIntegration.Tests.PluginSessionLogWorkflowAdapterTests.Theory_Agent_RetrySuccess_DeletesOnlyMatchingPending(hostKind: ClaudeCode)" computerName="PAYTON-LEGION2" duration="00:00:11.3282341" startTime="2026-08-22T03:30:00.5873454-05:00" endTime="2026-08-22T03:30:11.9156352-05:00" testType="13cdc9d9-ddb5-4fa4-a97d-d965ccfc6d4b" outcome="Passed" testListId="8c84fa94-04c1-424b-9868-57a2d4851a1d" relativeResultsDirectory="cc57a6ea-4801-45ed-9368-9dd9131a90d8" />
    <UnitTestResult executionId="fce5a6f2-fb4b-44fe-a0ec-b11e502ff21b" testId="744c635a-1ca9-b473-6d94-01ff2c3f2b0d" testName="McpServer.PluginIntegration.Tests.PluginSessionLogWorkflowAdapterTests.Theory_Agent_FailedSubmit_RetainsRootIdPending(hostKind: Cline)" computerName="PAYTON-LEGION2" duration="00:00:08.9196297" startTime="2026-08-22T03:37:17.7690899-05:00" endTime="2026-08-22T03:37:26.6887625-05:00" testType="13cdc9d9-ddb5-4fa4-a97d-d965ccfc6d4b" outcome="Passed" testListId="8c84fa94-04c1-424b-9868-57a2d4851a1d" relativeResultsDirectory="fce5a6f2-fb4b-44fe-a0ec-b11e502ff21b" />
    <UnitTestResult executionId="0ad62f9d-9593-48c7-b4ff-7f5ef1a8518e" testId="6a47fc12-3fd2-71eb-43f3-d58f01ca31db" testName="McpServer.PluginIntegration.Tests.PluginSessionLogWorkflowAdapterTests.Theory_EachScenario_FailsUntilAdapterOperational(hostKind: Grok)" computerName="PAYTON-LEGION2" duration="00:00:15.6226040" startTime="2026-08-22T03:31:44.0220133-05:00" endTime="2026-08-22T03:31:59.6446696-05:00" testType="13cdc9d9-ddb5-4fa4-a97d-d965ccfc6d4b" outcome="Passed" testListId="8c84fa94-04c1-424b-9868-57a2d4851a1d" relativeResultsDirectory="0ad62f9d-9593-48c7-b4ff-7f5ef1a8518e" />
    <UnitTestResult executionId="bf5370dd-fe9c-4b16-8336-68ca7e81ccb2" testId="beb02ba7-b939-bae3-4c40-49acf425b66c" testName="McpServer.PluginIntegration.Tests.PluginSessionLogWorkflowAdapterTests.Theory_Agent_BootstrapBeginAppendComplete_CapturesIdsCacheShaReceipt(hostKind: Codex)" computerName="PAYTON-LEGION2" duration="00:00:11.5233487" startTime="2026-08-22T03:28:03.7534032-05:00" endTime="2026-08-22T03:28:15.2768879-05:00" testType="13cdc9d9-ddb5-4fa4-a97d-d965ccfc6d4b" outcome="Passed" testListId="8c84fa94-04c1-424b-9868-57a2d4851a1d" relativeResultsDirectory="bf5370dd-fe9c-4b16-8336-68ca7e81ccb2" />
    <UnitTestResult executionId="8f7d41b2-bb61-4bdd-b742-8c2109e9b57f" testId="1752009c-d3e5-d4f7-e650-01361122442f" testName="McpServer.PluginIntegration.Tests.PluginSessionLogWorkflowAdapterTests.Theory_Agent_Success_NoPendingFailsafe(hostKind: OpenCode)" computerName="PAYTON-LEGION2" duration="00:00:11.6442625" startTime="2026-08-22T03:39:55.4768180-05:00" endTime="2026-08-22T03:40:07.1211315-05:00" testType="13cdc9d9-ddb5-4fa4-a97d-d965ccfc6d4b" outcome="Passed" testListId="8c84fa94-04c1-424b-9868-57a2d4851a1d" relativeResultsDirectory="8f7d41b2-bb61-4bdd-b742-8c2109e9b57f" />
    <UnitTestResult executionId="c856acc9-71cc-48a3-9185-81883168f804" testId="fbe0ab7d-103a-2212-6706-b14331c649f7" testName="McpServer.PluginIntegration.Tests.PluginHostProcessAdapterTests.Adapter_CapturesExecutableArgsStdinEnvCwdTimeoutExitStdoutStderr(hostKind: ClineV2)" computerName="PAYTON-LEGION2" duration="00:00:00.0009941" startTime="2026-08-22T03:40:41.3379616-05:00" endTime="2026-08-22T03:40:41.3389979-05:00" testType="13cdc9d9-ddb5-4fa4-a97d-d965ccfc6d4b" outcome="Passed" testListId="8c84fa94-04c1-424b-9868-57a2d4851a1d" relativeResultsDirectory="c856acc9-71cc-48a3-9185-81883168f804" />
    <UnitTestResult executionId="573b9d2d-184b-47d1-8dc2-a8381744b271" testId="249e7608-e241-9d6b-5f9e-9784127451a5" testName="McpServer.PluginIntegration.Tests.PluginIntegrationProjectTests.PluginIntegrationProject_HasXmlDocsAndNonparallelCollection" computerName="PAYTON-LEGION2" duration="00:00:00.0384404" startTime="2026-08-22T03:27:19.0083526-05:00" endTime="2026-08-22T03:27:19.0632498-05:00" testType="13cdc9d9-ddb5-4fa4-a97d-d965ccfc6d4b" outcome="Passed" testListId="8c84fa94-04c1-424b-9868-57a2d4851a1d" relativeResultsDirectory="573b9d2d-184b-47d1-8dc2-a8381744b271" />
    <UnitTestResult executionId="380e948a-2a2a-48d2-b32c-864b97366128" testId="2434cb13-4114-67c3-47b5-5afa807d5854" testName="McpServer.PluginIntegration.Tests.PluginSessionLogWorkflowAdapterTests.Theory_EachScenario_FailsUntilAdapterOperational(hostKind: ClaudeCowork)" computerName="PAYTON-LEGION2" duration="00:00:19.6043726" startTime="2026-08-22T03:31:09.9117515-05:00" endTime="2026-08-22T03:31:29.5161825-05:00" testType="13cdc9d9-ddb5-4fa4-a97d-d965ccfc6d4b" outcome="Passed" testListId="8c84fa94-04c1-424b-9868-57a2d4851a1d" relativeResultsDirectory="380e948a-2a2a-48d2-b32c-864b97366128" />
    <UnitTestResult executionId="4c193b83-fe7d-4ef8-8a04-0aa21de7b872" testId="8d519d1b-4317-2b80-96aa-cfd6507428c8" testName="McpServer.PluginIntegration.Tests.PluginSessionLogWorkflowAdapterTests.Theory_Agent_PluginRootOverride_WritesOnlyWorkspaceMcpServerAgent_PoisonEmpty(hostKind: OpenCode)" computerName="PAYTON-LEGION2" duration="00:00:11.4407900" startTime="2026-08-22T03:34:42.7333042-05:00" endTime="2026-08-22T03:34:54.1744750-05:00" testType="13cdc9d9-ddb5-4fa4-a97d-d965ccfc6d4b" outcome="Passed" testListId="8c84fa94-04c1-424b-9868-57a2d4851a1d" relativeResultsDirectory="4c193b83-fe7d-4ef8-8a04-0aa21de7b872" />
    <UnitTestResult executionId="1342ba48-1ecb-40c7-9197-8b131e3bb70d" testId="6f70084d-3d86-bee3-a825-644e9f99bdbf" testName="McpServer.PluginIntegration.Tests.PluginSessionLogWorkflowAdapterTests.Theory_Agent_BootstrapBeginAppendComplete_CapturesIdsCacheShaReceipt(hostKind: Grok)" computerName="PAYTON-LEGION2" duration="00:00:12.9092963" startTime="2026-08-22T03:27:50.8424195-05:00" endTime="2026-08-22T03:28:03.7518350-05:00" testType="13cdc9d9-ddb5-4fa4-a97d-d965ccfc6d4b" outcome="Passed" testListId="8c84fa94-04c1-424b-9868-57a2d4851a1d" relativeResultsDirectory="1342ba48-1ecb-40c7-9197-8b131e3bb70d" />
    <UnitTestResult executionId="313a1c29-da48-4e6d-beb6-517bbd1b3aee" testId="4cb3617a-7c0b-7462-11a6-5ea43af3e32c" testName="McpServer.PluginIntegration.Tests.PluginSessionLogWorkflowAdapterTests.Theory_Agent_Success_NoPendingFailsafe(hostKind: Copilot)" computerName="PAYTON-LEGION2" duration="00:00:13.0761045" startTime="2026-08-22T03:39:15.8160004-05:00" endTime="2026-08-22T03:39:28.8921529-05:00" testType="13cdc9d9-ddb5-4fa4-a97d-d965ccfc6d4b" outcome="Passed" testListId="8c84fa94-04c1-424b-9868-57a2d4851a1d" relativeResultsDirectory="313a1c29-da48-4e6d-beb6-517bbd1b3aee" />
    <UnitTestResult executionId="6a74389b-beab-404e-ad79-f30cb34b287b" testId="06662370-12ba-46c0-6690-5c95f450e80f" testName="McpServer.PluginIntegration.Tests.PluginSessionLogAiTheoryTests.AiTheory_Agent_RequiresValidJsonFields(hostKind: ClaudeCode)" computerName="PAYTON-LEGION2" duration="00:00:00.0068741" startTime="2026-08-22T03:40:41.3828467-05:00" endTime="2026-08-22T03:40:41.3897639-05:00" testType="13cdc9d9-ddb5-4fa4-a97d-d965ccfc6d4b" outcome="Passed" testListId="8c84fa94-04c1-424b-9868-57a2d4851a1d" relativeResultsDirectory="6a74389b-beab-404e-ad79-f30cb34b287b" />
    <UnitTestResult executionId="38b57fb4-fa2c-4a00-a679-60387bcf9998" testId="03bda010-af59-fb35-5981-437a592246dd" testName="McpServer.PluginIntegration.Tests.PluginSessionLogWorkflowAdapterTests.Theory_Agent_Success_NoPendingFailsafe(hostKind: Codex)" computerName="PAYTON-LEGION2" duration="00:00:11.9768501" startTime="2026-08-22T03:39:43.4988577-05:00" endTime="2026-08-22T03:39:55.4757579-05:00" testType="13cdc9d9-ddb5-4fa4-a97d-d965ccfc6d4b" outcome="Passed" testListId="8c84fa94-04c1-424b-9868-57a2d4851a1d" relativeResultsDirectory="38b57fb4-fa2c-4a00-a679-60387bcf9998" />
    <UnitTestResult executionId="bfe41de2-42ee-4368-a8cc-7a30a66f6334" testId="5bb017ac-c90e-9a36-e020-70d7c3733126" testName="McpServer.PluginIntegration.Tests.PluginIntegrationServerFixtureTests.ServerFixture_StartupTimeout" computerName="PAYTON-LEGION2" duration="00:00:01.0939517" startTime="2026-08-22T03:41:19.7195664-05:00" endTime="2026-08-22T03:41:20.8135444-05:00" testType="13cdc9d9-ddb5-4fa4-a97d-d965ccfc6d4b" outcome="Passed" testListId="8c84fa94-04c1-424b-9868-57a2d4851a1d" relativeResultsDirectory="bfe41de2-42ee-4368-a8cc-7a30a66f6334" />
    <UnitTestResult executionId="bed868bd-2283-4401-86fd-3b0a03975e46" testId="c57d5192-3219-dc3c-87f5-441a19e23ec1" testName="McpServer.PluginIntegration.Tests.PluginSessionLogWorkflowAdapterTests.Theory_Agent_RetrySuccess_DeletesOnlyMatchingPending(hostKind: Codex)" computerName="PAYTON-LEGION2" duration="00:00:09.9311665" startTime="2026-08-22T03:29:19.7973808-05:00" endTime="2026-08-22T03:29:29.7285982-05:00" testType="13cdc9d9-ddb5-4fa4-a97d-d965ccfc6d4b" outcome="Passed" testListId="8c84fa94-04c1-424b-9868-57a2d4851a1d" relativeResultsDirectory="bed868bd-2283-4401-86fd-3b0a03975e46" />
    <UnitTestResult executionId="5022d615-fbe5-49e0-9692-8474f8fe8a16" testId="d5ed6bcc-b2a2-fa00-fe59-167759f6bb33" testName="McpServer.PluginIntegration.Tests.PluginIntegrationServerFixtureTests.ServerFixture_CreatesIsolatedTempWorkspaceAndDatabase" computerName="PAYTON-LEGION2" duration="00:00:14.2134395" startTime="2026-08-22T03:41:20.8147181-05:00" endTime="2026-08-22T03:41:35.0281908-05:00" testType="13cdc9d9-ddb5-4fa4-a97d-d965ccfc6d4b" outcome="Passed" testListId="8c84fa94-04c1-424b-9868-57a2d4851a1d" relativeResultsDirectory="5022d615-fbe5-49e0-9692-8474f8fe8a16" />
    <UnitTestResult executionId="0cb1b185-93b7-4cf4-9eb9-6a1505c63ae8" testId="1500790d-a7bc-734d-cbdc-80dbce68facc" testName="McpServer.PluginIntegration.Tests.PluginSessionLogWorkflowAdapterTests.Theory_Agent_Success_NoPendingFailsafe(hostKind: Grok)" computerName="PAYTON-LEGION2" duration="00:00:14.6015824" startTime="2026-08-22T03:39:28.8947498-05:00" endTime="2026-08-22T03:39:43.4963834-05:00" testType="13cdc9d9-ddb5-4fa4-a97d-d965ccfc6d4b" outcome="Passed" testListId="8c84fa94-04c1-424b-9868-57a2d4851a1d" relativeResultsDirectory="0cb1b185-93b7-4cf4-9eb9-6a1505c63ae8" />
    <UnitTestResult executionId="77648c32-087a-44e2-9057-b1f0f88efe3e" testId="b2c8eee1-8318-c99d-f5f3-3c0b9908f8fd" testName="McpServer.PluginIntegration.Tests.PluginSessionLogWorkflowAdapterTests.Theory_Agent_FailedSubmit_RetainsRootIdPending(hostKind: ClaudeCowork)" computerName="PAYTON-LEGION2" duration="00:00:09.9984973" startTime="2026-08-22T03:38:20.6689377-05:00" endTime="2026-08-22T03:38:30.6674836-05:00" testType="13cdc9d9-ddb5-4fa4-a97d-d965ccfc6d4b" outcome="Passed" testListId="8c84fa94-04c1-424b-9868-57a2d4851a1d" relativeResultsDirectory="77648c32-087a-44e2-9057-b1f0f88efe3e" />
    <UnitTestResult executionId="ab3254b0-1745-4d9b-ab6a-1a1da753a934" testId="663eb62c-25be-b0f8-01d8-8c928bf4eff4" testName="McpServer.PluginIntegration.Tests.PluginSessionLogWorkflowAdapterTests.Theory_Agent_ServerQuery_SourceTypeIdsActionDialogCompletedWorkspace(hostKind: Copilot)" computerName="PAYTON-LEGION2" duration="00:00:12.6412587" startTime="2026-08-22T03:35:49.1080785-05:00" endTime="2026-08-22T03:36:01.7493808-05:00" testType="13cdc9d9-ddb5-4fa4-a97d-d965ccfc6d4b" outcome="Passed" testListId="8c84fa94-04c1-424b-9868-57a2d4851a1d" relativeResultsDirectory="ab3254b0-1745-4d9b-ab6a-1a1da753a934" />
    <UnitTestResult executionId="023ca9a5-c276-4009-ae3b-c6451b5907fa" testId="bce7a136-1b73-dc76-b617-9ce748826cf1" testName="McpServer.PluginIntegration.Tests.PluginSessionLogWorkflowAdapterTests.Theory_Agent_PluginRootOverride_WritesOnlyWorkspaceMcpServerAgent_PoisonEmpty(hostKind: Grok)" computerName="PAYTON-LEGION2" duration="00:00:14.4870169" startTime="2026-08-22T03:34:14.3655550-05:00" endTime="2026-08-22T03:34:28.8526388-05:00" testType="13cdc9d9-ddb5-4fa4-a97d-d965ccfc6d4b" outcome="Passed" testListId="8c84fa94-04c1-424b-9868-57a2d4851a1d" relativeResultsDirectory="023ca9a5-c276-4009-ae3b-c6451b5907fa" />
    <UnitTestResult executionId="40188921-9bb1-40e8-8fa7-98e7b7f960c6" testId="38fffb94-972f-1cb7-275d-1279768e32e3" testName="McpServer.PluginIntegration.Tests.PluginSessionLogWorkflowAdapterTests.Theory_Agent_FailedSubmit_RetainsRootIdPending(hostKind: Grok)" computerName="PAYTON-LEGION2" duration="00:00:09.1516657" startTime="2026-08-22T03:37:36.7180164-05:00" endTime="2026-08-22T03:37:45.8697187-05:00" testType="13cdc9d9-ddb5-4fa4-a97d-d965ccfc6d4b" outcome="Passed" testListId="8c84fa94-04c1-424b-9868-57a2d4851a1d" relativeResultsDirectory="40188921-9bb1-40e8-8fa7-98e7b7f960c6" />
    <UnitTestResult executionId="774026b4-2c9f-4cc3-ba58-dba597599aab" testId="10e57566-829a-b4ad-f03a-530076be589d" testName="McpServer.PluginIntegration.Tests.PluginSessionLogWorkflowAdapterTests.Theory_EachScenario_FailsUntilAdapterOperational(hostKind: OpenCode)" computerName="PAYTON-LEGION2" duration="00:00:22.0205203" startTime="2026-08-22T03:32:27.1721832-05:00" endTime="2026-08-22T03:32:49.1927794-05:00" testType="13cdc9d9-ddb5-4fa4-a97d-d965ccfc6d4b" outcome="Passed" testListId="8c84fa94-04c1-424b-9868-57a2d4851a1d" relativeResultsDirectory="774026b4-2c9f-4cc3-ba58-dba597599aab" />
    <UnitTestResult executionId="47374295-2e5a-458d-82b1-0415e5c29a51" testId="a3f7179d-224f-f712-0505-53bcb1b39b2d" testName="McpServer.PluginIntegration.Tests.PluginSessionLogAiTheoryTests.AiTheory_RejectsInvalidJson_DoesNotOverrideDeterministicFailure" computerName="PAYTON-LEGION2" duration="00:00:00.0095297" startTime="2026-08-22T03:40:41.3995558-05:00" endTime="2026-08-22T03:40:41.4091339-05:00" testType="13cdc9d9-ddb5-4fa4-a97d-d965ccfc6d4b" outcome="Passed" testListId="8c84fa94-04c1-424b-9868-57a2d4851a1d" relativeResultsDirectory="47374295-2e5a-458d-82b1-0415e5c29a51" />
    <UnitTestResult executionId="66b97b23-36a2-4e33-8c0f-3322840c844b" testId="37b23830-eb36-269d-32da-331714bb6f30" testName="McpServer.PluginIntegration.Tests.PluginHostProcessAdapterTests.Adapter_ClineV2AndOpenCode_UseProductionExport(hostKind: OpenCode)" computerName="PAYTON-LEGION2" duration="00:00:00.0011275" startTime="2026-08-22T03:40:41.3805946-05:00" endTime="2026-08-22T03:40:41.3817573-05:00" testType="13cdc9d9-ddb5-4fa4-a97d-d965ccfc6d4b" outcome="Passed" testListId="8c84fa94-04c1-424b-9868-57a2d4851a1d" relativeResultsDirectory="66b97b23-36a2-4e33-8c0f-3322840c844b" />
    <UnitTestResult executionId="3f451186-4e77-45d2-9c1d-ced4f950341d" testId="4448b930-7016-8e44-d610-2a4ce98b9d3e" testName="McpServer.PluginIntegration.Tests.PluginSessionLogWorkflowAdapterTests.Theory_Agent_RetrySuccess_DeletesOnlyMatchingPending(hostKind: OpenCode)" computerName="PAYTON-LEGION2" duration="00:00:09.5081997" startTime="2026-08-22T03:30:11.9168451-05:00" endTime="2026-08-22T03:30:21.4250880-05:00" testType="13cdc9d9-ddb5-4fa4-a97d-d965ccfc6d4b" outcome="Passed" testListId="8c84fa94-04c1-424b-9868-57a2d4851a1d" relativeResultsDirectory="3f451186-4e77-45d2-9c1d-ced4f950341d" />
    <UnitTestResult executionId="16f25a1f-a397-4f02-8df8-d7605bfc3596" testId="18ccb483-1f78-78f6-7f04-eea105e6f2fc" testName="McpServer.PluginIntegration.Tests.PluginSessionLogWorkflowAdapterTests.Theory_Agent_BootstrapBeginAppendComplete_CapturesIdsCacheShaReceipt(hostKind: ClaudeCowork)" computerName="PAYTON-LEGION2" duration="00:00:11.1021632" startTime="2026-08-22T03:28:15.2815401-05:00" endTime="2026-08-22T03:28:26.3837767-05:00" testType="13cdc9d9-ddb5-4fa4-a97d-d965ccfc6d4b" outcome="Passed" testListId="8c84fa94-04c1-424b-9868-57a2d4851a1d" relativeResultsDirectory="16f25a1f-a397-4f02-8df8-d7605bfc3596" />
    <UnitTestResult executionId="29fad0b3-ab44-4162-97da-543626004428" testId="265fe7d5-199c-252c-9b99-bb83b61fc682" testName="McpServer.PluginIntegration.Tests.PluginSessionLogWorkflowAdapterTests.Theory_Agent_RetrySuccess_DeletesOnlyMatchingPending(hostKind: Cline)" computerName="PAYTON-LEGION2" duration="00:00:10.2794481" startTime="2026-08-22T03:29:29.7297908-05:00" endTime="2026-08-22T03:29:40.0092863-05:00" testType="13cdc9d9-ddb5-4fa4-a97d-d965ccfc6d4b" outcome="Passed" testListId="8c84fa94-04c1-424b-9868-57a2d4851a1d" relativeResultsDirectory="29fad0b3-ab44-4162-97da-543626004428" />
    <UnitTestResult executionId="24b32628-43de-441c-bd12-d9932ec83733" testId="254600ae-2363-cbfd-4f9e-2274b0094e25" testName="McpServer.PluginIntegration.Tests.PluginSessionLogWorkflowAdapterTests.Theory_Agent_FailedSubmit_RetainsRootIdPending(hostKind: OpenCode)" computerName="PAYTON-LEGION2" duration="00:00:10.0255821" startTime="2026-08-22T03:37:26.6908240-05:00" endTime="2026-08-22T03:37:36.7164486-05:00" testType="13cdc9d9-ddb5-4fa4-a97d-d965ccfc6d4b" outcome="Passed" testListId="8c84fa94-04c1-424b-9868-57a2d4851a1d" relativeResultsDirectory="24b32628-43de-441c-bd12-d9932ec83733" />
    <UnitTestResult executionId="0c512c68-edaf-42fe-9957-a0c60c121431" testId="91171a61-fbe7-6209-e765-3b53652e89a8" testName="McpServer.PluginIntegration.Tests.PluginSessionLogWorkflowAdapterTests.Theory_Agent_ServerQuery_SourceTypeIdsActionDialogCompletedWorkspace(hostKind: Grok)" computerName="PAYTON-LEGION2" duration="00:00:13.0838201" startTime="2026-08-22T03:36:01.7522652-05:00" endTime="2026-08-22T03:36:14.8361384-05:00" testType="13cdc9d9-ddb5-4fa4-a97d-d965ccfc6d4b" outcome="Passed" testListId="8c84fa94-04c1-424b-9868-57a2d4851a1d" relativeResultsDirectory="0c512c68-edaf-42fe-9957-a0c60c121431" />
    <UnitTestResult executionId="1c4519a7-20b8-4710-90fb-11cc725167e1" testId="cdf796ed-bc6b-71ea-3f00-7a7f97e87e29" testName="McpServer.PluginIntegration.Tests.PluginHostProcessAdapterTests.Adapter_CapturesExecutableArgsStdinEnvCwdTimeoutExitStdoutStderr(hostKind: Codex)" computerName="PAYTON-LEGION2" duration="00:00:00.0007743" startTime="2026-08-22T03:40:41.3533585-05:00" endTime="2026-08-22T03:40:41.3541654-05:00" testType="13cdc9d9-ddb5-4fa4-a97d-d965ccfc6d4b" outcome="Passed" testListId="8c84fa94-04c1-424b-9868-57a2d4851a1d" relativeResultsDirectory="1c4519a7-20b8-4710-90fb-11cc725167e1" />
    <UnitTestResult executionId="6439cced-ce86-4d08-b5c9-ff7a27307c6f" testId="1d3018cc-1e56-c46f-4ae1-0f9d140a2ad2" testName="McpServer.PluginIntegration.Tests.PluginSessionLogWorkflowAdapterTests.Theory_Agent_Success_NoPendingFailsafe(hostKind: ClineV2)" computerName="PAYTON-LEGION2" duration="00:00:15.0747335" startTime="2026-08-22T03:39:00.7389606-05:00" endTime="2026-08-22T03:39:15.8137441-05:00" testType="13cdc9d9-ddb5-4fa4-a97d-d965ccfc6d4b" outcome="Passed" testListId="8c84fa94-04c1-424b-9868-57a2d4851a1d" relativeResultsDirectory="6439cced-ce86-4d08-b5c9-ff7a27307c6f" />
    <UnitTestResult executionId="b5a57912-1175-4d44-b4aa-d47532d0494a" testId="6edf857f-c350-109d-e751-78f29179f4c4" testName="McpServer.PluginIntegration.Tests.PluginSessionLogCatalogTests.Catalog_RequiredEntrypointFilesExist" computerName="PAYTON-LEGION2" duration="00:00:00.0025861" startTime="2026-08-22T03:27:19.1492601-05:00" endTime="2026-08-22T03:27:19.1519305-05:00" testType="13cdc9d9-ddb5-4fa4-a97d-d965ccfc6d4b" outcome="Passed" testListId="8c84fa94-04c1-424b-9868-57a2d4851a1d" relativeResultsDirectory="b5a57912-1175-4d44-b4aa-d47532d0494a" />
    <UnitTestResult executionId="da767057-c940-4401-beea-e186fe1502ee" testId="64236d8c-30da-f5d7-d65c-2828f39b38f4" testName="McpServer.PluginIntegration.Tests.PluginSessionLogWorkflowAdapterTests.Theory_Agent_RetrySuccess_DeletesOnlyMatchingPending(hostKind: Grok)" computerName="PAYTON-LEGION2" duration="00:00:10.6587495" startTime="2026-08-22T03:30:33.3262654-05:00" endTime="2026-08-22T03:30:43.9850976-05:00" testType="13cdc9d9-ddb5-4fa4-a97d-d965ccfc6d4b" outcome="Passed" testListId="8c84fa94-04c1-424b-9868-57a2d4851a1d" relativeResultsDirectory="da767057-c940-4401-beea-e186fe1502ee" />
    <UnitTestResult executionId="1fa65e51-58e5-49e6-8b89-6fb03b7c6b75" testId="224c61fa-26aa-dc32-028d-4941cee3e1b4" testName="McpServer.PluginIntegration.Tests.PluginSessionLogWorkflowAdapterTests.Theory_Agent_RetrySuccess_DeletesOnlyMatchingPending(hostKind: ClaudeCowork)" computerName="PAYTON-LEGION2" duration="00:00:10.1636507" startTime="2026-08-22T03:29:50.4213295-05:00" endTime="2026-08-22T03:30:00.5850346-05:00" testType="13cdc9d9-ddb5-4fa4-a97d-d965ccfc6d4b" outcome="Passed" testListId="8c84fa94-04c1-424b-9868-57a2d4851a1d" relativeResultsDirectory="1fa65e51-58e5-49e6-8b89-6fb03b7c6b75" />
    <UnitTestResult executionId="60916c02-0c40-4237-8bd9-b865afc394fb" testId="3dd847b5-7101-a387-584f-a447c0078512" testName="McpServer.PluginIntegration.Tests.PluginSessionLogAiTheoryTests.AiTheory_Agent_RequiresValidJsonFields(hostKind: OpenCode)" computerName="PAYTON-LEGION2" duration="00:00:00.0008447" startTime="2026-08-22T03:40:41.3937069-05:00" endTime="2026-08-22T03:40:41.3945960-05:00" testType="13cdc9d9-ddb5-4fa4-a97d-d965ccfc6d4b" outcome="Passed" testListId="8c84fa94-04c1-424b-9868-57a2d4851a1d" relativeResultsDirectory="60916c02-0c40-4237-8bd9-b865afc394fb" />
    <UnitTestResult executionId="3140d50f-1128-4c8f-a3f7-5d947210b807" testId="92498341-6556-0681-f973-fb0ee9e18d9d" testName="McpServer.PluginIntegration.Tests.PluginSessionLogWorkflowAdapterTests.Theory_EachScenario_FailsUntilAdapterOperational(hostKind: ClaudeCode)" computerName="PAYTON-LEGION2" duration="00:00:14.5007489" startTime="2026-08-22T03:31:29.5192785-05:00" endTime="2026-08-22T03:31:44.0200856-05:00" testType="13cdc9d9-ddb5-4fa4-a97d-d965ccfc6d4b" outcome="Passed" testListId="8c84fa94-04c1-424b-9868-57a2d4851a1d" relativeResultsDirectory="3140d50f-1128-4c8f-a3f7-5d947210b807" />
    <UnitTestResult executionId="94772f68-a8bf-4c0d-8790-f9ffbcf3eb4b" testId="3f1f706f-8607-0903-ba67-2e1e67ae1d37" testName="McpServer.PluginIntegration.Tests.PluginHostProcessAdapterTests.Adapter_CodexAndPowerShellHook_UseDeclaredEntrypoint(hostKind: Codex)" computerName="PAYTON-LEGION2" duration="00:00:00.0006779" startTime="2026-08-22T03:40:41.3727024-05:00" endTime="2026-08-22T03:40:41.3743824-05:00" testType="13cdc9d9-ddb5-4fa4-a97d-d965ccfc6d4b" outcome="Passed" testListId="8c84fa94-04c1-424b-9868-57a2d4851a1d" relativeResultsDirectory="94772f68-a8bf-4c0d-8790-f9ffbcf3eb4b" />
    <UnitTestResult executionId="6fc8606d-ad6e-4a45-92a5-836ac4600a2d" testId="ae2bf262-f21f-0526-2e66-2c346e05493f" testName="McpServer.PluginIntegration.Tests.PluginSessionLogWorkflowAdapterTests.Theory_Agent_Success_NoPendingFailsafe(hostKind: ClaudeCode)" computerName="PAYTON-LEGION2" duration="00:00:16.3802329" startTime="2026-08-22T03:38:44.3564838-05:00" endTime="2026-08-22T03:39:00.7367643-05:00" testType="13cdc9d9-ddb5-4fa4-a97d-d965ccfc6d4b" outcome="Passed" testListId="8c84fa94-04c1-424b-9868-57a2d4851a1d" relativeResultsDirectory="6fc8606d-ad6e-4a45-92a5-836ac4600a2d" />
    <UnitTestResult executionId="2d5a3f71-16e3-4206-91d4-fa6eec8e717b" testId="a6213a20-b401-20f3-7b2f-1044dcf1bcfe" testName="McpServer.PluginIntegration.Tests.PluginSessionLogCatalogTests.Catalog_SupportedHostKinds" computerName="PAYTON-LEGION2" duration="00:00:00.0642266" startTime="2026-08-22T03:27:19.0814265-05:00" endTime="2026-08-22T03:27:19.1457966-05:00" testType="13cdc9d9-ddb5-4fa4-a97d-d965ccfc6d4b" outcome="Passed" testListId="8c84fa94-04c1-424b-9868-57a2d4851a1d" relativeResultsDirectory="2d5a3f71-16e3-4206-91d4-fa6eec8e717b" />
    <UnitTestResult executionId="420f9781-3f57-4023-bd85-5c986722b0a5" testId="92211078-7eae-0ad3-1257-373a2bacdbc3" testName="McpServer.PluginIntegration.Tests.PluginSessionLogWorkflowAdapterTests.Theory_Agent_PluginRootOverride_WritesOnlyWorkspaceMcpServerAgent_PoisonEmpty(hostKind: ClineV2)" computerName="PAYTON-LEGION2" duration="00:00:15.2632241" startTime="2026-08-22T03:35:07.6679943-05:00" endTime="2026-08-22T03:35:22.9312683-05:00" testType="13cdc9d9-ddb5-4fa4-a97d-d965ccfc6d4b" outcome="Passed" testListId="8c84fa94-04c1-424b-9868-57a2d4851a1d" relativeResultsDirectory="420f9781-3f57-4023-bd85-5c986722b0a5" />
    <UnitTestResult executionId="cd256893-dbe1-4ad8-b492-0080b5bfb39c" testId="56713129-977e-f223-892f-ff8298e04f84" testName="McpServer.PluginIntegration.Tests.PluginSessionLogWorkflowAdapterTests.Theory_Agent_PluginRootOverride_WritesOnlyWorkspaceMcpServerAgent_PoisonEmpty(hostKind: Copilot)" computerName="PAYTON-LEGION2" duration="00:00:14.5351990" startTime="2026-08-22T03:33:13.2142196-05:00" endTime="2026-08-22T03:33:27.7494665-05:00" testType="13cdc9d9-ddb5-4fa4-a97d-d965ccfc6d4b" outcome="Passed" testListId="8c84fa94-04c1-424b-9868-57a2d4851a1d" relativeResultsDirectory="cd256893-dbe1-4ad8-b492-0080b5bfb39c" />
    <UnitTestResult executionId="1448f76e-f6db-42c1-8a04-5abb3e65b1a5" testId="71d44d28-4839-6bff-13df-574b04f76a59" testName="McpServer.PluginIntegration.Tests.PluginSessionLogWorkflowAdapterTests.Theory_EachScenario_FailsUntilAdapterOperational(hostKind: Cline)" computerName="PAYTON-LEGION2" duration="00:00:27.4709376" startTime="2026-08-22T03:31:59.6468072-05:00" endTime="2026-08-22T03:32:27.1178222-05:00" testType="13cdc9d9-ddb5-4fa4-a97d-d965ccfc6d4b" outcome="Passed" testListId="8c84fa94-04c1-424b-9868-57a2d4851a1d" relativeResultsDirectory="1448f76e-f6db-42c1-8a04-5abb3e65b1a5" />
    <UnitTestResult executionId="66c4145e-e101-4768-a07a-f640203bbcb8" testId="dfe07778-974c-5237-57e7-e166dc24d5be" testName="McpServer.PluginIntegration.Tests.PluginSessionLogWorkflowAdapterTests.Theory_Agent_BootstrapBeginAppendComplete_CapturesIdsCacheShaReceipt(hostKind: Copilot)" computerName="PAYTON-LEGION2" duration="00:00:18.3553627" startTime="2026-08-22T03:29:01.4365403-05:00" endTime="2026-08-22T03:29:19.7919856-05:00" testType="13cdc9d9-ddb5-4fa4-a97d-d965ccfc6d4b" outcome="Passed" testListId="8c84fa94-04c1-424b-9868-57a2d4851a1d" relativeResultsDirectory="66c4145e-e101-4768-a07a-f640203bbcb8" />
    <UnitTestResult executionId="073551e3-5902-480c-a0ef-6298b0cffc2e" testId="6366963e-8717-87a6-f440-2130aa9fc9dc" testName="McpServer.PluginIntegration.Tests.PluginSessionLogWorkflowAdapterTests.Theory_Agent_PluginRootOverride_WritesOnlyWorkspaceMcpServerAgent_PoisonEmpty(hostKind: ClaudeCowork)" computerName="PAYTON-LEGION2" duration="00:00:13.8760072" startTime="2026-08-22T03:34:28.8542762-05:00" endTime="2026-08-22T03:34:42.7303495-05:00" testType="13cdc9d9-ddb5-4fa4-a97d-d965ccfc6d4b" outcome="Passed" testListId="8c84fa94-04c1-424b-9868-57a2d4851a1d" relativeResultsDirectory="073551e3-5902-480c-a0ef-6298b0cffc2e" />
    <UnitTestResult executionId="733f5a97-efa5-49da-bed9-77350642a843" testId="d866ee6a-ddb8-9e68-69f3-feafaa9032a9" testName="McpServer.PluginIntegration.Tests.PluginSessionLogAiTheoryTests.AiTheory_Agent_RequiresValidJsonFields(hostKind: Grok)" computerName="PAYTON-LEGION2" duration="00:00:00.0006176" startTime="2026-08-22T03:40:41.3985489-05:00" endTime="2026-08-22T03:40:41.3991933-05:00" testType="13cdc9d9-ddb5-4fa4-a97d-d965ccfc6d4b" outcome="Passed" testListId="8c84fa94-04c1-424b-9868-57a2d4851a1d" relativeResultsDirectory="733f5a97-efa5-49da-bed9-77350642a843" />
    <UnitTestResult executionId="48650a01-dec8-4b0b-80b3-f252c935c191" testId="c2db256a-e7c9-78d2-d025-8768c4c06997" testName="McpServer.PluginIntegration.Tests.PluginHostProcessAdapterTests.Adapter_CapturesExecutableArgsStdinEnvCwdTimeoutExitStdoutStderr(hostKind: Cline)" computerName="PAYTON-LEGION2" duration="00:00:00.0006539" startTime="2026-08-22T03:40:41.3393386-05:00" endTime="2026-08-22T03:40:41.3400450-05:00" testType="13cdc9d9-ddb5-4fa4-a97d-d965ccfc6d4b" outcome="Passed" testListId="8c84fa94-04c1-424b-9868-57a2d4851a1d" relativeResultsDirectory="48650a01-dec8-4b0b-80b3-f252c935c191" />
    <UnitTestResult executionId="7492e5a0-7c43-42dd-b1c5-0f2dfb7d34fb" testId="252a30d6-4d8d-1fd5-e2fb-58fe95d92228" testName="McpServer.PluginIntegration.Tests.PluginSessionLogWorkflowAdapterTests.Theory_Agent_PluginRootOverride_WritesOnlyWorkspaceMcpServerAgent_PoisonEmpty(hostKind: Cline)" computerName="PAYTON-LEGION2" duration="00:00:18.8672125" startTime="2026-08-22T03:33:27.7523224-05:00" endTime="2026-08-22T03:33:46.6196019-05:00" testType="13cdc9d9-ddb5-4fa4-a97d-d965ccfc6d4b" outcome="Passed" testListId="8c84fa94-04c1-424b-9868-57a2d4851a1d" relativeResultsDirectory="7492e5a0-7c43-42dd-b1c5-0f2dfb7d34fb" />
    <UnitTestResult executionId="60d39e78-8e12-4ce2-b359-98ed9edf5c65" testId="9f044f5f-c5bb-dc12-8d47-5af1a8dd1680" testName="McpServer.PluginIntegration.Tests.PluginSessionLogWorkflowAdapterTests.Theory_Agent_BootstrapBeginAppendComplete_CapturesIdsCacheShaReceipt(hostKind: Cline)" computerName="PAYTON-LEGION2" duration="00:00:21.3364094" startTime="2026-08-22T03:28:40.0975970-05:00" endTime="2026-08-22T03:29:01.4341130-05:00" testType="13cdc9d9-ddb5-4fa4-a97d-d965ccfc6d4b" outcome="Passed" testListId="8c84fa94-04c1-424b-9868-57a2d4851a1d" relativeResultsDirectory="60d39e78-8e12-4ce2-b359-98ed9edf5c65" />
    <UnitTestResult executionId="436d0e43-8d82-46e6-a920-62ee6b37d6be" testId="93bddd0a-6593-1efb-c454-577812c2cc12" testName="McpServer.PluginIntegration.Tests.PluginSessionLogCatalogTests.Catalog_RepositoryRootsExist" computerName="PAYTON-LEGION2" duration="00:00:00.0019895" startTime="2026-08-22T03:27:19.1465759-05:00" endTime="2026-08-22T03:27:19.1486222-05:00" testType="13cdc9d9-ddb5-4fa4-a97d-d965ccfc6d4b" outcome="Passed" testListId="8c84fa94-04c1-424b-9868-57a2d4851a1d" relativeResultsDirectory="436d0e43-8d82-46e6-a920-62ee6b37d6be" />
    <UnitTestResult executionId="8507b413-97e5-4fa7-ab8e-fbf43fd73e40" testId="d42781b5-1df1-2439-9cae-15996a584dc2" testName="McpServer.PluginIntegration.Tests.PluginSessionLogWorkflowAdapterTests.Theory_EachScenario_FailsUntilAdapterOperational(hostKind: ClineV2)" computerName="PAYTON-LEGION2" duration="00:00:13.4631597" startTime="2026-08-22T03:30:56.4460308-05:00" endTime="2026-08-22T03:31:09.9092369-05:00" testType="13cdc9d9-ddb5-4fa4-a97d-d965ccfc6d4b" outcome="Passed" testListId="8c84fa94-04c1-424b-9868-57a2d4851a1d" relativeResultsDirectory="8507b413-97e5-4fa7-ab8e-fbf43fd73e40" />
    <UnitTestResult executionId="5ed5d46d-ef66-4fa9-b17c-a8a194aab8c3" testId="7ac3eb7d-db64-9b1e-5e55-d56d29d72896" testName="McpServer.PluginIntegration.Tests.PluginSessionLogWorkflowAdapterTests.Theory_Agent_ServerQuery_SourceTypeIdsActionDialogCompletedWorkspace(hostKind: ClaudeCowork)" computerName="PAYTON-LEGION2" duration="00:00:12.4942408" startTime="2026-08-22T03:36:53.4233728-05:00" endTime="2026-08-22T03:37:05.9176610-05:00" testType="13cdc9d9-ddb5-4fa4-a97d-d965ccfc6d4b" outcome="Passed" testListId="8c84fa94-04c1-424b-9868-57a2d4851a1d" relativeResultsDirectory="5ed5d46d-ef66-4fa9-b17c-a8a194aab8c3" />
    <UnitTestResult executionId="8f03a33b-06e5-49c6-bbbf-5daa0bd6ca1f" testId="2e8fd848-d1c0-5afc-6f97-94242fd6a63d" testName="McpServer.PluginIntegration.Tests.PluginHostProcessAdapterTests.Adapter_CodexAndPowerShellHook_UseDeclaredEntrypoint(hostKind: ClaudeCowork)" computerName="PAYTON-LEGION2" duration="00:00:00.0021433" startTime="2026-08-22T03:40:41.3690655-05:00" endTime="2026-08-22T03:40:41.3712426-05:00" testType="13cdc9d9-ddb5-4fa4-a97d-d965ccfc6d4b" outcome="Passed" testListId="8c84fa94-04c1-424b-9868-57a2d4851a1d" relativeResultsDirectory="8f03a33b-06e5-49c6-bbbf-5daa0bd6ca1f" />
    <UnitTestResult executionId="249ceb24-7904-4474-8987-cf513ffd7044" testId="251af5dc-c0ce-962e-862d-f35a4bf496d9" testName="McpServer.PluginIntegration.Tests.PluginSessionLogWorkflowAdapterTests.Theory_Agent_FailedSubmit_RetainsRootIdPending(hostKind: ClineV2)" computerName="PAYTON-LEGION2" duration="00:00:09.1792681" startTime="2026-08-22T03:37:45.8715713-05:00" endTime="2026-08-22T03:37:55.0508862-05:00" testType="13cdc9d9-ddb5-4fa4-a97d-d965ccfc6d4b" outcome="Passed" testListId="8c84fa94-04c1-424b-9868-57a2d4851a1d" relativeResultsDirectory="249ceb24-7904-4474-8987-cf513ffd7044" />
    <UnitTestResult executionId="03ac7391-e530-42d4-b414-2192819df0ae" testId="56b59e08-03c0-bb46-07ea-9da73ded649c" testName="McpServer.PluginIntegration.Tests.PluginSessionLogWorkflowAdapterTests.Theory_Agent_RetrySuccess_DeletesOnlyMatchingPending(hostKind: Copilot)" computerName="PAYTON-LEGION2" duration="00:00:10.4058391" startTime="2026-08-22T03:29:40.0132022-05:00" endTime="2026-08-22T03:29:50.4191110-05:00" testType="13cdc9d9-ddb5-4fa4-a97d-d965ccfc6d4b" outcome="Passed" testListId="8c84fa94-04c1-424b-9868-57a2d4851a1d" relativeResultsDirectory="03ac7391-e530-42d4-b414-2192819df0ae" />
    <UnitTestResult executionId="31d5b395-c3ca-4b6e-90d9-0d3545da261a" testId="c4c58014-3ecf-f48a-089a-d2f96e5fc65c" testName="McpServer.PluginIntegration.Tests.PluginSessionLogWorkflowAdapterTests.Theory_Agent_ServerQuery_SourceTypeIdsActionDialogCompletedWorkspace(hostKind: Codex)" computerName="PAYTON-LEGION2" duration="00:00:14.0951199" startTime="2026-08-22T03:35:22.9337942-05:00" endTime="2026-08-22T03:35:37.0289544-05:00" testType="13cdc9d9-ddb5-4fa4-a97d-d965ccfc6d4b" outcome="Passed" testListId="8c84fa94-04c1-424b-9868-57a2d4851a1d" relativeResultsDirectory="31d5b395-c3ca-4b6e-90d9-0d3545da261a" />
    <UnitTestResult executionId="c88637c3-b112-4990-86af-93f748d75f37" testId="33523881-f2db-c47e-d853-f3dbb49d03b4" testName="McpServer.PluginIntegration.Tests.PluginSessionLogAiTheoryTests.AiTheory_Agent_RequiresValidJsonFields(hostKind: Copilot)" computerName="PAYTON-LEGION2" duration="00:00:00.0006951" startTime="2026-08-22T03:40:41.3949535-05:00" endTime="2026-08-22T03:40:41.3956726-05:00" testType="13cdc9d9-ddb5-4fa4-a97d-d965ccfc6d4b" outcome="Passed" testListId="8c84fa94-04c1-424b-9868-57a2d4851a1d" relativeResultsDirectory="c88637c3-b112-4990-86af-93f748d75f37" />
    <UnitTestResult executionId="028b84fb-8570-4a99-b2e8-e81ac87c2890" testId="cb237dfd-b286-873e-43f2-0c17c4064f6d" testName="McpServer.PluginIntegration.Tests.PluginSessionLogWorkflowAdapterTests.Theory_Agent_PluginRootOverride_WritesOnlyWorkspaceMcpServerAgent_PoisonEmpty(hostKind: Codex)" computerName="PAYTON-LEGION2" duration="00:00:13.4890599" startTime="2026-08-22T03:34:54.1763962-05:00" endTime="2026-08-22T03:35:07.6655458-05:00" testType="13cdc9d9-ddb5-4fa4-a97d-d965ccfc6d4b" outcome="Passed" testListId="8c84fa94-04c1-424b-9868-57a2d4851a1d" relativeResultsDirectory="028b84fb-8570-4a99-b2e8-e81ac87c2890" />
    <UnitTestResult executionId="78ff2cf8-5a0a-49a7-8737-ba07d50197e1" testId="061edfb7-c3c6-f1a1-0845-c2096f025174" testName="McpServer.PluginIntegration.Tests.PluginSessionLogWorkflowAdapterTests.Theory_Agent_FailedSubmit_RetainsRootIdPending(hostKind: Codex)" computerName="PAYTON-LEGION2" duration="00:00:13.6824348" startTime="2026-08-22T03:38:30.6697941-05:00" endTime="2026-08-22T03:38:44.3522764-05:00" testType="13cdc9d9-ddb5-4fa4-a97d-d965ccfc6d4b" outcome="Passed" testListId="8c84fa94-04c1-424b-9868-57a2d4851a1d" relativeResultsDirectory="78ff2cf8-5a0a-49a7-8737-ba07d50197e1" />
  </Results>
  <TestDefinitions>
    <UnitTest name="McpServer.PluginIntegration.Tests.PluginSessionLogWorkflowAdapterTests.Theory_EachScenario_FailsUntilAdapterOperational(hostKind: Cline)" storage="f:\github\mcpserver\tests\mcpserver.pluginintegration.tests\bin\debug\net10.0\mcpserver.pluginintegration.tests.dll" id="71d44d28-4839-6bff-13df-574b04f76a59">
      <Execution id="1448f76e-f6db-42c1-8a04-5abb3e65b1a5" />
      <TestMethod codeBase="F:\GitHub\McpServer\tests\McpServer.PluginIntegration.Tests\bin\Debug\net10.0\McpServer.PluginIntegration.Tests.dll" adapterTypeName="executor://xunit/VsTestRunner3/netcore/" className="McpServer.PluginIntegration.Tests.PluginSessionLogWorkflowAdapterTests" name="Theory_EachScenario_FailsUntilAdapterOperational" />
    </UnitTest>
    <UnitTest name="McpServer.PluginIntegration.Tests.PluginSessionLogWorkflowAdapterTests.Theory_Agent_FailedSubmit_RetainsRootIdPending(hostKind: ClaudeCode)" storage="f:\github\mcpserver\tests\mcpserver.pluginintegration.tests\bin\debug\net10.0\mcpserver.pluginintegration.tests.dll" id="c0c07ad3-27db-f94f-d446-642da990a085">
      <Execution id="998d0f52-c0e5-4f7f-b638-f5a5d3675305" />
      <TestMethod codeBase="F:\GitHub\McpServer\tests\McpServer.PluginIntegration.Tests\bin\Debug\net10.0\McpServer.PluginIntegration.Tests.dll" adapterTypeName="executor://xunit/VsTestRunner3/netcore/" className="McpServer.PluginIntegration.Tests.PluginSessionLogWorkflowAdapterTests" name="Theory_Agent_FailedSubmit_RetainsRootIdPending" />
    </UnitTest>
    <UnitTest name="McpServer.PluginIntegration.Tests.PluginSessionLogWorkflowAdapterTests.Theory_Agent_BootstrapBeginAppendComplete_CapturesIdsCacheShaReceipt(hostKind: ClaudeCode)" storage="f:\github\mcpserver\tests\mcpserver.pluginintegration.tests\bin\debug\net10.0\mcpserver.pluginintegration.tests.dll" id="62e00820-0b4c-838e-9956-7938170992fc">
      <Execution id="d1874472-6436-41dd-88a4-36c20c496eb2" />
      <TestMethod codeBase="F:\GitHub\McpServer\tests\McpServer.PluginIntegration.Tests\bin\Debug\net10.0\McpServer.PluginIntegration.Tests.dll" adapterTypeName="executor://xunit/VsTestRunner3/netcore/" className="McpServer.PluginIntegration.Tests.PluginSessionLogWorkflowAdapterTests" name="Theory_Agent_BootstrapBeginAppendComplete_CapturesIdsCacheShaReceipt" />
    </UnitTest>
    <UnitTest name="McpServer.PluginIntegration.Tests.PluginHostProcessAdapterTests.Adapter_CapturesExecutableArgsStdinEnvCwdTimeoutExitStdoutStderr(hostKind: Cline)" storage="f:\github\mcpserver\tests\mcpserver.pluginintegration.tests\bin\debug\net10.0\mcpserver.pluginintegration.tests.dll" id="c2db256a-e7c9-78d2-d025-8768c4c06997">
      <Execution id="48650a01-dec8-4b0b-80b3-f252c935c191" />
      <TestMethod codeBase="F:\GitHub\McpServer\tests\McpServer.PluginIntegration.Tests\bin\Debug\net10.0\McpServer.PluginIntegration.Tests.dll" adapterTypeName="executor://xunit/VsTestRunner3/netcore/" className="McpServer.PluginIntegration.Tests.PluginHostProcessAdapterTests" name="Adapter_CapturesExecutableArgsStdinEnvCwdTimeoutExitStdoutStderr" />
    </UnitTest>
    <UnitTest name="McpServer.PluginIntegration.Tests.PluginSessionLogWorkflowAdapterTests.Theory_Agent_Success_NoPendingFailsafe(hostKind: OpenCode)" storage="f:\github\mcpserver\tests\mcpserver.pluginintegration.tests\bin\debug\net10.0\mcpserver.pluginintegration.tests.dll" id="1752009c-d3e5-d4f7-e650-01361122442f">
      <Execution id="8f7d41b2-bb61-4bdd-b742-8c2109e9b57f" />
      <TestMethod codeBase="F:\GitHub\McpServer\tests\McpServer.PluginIntegration.Tests\bin\Debug\net10.0\McpServer.PluginIntegration.Tests.dll" adapterTypeName="executor://xunit/VsTestRunner3/netcore/" className="McpServer.PluginIntegration.Tests.PluginSessionLogWorkflowAdapterTests" name="Theory_Agent_Success_NoPendingFailsafe" />
    </UnitTest>
    <UnitTest name="McpServer.PluginIntegration.Tests.PluginSessionLogWorkflowAdapterTests.Theory_Agent_RetrySuccess_DeletesOnlyMatchingPending(hostKind: Grok)" storage="f:\github\mcpserver\tests\mcpserver.pluginintegration.tests\bin\debug\net10.0\mcpserver.pluginintegration.tests.dll" id="64236d8c-30da-f5d7-d65c-2828f39b38f4">
      <Execution id="da767057-c940-4401-beea-e186fe1502ee" />
      <TestMethod codeBase="F:\GitHub\McpServer\tests\McpServer.PluginIntegration.Tests\bin\Debug\net10.0\McpServer.PluginIntegration.Tests.dll" adapterTypeName="executor://xunit/VsTestRunner3/netcore/" className="McpServer.PluginIntegration.Tests.PluginSessionLogWorkflowAdapterTests" name="Theory_Agent_RetrySuccess_DeletesOnlyMatchingPending" />
    </UnitTest>
    <UnitTest name="McpServer.PluginIntegration.Tests.PluginSessionLogWorkflowAdapterTests.Theory_EachScenario_FailsUntilAdapterOperational(hostKind: Copilot)" storage="f:\github\mcpserver\tests\mcpserver.pluginintegration.tests\bin\debug\net10.0\mcpserver.pluginintegration.tests.dll" id="236c9f0a-5162-8715-aff3-f50a3225bd64">
      <Execution id="4052453d-a503-40ff-acba-fe09f7d09054" />
      <TestMethod codeBase="F:\GitHub\McpServer\tests\McpServer.PluginIntegration.Tests\bin\Debug\net10.0\McpServer.PluginIntegration.Tests.dll" adapterTypeName="executor://xunit/VsTestRunner3/netcore/" className="McpServer.PluginIntegration.Tests.PluginSessionLogWorkflowAdapterTests" name="Theory_EachScenario_FailsUntilAdapterOperational" />
    </UnitTest>
    <UnitTest name="McpServer.PluginIntegration.Tests.PluginHostProcessAdapterTests.Adapter_CapturesExecutableArgsStdinEnvCwdTimeoutExitStdoutStderr(hostKind: Grok)" storage="f:\github\mcpserver\tests\mcpserver.pluginintegration.tests\bin\debug\net10.0\mcpserver.pluginintegration.tests.dll" id="259cc540-68dc-c0bc-63dc-08ee5851c9be">
      <Execution id="0d7baec6-5629-42fb-8f10-7a4a9c6218df" />
      <TestMethod codeBase="F:\GitHub\McpServer\tests\McpServer.PluginIntegration.Tests\bin\Debug\net10.0\McpServer.PluginIntegration.Tests.dll" adapterTypeName="executor://xunit/VsTestRunner3/netcore/" className="McpServer.PluginIntegration.Tests.PluginHostProcessAdapterTests" name="Adapter_CapturesExecutableArgsStdinEnvCwdTimeoutExitStdoutStderr" />
    </UnitTest>
    <UnitTest name="McpServer.PluginIntegration.Tests.PluginHostProcessAdapterTests.Adapter_CapturesExecutableArgsStdinEnvCwdTimeoutExitStdoutStderr(hostKind: OpenCode)" storage="f:\github\mcpserver\tests\mcpserver.pluginintegration.tests\bin\debug\net10.0\mcpserver.pluginintegration.tests.dll" id="1d184306-ca46-c995-1980-88e55b415255">
      <Execution id="bab8902e-7ffa-4dab-a721-0535541da415" />
      <TestMethod codeBase="F:\GitHub\McpServer\tests\McpServer.PluginIntegration.Tests\bin\Debug\net10.0\McpServer.PluginIntegration.Tests.dll" adapterTypeName="executor://xunit/VsTestRunner3/netcore/" className="McpServer.PluginIntegration.Tests.PluginHostProcessAdapterTests" name="Adapter_CapturesExecutableArgsStdinEnvCwdTimeoutExitStdoutStderr" />
    </UnitTest>
    <UnitTest name="McpServer.PluginIntegration.Tests.PluginSessionLogWorkflowAdapterTests.Theory_Agent_RetrySuccess_DeletesOnlyMatchingPending(hostKind: OpenCode)" storage="f:\github\mcpserver\tests\mcpserver.pluginintegration.tests\bin\debug\net10.0\mcpserver.pluginintegration.tests.dll" id="4448b930-7016-8e44-d610-2a4ce98b9d3e">
      <Execution id="3f451186-4e77-45d2-9c1d-ced4f950341d" />
      <TestMethod codeBase="F:\GitHub\McpServer\tests\McpServer.PluginIntegration.Tests\bin\Debug\net10.0\McpServer.PluginIntegration.Tests.dll" adapterTypeName="executor://xunit/VsTestRunner3/netcore/" className="McpServer.PluginIntegration.Tests.PluginSessionLogWorkflowAdapterTests" name="Theory_Agent_RetrySuccess_DeletesOnlyMatchingPending" />
    </UnitTest>
    <UnitTest name="McpServer.PluginIntegration.Tests.PluginSessionLogAiTheoryTests.AiTheory_Agent_RequiresValidJsonFields(hostKind: Cline)" storage="f:\github\mcpserver\tests\mcpserver.pluginintegration.tests\bin\debug\net10.0\mcpserver.pluginintegration.tests.dll" id="0d94d9ea-2e88-7983-af02-8739ab212d15">
      <Execution id="236e6522-e5c1-4122-8693-ff16a4ca4f75" />
      <TestMethod codeBase="F:\GitHub\McpServer\tests\McpServer.PluginIntegration.Tests\bin\Debug\net10.0\McpServer.PluginIntegration.Tests.dll" adapterTypeName="executor://xunit/VsTestRunner3/netcore/" className="McpServer.PluginIntegration.Tests.PluginSessionLogAiTheoryTests" name="AiTheory_Agent_RequiresValidJsonFields" />
    </UnitTest>
    <UnitTest name="McpServer.PluginIntegration.Tests.PluginHostProcessAdapterTests.Adapter_CodexAndPowerShellHook_UseDeclaredEntrypoint(hostKind: ClaudeCode)" storage="f:\github\mcpserver\tests\mcpserver.pluginintegration.tests\bin\debug\net10.0\mcpserver.pluginintegration.tests.dll" id="2743f923-77bb-a451-9de7-de3ee9035cab">
      <Execution id="7dcfca92-e9f7-4080-8d70-326b3fb07a9e" />
      <TestMethod codeBase="F:\GitHub\McpServer\tests\McpServer.PluginIntegration.Tests\bin\Debug\net10.0\McpServer.PluginIntegration.Tests.dll" adapterTypeName="executor://xunit/VsTestRunner3/netcore/" className="McpServer.PluginIntegration.Tests.PluginHostProcessAdapterTests" name="Adapter_CodexAndPowerShellHook_UseDeclaredEntrypoint" />
    </UnitTest>
    <UnitTest name="McpServer.PluginIntegration.Tests.PluginSessionLogCatalogTests.Catalog_SupportedHostKinds" storage="f:\github\mcpserver\tests\mcpserver.pluginintegration.tests\bin\debug\net10.0\mcpserver.pluginintegration.tests.dll" id="a6213a20-b401-20f3-7b2f-1044dcf1bcfe">
      <Execution id="2d5a3f71-16e3-4206-91d4-fa6eec8e717b" />
      <TestMethod codeBase="F:\GitHub\McpServer\tests\McpServer.PluginIntegration.Tests\bin\Debug\net10.0\McpServer.PluginIntegration.Tests.dll" adapterTypeName="executor://xunit/VsTestRunner3/netcore/" className="McpServer.PluginIntegration.Tests.PluginSessionLogCatalogTests" name="Catalog_SupportedHostKinds" />
    </UnitTest>
    <UnitTest name="McpServer.PluginIntegration.Tests.PluginSessionLogCatalogTests.Catalog_UniqueAgentSourceCache" storage="f:\github\mcpserver\tests\mcpserver.pluginintegration.tests\bin\debug\net10.0\mcpserver.pluginintegration.tests.dll" id="b4a57976-1c8f-4410-0825-5899e07a7661">
      <Execution id="2da60e85-3c99-421b-b6c9-02f53562c90f" />
      <TestMethod codeBase="F:\GitHub\McpServer\tests\McpServer.PluginIntegration.Tests\bin\Debug\net10.0\McpServer.PluginIntegration.Tests.dll" adapterTypeName="executor://xunit/VsTestRunner3/netcore/" className="McpServer.PluginIntegration.Tests.PluginSessionLogCatalogTests" name="Catalog_UniqueAgentSourceCache" />
    </UnitTest>
    <UnitTest name="McpServer.PluginIntegration.Tests.PluginSessionLogWorkflowAdapterTests.Theory_Agent_PluginRootOverride_WritesOnlyWorkspaceMcpServerAgent_PoisonEmpty(hostKind: Cline)" storage="f:\github\mcpserver\tests\mcpserver.pluginintegration.tests\bin\debug\net10.0\mcpserver.pluginintegration.tests.dll" id="252a30d6-4d8d-1fd5-e2fb-58fe95d92228">
      <Execution id="7492e5a0-7c43-42dd-b1c5-0f2dfb7d34fb" />
      <TestMethod codeBase="F:\GitHub\McpServer\tests\McpServer.PluginIntegration.Tests\bin\Debug\net10.0\McpServer.PluginIntegration.Tests.dll" adapterTypeName="executor://xunit/VsTestRunner3/netcore/" className="McpServer.PluginIntegration.Tests.PluginSessionLogWorkflowAdapterTests" name="Theory_Agent_PluginRootOverride_WritesOnlyWorkspaceMcpServerAgent_PoisonEmpty" />
    </UnitTest>
    <UnitTest name="McpServer.PluginIntegration.Tests.PluginSessionLogWorkflowAdapterTests.Theory_Agent_RetrySuccess_DeletesOnlyMatchingPending(hostKind: Copilot)" storage="f:\github\mcpserver\tests\mcpserver.pluginintegration.tests\bin\debug\net10.0\mcpserver.pluginintegration.tests.dll" id="56b59e08-03c0-bb46-07ea-9da73ded649c">
      <Execution id="03ac7391-e530-42d4-b414-2192819df0ae" />
      <TestMethod codeBase="F:\GitHub\McpServer\tests\McpServer.PluginIntegration.Tests\bin\Debug\net10.0\McpServer.PluginIntegration.Tests.dll" adapterTypeName="executor://xunit/VsTestRunner3/netcore/" className="McpServer.PluginIntegration.Tests.PluginSessionLogWorkflowAdapterTests" name="Theory_Agent_RetrySuccess_DeletesOnlyMatchingPending" />
    </UnitTest>
    <UnitTest name="McpServer.PluginIntegration.Tests.PluginSessionLogWorkflowAdapterTests.Theory_Agent_BootstrapBeginAppendComplete_CapturesIdsCacheShaReceipt(hostKind: Grok)" storage="f:\github\mcpserver\tests\mcpserver.pluginintegration.tests\bin\debug\net10.0\mcpserver.pluginintegration.tests.dll" id="6f70084d-3d86-bee3-a825-644e9f99bdbf">
      <Execution id="1342ba48-1ecb-40c7-9197-8b131e3bb70d" />
      <TestMethod codeBase="F:\GitHub\McpServer\tests\McpServer.PluginIntegration.Tests\bin\Debug\net10.0\McpServer.PluginIntegration.Tests.dll" adapterTypeName="executor://xunit/VsTestRunner3/netcore/" className="McpServer.PluginIntegration.Tests.PluginSessionLogWorkflowAdapterTests" name="Theory_Agent_BootstrapBeginAppendComplete_CapturesIdsCacheShaReceipt" />
    </UnitTest>
    <UnitTest name="McpServer.PluginIntegration.Tests.PluginSessionLogWorkflowAdapterTests.Theory_Agent_FailedSubmit_RetainsRootIdPending(hostKind: Copilot)" storage="f:\github\mcpserver\tests\mcpserver.pluginintegration.tests\bin\debug\net10.0\mcpserver.pluginintegration.tests.dll" id="c372fab5-6807-1e21-9c6e-b467c42bba44">
      <Execution id="fb3f9cdb-4dc1-4f35-8600-e749d0245d12" />
      <TestMethod codeBase="F:\GitHub\McpServer\tests\McpServer.PluginIntegration.Tests\bin\Debug\net10.0\McpServer.PluginIntegration.Tests.dll" adapterTypeName="executor://xunit/VsTestRunner3/netcore/" className="McpServer.PluginIntegration.Tests.PluginSessionLogWorkflowAdapterTests" name="Theory_Agent_FailedSubmit_RetainsRootIdPending" />
    </UnitTest>
    <UnitTest name="McpServer.PluginIntegration.Tests.PluginSessionLogAiTheoryTests.AiTheory_Agent_RequiresValidJsonFields(hostKind: ClineV2)" storage="f:\github\mcpserver\tests\mcpserver.pluginintegration.tests\bin\debug\net10.0\mcpserver.pluginintegration.tests.dll" id="a819d0f0-58b2-a89b-3964-f2760cfb1ba3">
      <Execution id="f87a9c6e-9fdc-49ea-bd84-b494404cbbe8" />
      <TestMethod codeBase="F:\GitHub\McpServer\tests\McpServer.PluginIntegration.Tests\bin\Debug\net10.0\McpServer.PluginIntegration.Tests.dll" adapterTypeName="executor://xunit/VsTestRunner3/netcore/" className="McpServer.PluginIntegration.Tests.PluginSessionLogAiTheoryTests" name="AiTheory_Agent_RequiresValidJsonFields" />
    </UnitTest>
    <UnitTest name="McpServer.PluginIntegration.Tests.PluginHostProcessAdapterTests.Adapter_CapturesExecutableArgsStdinEnvCwdTimeoutExitStdoutStderr(hostKind: Copilot)" storage="f:\github\mcpserver\tests\mcpserver.pluginintegration.tests\bin\debug\net10.0\mcpserver.pluginintegration.tests.dll" id="b67667f1-956c-b969-5aff-30951534807a">
      <Execution id="77829b80-3a93-4587-a878-d59acb172007" />
      <TestMethod codeBase="F:\GitHub\McpServer\tests\McpServer.PluginIntegration.Tests\bin\Debug\net10.0\McpServer.PluginIntegration.Tests.dll" adapterTypeName="executor://xunit/VsTestRunner3/netcore/" className="McpServer.PluginIntegration.Tests.PluginHostProcessAdapterTests" name="Adapter_CapturesExecutableArgsStdinEnvCwdTimeoutExitStdoutStderr" />
    </UnitTest>
    <UnitTest name="McpServer.PluginIntegration.Tests.PluginSessionLogWorkflowAdapterTests.Theory_Agent_FailedSubmit_RetainsRootIdPending(hostKind: Cline)" storage="f:\github\mcpserver\tests\mcpserver.pluginintegration.tests\bin\debug\net10.0\mcpserver.pluginintegration.tests.dll" id="744c635a-1ca9-b473-6d94-01ff2c3f2b0d">
      <Execution id="fce5a6f2-fb4b-44fe-a0ec-b11e502ff21b" />
      <TestMethod codeBase="F:\GitHub\McpServer\tests\McpServer.PluginIntegration.Tests\bin\Debug\net10.0\McpServer.PluginIntegration.Tests.dll" adapterTypeName="executor://xunit/VsTestRunner3/netcore/" className="McpServer.PluginIntegration.Tests.PluginSessionLogWorkflowAdapterTests" name="Theory_Agent_FailedSubmit_RetainsRootIdPending" />
    </UnitTest>
    <UnitTest name="McpServer.PluginIntegration.Tests.PluginSessionLogWorkflowAdapterTests.Theory_Agent_FailedSubmit_RetainsRootIdPending(hostKind: Grok)" storage="f:\github\mcpserver\tests\mcpserver.pluginintegration.tests\bin\debug\net10.0\mcpserver.pluginintegration.tests.dll" id="38fffb94-972f-1cb7-275d-1279768e32e3">
      <Execution id="40188921-9bb1-40e8-8fa7-98e7b7f960c6" />
      <TestMethod codeBase="F:\GitHub\McpServer\tests\McpServer.PluginIntegration.Tests\bin\Debug\net10.0\McpServer.PluginIntegration.Tests.dll" adapterTypeName="executor://xunit/VsTestRunner3/netcore/" className="McpServer.PluginIntegration.Tests.PluginSessionLogWorkflowAdapterTests" name="Theory_Agent_FailedSubmit_RetainsRootIdPending" />
    </UnitTest>
    <UnitTest name="McpServer.PluginIntegration.Tests.PluginSessionLogWorkflowAdapterTests.Theory_Agent_Success_NoPendingFailsafe(hostKind: Grok)" storage="f:\github\mcpserver\tests\mcpserver.pluginintegration.tests\bin\debug\net10.0\mcpserver.pluginintegration.tests.dll" id="1500790d-a7bc-734d-cbdc-80dbce68facc">
      <Execution id="0cb1b185-93b7-4cf4-9eb9-6a1505c63ae8" />
      <TestMethod codeBase="F:\GitHub\McpServer\tests\McpServer.PluginIntegration.Tests\bin\Debug\net10.0\McpServer.PluginIntegration.Tests.dll" adapterTypeName="executor://xunit/VsTestRunner3/netcore/" className="McpServer.PluginIntegration.Tests.PluginSessionLogWorkflowAdapterTests" name="Theory_Agent_Success_NoPendingFailsafe" />
    </UnitTest>
    <UnitTest name="McpServer.PluginIntegration.Tests.PluginSessionLogWorkflowAdapterTests.Theory_EachScenario_FailsUntilAdapterOperational(hostKind: ClaudeCode)" storage="f:\github\mcpserver\tests\mcpserver.pluginintegration.tests\bin\debug\net10.0\mcpserver.pluginintegration.tests.dll" id="92498341-6556-0681-f973-fb0ee9e18d9d">
      <Execution id="3140d50f-1128-4c8f-a3f7-5d947210b807" />
      <TestMethod codeBase="F:\GitHub\McpServer\tests\McpServer.PluginIntegration.Tests\bin\Debug\net10.0\McpServer.PluginIntegration.Tests.dll" adapterTypeName="executor://xunit/VsTestRunner3/netcore/" className="McpServer.PluginIntegration.Tests.PluginSessionLogWorkflowAdapterTests" name="Theory_EachScenario_FailsUntilAdapterOperational" />
    </UnitTest>
    <UnitTest name="McpServer.PluginIntegration.Tests.PluginHostProcessAdapterTests.Adapter_CapturesExecutableArgsStdinEnvCwdTimeoutExitStdoutStderr(hostKind: ClaudeCode)" storage="f:\github\mcpserver\tests\mcpserver.pluginintegration.tests\bin\debug\net10.0\mcpserver.pluginintegration.tests.dll" id="3b1b35d6-04b5-ae89-94b3-1a72cf86a187">
      <Execution id="292fb00b-8026-4cd5-89bc-294f5f142679" />
      <TestMethod codeBase="F:\GitHub\McpServer\tests\McpServer.PluginIntegration.Tests\bin\Debug\net10.0\McpServer.PluginIntegration.Tests.dll" adapterTypeName="executor://xunit/VsTestRunner3/netcore/" className="McpServer.PluginIntegration.Tests.PluginHostProcessAdapterTests" name="Adapter_CapturesExecutableArgsStdinEnvCwdTimeoutExitStdoutStderr" />
    </UnitTest>
    <UnitTest name="McpServer.PluginIntegration.Tests.PluginSessionLogWorkflowAdapterTests.Theory_Agent_Success_NoPendingFailsafe(hostKind: ClineV2)" storage="f:\github\mcpserver\tests\mcpserver.pluginintegration.tests\bin\debug\net10.0\mcpserver.pluginintegration.tests.dll" id="1d3018cc-1e56-c46f-4ae1-0f9d140a2ad2">
      <Execution id="6439cced-ce86-4d08-b5c9-ff7a27307c6f" />
      <TestMethod codeBase="F:\GitHub\McpServer\tests\McpServer.PluginIntegration.Tests\bin\Debug\net10.0\McpServer.PluginIntegration.Tests.dll" adapterTypeName="executor://xunit/VsTestRunner3/netcore/" className="McpServer.PluginIntegration.Tests.PluginSessionLogWorkflowAdapterTests" name="Theory_Agent_Success_NoPendingFailsafe" />
    </UnitTest>
    <UnitTest name="McpServer.PluginIntegration.Tests.PluginSessionLogCatalogTests.Catalog_VersionMetadataPresent" storage="f:\github\mcpserver\tests\mcpserver.pluginintegration.tests\bin\debug\net10.0\mcpserver.pluginintegration.tests.dll" id="18d5a8a3-7892-c234-f03d-8f0549399f5f">
      <Execution id="b3341108-9b05-4395-91d2-3e8af42b104d" />
      <TestMethod codeBase="F:\GitHub\McpServer\tests\McpServer.PluginIntegration.Tests\bin\Debug\net10.0\McpServer.PluginIntegration.Tests.dll" adapterTypeName="executor://xunit/VsTestRunner3/netcore/" className="McpServer.PluginIntegration.Tests.PluginSessionLogCatalogTests" name="Catalog_VersionMetadataPresent" />
    </UnitTest>
    <UnitTest name="McpServer.PluginIntegration.Tests.PluginSessionLogWorkflowAdapterTests.Theory_Agent_BootstrapBeginAppendComplete_CapturesIdsCacheShaReceipt(hostKind: ClaudeCowork)" storage="f:\github\mcpserver\tests\mcpserver.pluginintegration.tests\bin\debug\net10.0\mcpserver.pluginintegration.tests.dll" id="18ccb483-1f78-78f6-7f04-eea105e6f2fc">
      <Execution id="16f25a1f-a397-4f02-8df8-d7605bfc3596" />
      <TestMethod codeBase="F:\GitHub\McpServer\tests\McpServer.PluginIntegration.Tests\bin\Debug\net10.0\McpServer.PluginIntegration.Tests.dll" adapterTypeName="executor://xunit/VsTestRunner3/netcore/" className="McpServer.PluginIntegration.Tests.PluginSessionLogWorkflowAdapterTests" name="Theory_Agent_BootstrapBeginAppendComplete_CapturesIdsCacheShaReceipt" />
    </UnitTest>
    <UnitTest name="McpServer.PluginIntegration.Tests.PluginSessionLogWorkflowAdapterTests.Theory_Agent_ServerQuery_SourceTypeIdsActionDialogCompletedWorkspace(hostKind: ClaudeCode)" storage="f:\github\mcpserver\tests\mcpserver.pluginintegration.tests\bin\debug\net10.0\mcpserver.pluginintegration.tests.dll" id="d793dd0f-915d-0cf0-b819-8b09e14adb02">
      <Execution id="54a7f6d4-b176-4847-acea-a2536f0ac62f" />
      <TestMethod codeBase="F:\GitHub\McpServer\tests\McpServer.PluginIntegration.Tests\bin\Debug\net10.0\McpServer.PluginIntegration.Tests.dll" adapterTypeName="executor://xunit/VsTestRunner3/netcore/" className="McpServer.PluginIntegration.Tests.PluginSessionLogWorkflowAdapterTests" name="Theory_Agent_ServerQuery_SourceTypeIdsActionDialogCompletedWorkspace" />
    </UnitTest>
    <UnitTest name="McpServer.PluginIntegration.Tests.PluginHostProcessAdapterTests.Adapter_CodexAndPowerShellHook_UseDeclaredEntrypoint(hostKind: Codex)" storage="f:\github\mcpserver\tests\mcpserver.pluginintegration.tests\bin\debug\net10.0\mcpserver.pluginintegration.tests.dll" id="3f1f706f-8607-0903-ba67-2e1e67ae1d37">
      <Execution id="94772f68-a8bf-4c0d-8790-f9ffbcf3eb4b" />
      <TestMethod codeBase="F:\GitHub\McpServer\tests\McpServer.PluginIntegration.Tests\bin\Debug\net10.0\McpServer.PluginIntegration.Tests.dll" adapterTypeName="executor://xunit/VsTestRunner3/netcore/" className="McpServer.PluginIntegration.Tests.PluginHostProcessAdapterTests" name="Adapter_CodexAndPowerShellHook_UseDeclaredEntrypoint" />
    </UnitTest>
[...]
    </UnitTest>
    <UnitTest name="McpServer.PluginIntegration.Tests.PluginIntegrationServerFixtureTests.ServerFixture_SignatureAndNonceTrust" storage="f:\github\mcpserver\tests\mcpserver.pluginintegration.tests\bin\debug\net10.0\mcpserver.pluginintegration.tests.dll" id="87979b5e-268c-e227-3bdf-1cbbf14997ac">
      <Execution id="d4f3d4b5-0d9c-472b-887a-89942d138e67" />
      <TestMethod codeBase="F:\GitHub\McpServer\tests\McpServer.PluginIntegration.Tests\bin\Debug\net10.0\McpServer.PluginIntegration.Tests.dll" adapterTypeName="executor://xunit/VsTestRunner3/netcore/" className="McpServer.PluginIntegration.Tests.PluginIntegrationServerFixtureTests" name="ServerFixture_SignatureAndNonceTrust" />
    </UnitTest>
    <UnitTest name="McpServer.PluginIntegration.Tests.PluginHostProcessAdapterTests.Adapter_ClineV2AndOpenCode_UseProductionExport(hostKind: OpenCode)" storage="f:\github\mcpserver\tests\mcpserver.pluginintegration.tests\bin\debug\net10.0\mcpserver.pluginintegration.tests.dll" id="37b23830-eb36-269d-32da-331714bb6f30">
      <Execution id="66b97b23-36a2-4e33-8c0f-3322840c844b" />
      <TestMethod codeBase="F:\GitHub\McpServer\tests\McpServer.PluginIntegration.Tests\bin\Debug\net10.0\McpServer.PluginIntegration.Tests.dll" adapterTypeName="executor://xunit/VsTestRunner3/netcore/" className="McpServer.PluginIntegration.Tests.PluginHostProcessAdapterTests" name="Adapter_ClineV2AndOpenCode_UseProductionExport" />
    </UnitTest>
    <UnitTest name="McpServer.PluginIntegration.Tests.PluginSessionLogAiTheoryTests.AiTheory_Agent_RequiresValidJsonFields(hostKind: ClaudeCode)" storage="f:\github\mcpserver\tests\mcpserver.pluginintegration.tests\bin\debug\net10.0\mcpserver.pluginintegration.tests.dll" id="06662370-12ba-46c0-6690-5c95f450e80f">
      <Execution id="6a74389b-beab-404e-ad79-f30cb34b287b" />
      <TestMethod codeBase="F:\GitHub\McpServer\tests\McpServer.PluginIntegration.Tests\bin\Debug\net10.0\McpServer.PluginIntegration.Tests.dll" adapterTypeName="executor://xunit/VsTestRunner3/netcore/" className="McpServer.PluginIntegration.Tests.PluginSessionLogAiTheoryTests" name="AiTheory_Agent_RequiresValidJsonFields" />
    </UnitTest>
    <UnitTest name="McpServer.PluginIntegration.Tests.PluginIntegrationServerFixtureTests.ServerFixture_CreatesMarker" storage="f:\github\mcpserver\tests\mcpserver.pluginintegration.tests\bin\debug\net10.0\mcpserver.pluginintegration.tests.dll" id="9676f0d0-5f41-a32c-c2d9-8828d86f7808">
      <Execution id="4973be19-6b42-419a-8665-73df5febbf5f" />
      <TestMethod codeBase="F:\GitHub\McpServer\tests\McpServer.PluginIntegration.Tests\bin\Debug\net10.0\McpServer.PluginIntegration.Tests.dll" adapterTypeName="executor://xunit/VsTestRunner3/netcore/" className="McpServer.PluginIntegration.Tests.PluginIntegrationServerFixtureTests" name="ServerFixture_CreatesMarker" />
    </UnitTest>
  </TestDefinitions>
  <TestEntries>
    <TestEntry testId="a819d0f0-58b2-a89b-3964-f2760cfb1ba3" executionId="f87a9c6e-9fdc-49ea-bd84-b494404cbbe8" testListId="8c84fa94-04c1-424b-9868-57a2d4851a1d" />
    <TestEntry testId="87979b5e-268c-e227-3bdf-1cbbf14997ac" executionId="d4f3d4b5-0d9c-472b-887a-89942d138e67" testListId="8c84fa94-04c1-424b-9868-57a2d4851a1d" />
    <TestEntry testId="e03b355a-af8c-3ed2-aef8-0784d656e804" executionId="bc312670-702a-4842-9912-107243662cc2" testListId="8c84fa94-04c1-424b-9868-57a2d4851a1d" />
    <TestEntry testId="1f4e1cd2-19d1-ace8-030c-fad1d9c42b3e" executionId="15cd14a3-9a18-482e-9df9-2085f3a883ab" testListId="8c84fa94-04c1-424b-9868-57a2d4851a1d" />
    <TestEntry testId="a1a83450-289c-1f21-5189-fd8a02f92b69" executionId="fa0adb6b-f0dd-44f9-9cda-b17b448c9ee6" testListId="8c84fa94-04c1-424b-9868-57a2d4851a1d" />
    <TestEntry testId="236c9f0a-5162-8715-aff3-f50a3225bd64" executionId="4052453d-a503-40ff-acba-fe09f7d09054" testListId="8c84fa94-04c1-424b-9868-57a2d4851a1d" />
    <TestEntry testId="c372fab5-6807-1e21-9c6e-b467c42bba44" executionId="fb3f9cdb-4dc1-4f35-8600-e749d0245d12" testListId="8c84fa94-04c1-424b-9868-57a2d4851a1d" />
    <TestEntry testId="18d5a8a3-7892-c234-f03d-8f0549399f5f" executionId="b3341108-9b05-4395-91d2-3e8af42b104d" testListId="8c84fa94-04c1-424b-9868-57a2d4851a1d" />
    <TestEntry testId="62e00820-0b4c-838e-9956-7938170992fc" executionId="d1874472-6436-41dd-88a4-36c20c496eb2" testListId="8c84fa94-04c1-424b-9868-57a2d4851a1d" />
    <TestEntry testId="b4a57976-1c8f-4410-0825-5899e07a7661" executionId="2da60e85-3c99-421b-b6c9-02f53562c90f" testListId="8c84fa94-04c1-424b-9868-57a2d4851a1d" />
    <TestEntry testId="d793dd0f-915d-0cf0-b819-8b09e14adb02" executionId="54a7f6d4-b176-4847-acea-a2536f0ac62f" testListId="8c84fa94-04c1-424b-9868-57a2d4851a1d" />
    <TestEntry testId="de836faf-c2ef-8605-ac5c-f4369adbdd78" executionId="d312ebd2-d5fb-44fe-ab63-84c2c82abe43" testListId="8c84fa94-04c1-424b-9868-57a2d4851a1d" />
    <TestEntry testId="d94b6483-a8fe-7432-1f95-7b447d40ab43" executionId="14e5fc4a-f75a-4a2c-a5b5-ff2a30dd6187" testListId="8c84fa94-04c1-424b-9868-57a2d4851a1d" />
    <TestEntry testId="89af7f04-effa-7eee-6cc0-e2d6a5bc271d" executionId="42607f10-72f9-4a87-9498-ed6406c69c85" testListId="8c84fa94-04c1-424b-9868-57a2d4851a1d" />
    <TestEntry testId="9676f0d0-5f41-a32c-c2d9-8828d86f7808" executionId="4973be19-6b42-419a-8665-73df5febbf5f" testListId="8c84fa94-04c1-424b-9868-57a2d4851a1d" />
    <TestEntry testId="9352565e-1e2b-61f4-41fe-e7f688f70784" executionId="0cebf574-191c-4d70-8b14-3484a165db33" testListId="8c84fa94-04c1-424b-9868-57a2d4851a1d" />
    <TestEntry testId="3b1b35d6-04b5-ae89-94b3-1a72cf86a187" executionId="292fb00b-8026-4cd5-89bc-294f5f142679" testListId="8c84fa94-04c1-424b-9868-57a2d4851a1d" />
    <TestEntry testId="2aa3e527-2c65-85dc-a88a-083c1f3e85eb" executionId="378021f3-8d77-433b-a4f2-f043df78a7e6" testListId="8c84fa94-04c1-424b-9868-57a2d4851a1d" />
    <TestEntry testId="4ce4b13d-54c6-ab06-77ae-25635f318e05" executionId="9caaa83e-a737-4aa3-87e1-c92cc2e96d4a" testListId="8c84fa94-04c1-424b-9868-57a2d4851a1d" />
    <TestEntry testId="435990bf-96b1-fe49-8bcc-358ae91e2ddb" executionId="e48f663b-094b-4ec1-a925-9724bd6a28cf" testListId="8c84fa94-04c1-424b-9868-57a2d4851a1d" />
    <TestEntry testId="259cc540-68dc-c0bc-63dc-08ee5851c9be" executionId="0d7baec6-5629-42fb-8f10-7a4a9c6218df" testListId="8c84fa94-04c1-424b-9868-57a2d4851a1d" />
    <TestEntry testId="16e0597d-2c1d-2bf6-e21f-ae04790f090e" executionId="d523ea25-2c24-42b8-9f6b-0d0ff37e26e3" testListId="8c84fa94-04c1-424b-9868-57a2d4851a1d" />
    <TestEntry testId="3432ff42-672e-0305-93be-fe61923bb416" executionId="f38bf565-e8fb-43c0-8568-5a5e08cc8861" testListId="8c84fa94-04c1-424b-9868-57a2d4851a1d" />
    <TestEntry testId="a440ec51-ea3d-f0be-15f4-967977cfd350" executionId="2a70a31c-677f-4531-8b6b-248f09b1760f" testListId="8c84fa94-04c1-424b-9868-57a2d4851a1d" />
    <TestEntry testId="1d184306-ca46-c995-1980-88e55b415255" executionId="bab8902e-7ffa-4dab-a721-0535541da415" testListId="8c84fa94-04c1-424b-9868-57a2d4851a1d" />
    <TestEntry testId="def48c40-4c91-19e5-0c50-98e3e0e06542" executionId="fca5cf30-e418-4f6f-89a9-ee5643f13fda" testListId="8c84fa94-04c1-424b-9868-57a2d4851a1d" />
    <TestEntry testId="a6a44763-4fd9-634a-0715-6589aa0ec795" executionId="fdd9d2d5-8162-4f80-be2c-30ee695a4863" testListId="8c84fa94-04c1-424b-9868-57a2d4851a1d" />
    <TestEntry testId="8b7ec712-9aa5-6e30-93a3-2e39139d53fc" executionId="87e68e9f-371e-40a5-b958-981981d3a1b0" testListId="8c84fa94-04c1-424b-9868-57a2d4851a1d" />
    <TestEntry testId="0aac579d-c81e-7ee5-1d52-2c40b8fd390e" executionId="aa00790a-2956-47b7-b771-23da509ec0e7" testListId="8c84fa94-04c1-424b-9868-57a2d4851a1d" />
    <TestEntry testId="73d43f4a-648c-801f-1b0b-6b4cb0b0dd10" executionId="11504ae2-4001-4a27-8ed2-3f80c09248d3" testListId="8c84fa94-04c1-424b-9868-57a2d4851a1d" />
    <TestEntry testId="7587d980-0453-b39c-4e94-cc72ce37e8b8" executionId="73dc8821-b322-4a87-81e1-871e05968751" testListId="8c84fa94-04c1-424b-9868-57a2d4851a1d" />
    <TestEntry testId="ea7b6ece-0962-3f6e-2f12-6af4f92b3a17" executionId="a6cbb06c-668f-4db5-8e18-12f8a6b4f296" testListId="8c84fa94-04c1-424b-9868-57a2d4851a1d" />
    <TestEntry testId="b67667f1-956c-b969-5aff-30951534807a" executionId="77829b80-3a93-4587-a878-d59acb172007" testListId="8c84fa94-04c1-424b-9868-57a2d4851a1d" />
    <TestEntry testId="0d94d9ea-2e88-7983-af02-8739ab212d15" executionId="236e6522-e5c1-4122-8693-ff16a4ca4f75" testListId="8c84fa94-04c1-424b-9868-57a2d4851a1d" />
    <TestEntry testId="214c533b-e35d-af2c-d63a-736af10b7347" executionId="2aa44426-296e-4495-9e87-d1794518e1c4" testListId="8c84fa94-04c1-424b-9868-57a2d4851a1d" />
    <TestEntry testId="2743f923-77bb-a451-9de7-de3ee9035cab" executionId="7dcfca92-e9f7-4080-8d70-326b3fb07a9e" testListId="8c84fa94-04c1-424b-9868-57a2d4851a1d" />
    <TestEntry testId="c0c07ad3-27db-f94f-d446-642da990a085" executionId="998d0f52-c0e5-4f7f-b638-f5a5d3675305" testListId="8c84fa94-04c1-424b-9868-57a2d4851a1d" />
    <TestEntry testId="c4cbf0b1-0f75-e8ff-2765-03c7bce6b0f3" executionId="cc57a6ea-4801-45ed-9368-9dd9131a90d8" testListId="8c84fa94-04c1-424b-9868-57a2d4851a1d" />
    <TestEntry testId="744c635a-1ca9-b473-6d94-01ff2c3f2b0d" executionId="fce5a6f2-fb4b-44fe-a0ec-b11e502ff21b" testListId="8c84fa94-04c1-424b-9868-57a2d4851a1d" />
    <TestEntry testId="6a47fc12-3fd2-71eb-43f3-d58f01ca31db" executionId="0ad62f9d-9593-48c7-b4ff-7f5ef1a8518e" testListId="8c84fa94-04c1-424b-9868-57a2d4851a1d" />
    <TestEntry testId="beb02ba7-b939-bae3-4c40-49acf425b66c" executionId="bf5370dd-fe9c-4b16-8336-68ca7e81ccb2" testListId="8c84fa94-04c1-424b-9868-57a2d4851a1d" />
    <TestEntry testId="1752009c-d3e5-d4f7-e650-01361122442f" executionId="8f7d41b2-bb61-4bdd-b742-8c2109e9b57f" testListId="8c84fa94-04c1-424b-9868-57a2d4851a1d" />
    <TestEntry testId="fbe0ab7d-103a-2212-6706-b14331c649f7" executionId="c856acc9-71cc-48a3-9185-81883168f804" testListId="8c84fa94-04c1-424b-9868-57a2d4851a1d" />
    <TestEntry testId="249e7608-e241-9d6b-5f9e-9784127451a5" executionId="573b9d2d-184b-47d1-8dc2-a8381744b271" testListId="8c84fa94-04c1-424b-9868-57a2d4851a1d" />
    <TestEntry testId="2434cb13-4114-67c3-47b5-5afa807d5854" executionId="380e948a-2a2a-48d2-b32c-864b97366128" testListId="8c84fa94-04c1-424b-9868-57a2d4851a1d" />
    <TestEntry testId="8d519d1b-4317-2b80-96aa-cfd6507428c8" executionId="4c193b83-fe7d-4ef8-8a04-0aa21de7b872" testListId="8c84fa94-04c1-424b-9868-57a2d4851a1d" />
    <TestEntry testId="6f70084d-3d86-bee3-a825-644e9f99bdbf" executionId="1342ba48-1ecb-40c7-9197-8b131e3bb70d" testListId="8c84fa94-04c1-424b-9868-57a2d4851a1d" />
    <TestEntry testId="4cb3617a-7c0b-7462-11a6-5ea43af3e32c" executionId="313a1c29-da48-4e6d-beb6-517bbd1b3aee" testListId="8c84fa94-04c1-424b-9868-57a2d4851a1d" />
    <TestEntry testId="06662370-12ba-46c0-6690-5c95f450e80f" executionId="6a74389b-beab-404e-ad79-f30cb34b287b" testListId="8c84fa94-04c1-424b-9868-57a2d4851a1d" />
    <TestEntry testId="03bda010-af59-fb35-5981-437a592246dd" executionId="38b57fb4-fa2c-4a00-a679-60387bcf9998" testListId="8c84fa94-04c1-424b-9868-57a2d4851a1d" />
    <TestEntry testId="5bb017ac-c90e-9a36-e020-70d7c3733126" executionId="bfe41de2-42ee-4368-a8cc-7a30a66f6334" testListId="8c84fa94-04c1-424b-9868-57a2d4851a1d" />
    <TestEntry testId="c57d5192-3219-dc3c-87f5-441a19e23ec1" executionId="bed868bd-2283-4401-86fd-3b0a03975e46" testListId="8c84fa94-04c1-424b-9868-57a2d4851a1d" />
    <TestEntry testId="d5ed6bcc-b2a2-fa00-fe59-167759f6bb33" executionId="5022d615-fbe5-49e0-9692-8474f8fe8a16" testListId="8c84fa94-04c1-424b-9868-57a2d4851a1d" />
    <TestEntry testId="1500790d-a7bc-734d-cbdc-80dbce68facc" executionId="0cb1b185-93b7-4cf4-9eb9-6a1505c63ae8" testListId="8c84fa94-04c1-424b-9868-57a2d4851a1d" />
    <TestEntry testId="b2c8eee1-8318-c99d-f5f3-3c0b9908f8fd" executionId="77648c32-087a-44e2-9057-b1f0f88efe3e" testListId="8c84fa94-04c1-424b-9868-57a2d4851a1d" />
    <TestEntry testId="663eb62c-25be-b0f8-01d8-8c928bf4eff4" executionId="ab3254b0-1745-4d9b-ab6a-1a1da753a934" testListId="8c84fa94-04c1-424b-9868-57a2d4851a1d" />
    <TestEntry testId="bce7a136-1b73-dc76-b617-9ce748826cf1" executionId="023ca9a5-c276-4009-ae3b-c6451b5907fa" testListId="8c84fa94-04c1-424b-9868-57a2d4851a1d" />
    <TestEntry testId="38fffb94-972f-1cb7-275d-1279768e32e3" executionId="40188921-9bb1-40e8-8fa7-98e7b7f960c6" testListId="8c84fa94-04c1-424b-9868-57a2d4851a1d" />
    <TestEntry testId="10e57566-829a-b4ad-f03a-530076be589d" executionId="774026b4-2c9f-4cc3-ba58-dba597599aab" testListId="8c84fa94-04c1-424b-9868-57a2d4851a1d" />
    <TestEntry testId="a3f7179d-224f-f712-0505-53bcb1b39b2d" executionId="47374295-2e5a-458d-82b1-0415e5c29a51" testListId="8c84fa94-04c1-424b-9868-57a2d4851a1d" />
    <TestEntry testId="37b23830-eb36-269d-32da-331714bb6f30" executionId="66b97b23-36a2-4e33-8c0f-3322840c844b" testListId="8c84fa94-04c1-424b-9868-57a2d4851a1d" />
    <TestEntry testId="4448b930-7016-8e44-d610-2a4ce98b9d3e" executionId="3f451186-4e77-45d2-9c1d-ced4f950341d" testListId="8c84fa94-04c1-424b-9868-57a2d4851a1d" />
    <TestEntry testId="18ccb483-1f78-78f6-7f04-eea105e6f2fc" executionId="16f25a1f-a397-4f02-8df8-d7605bfc3596" testListId="8c84fa94-04c1-424b-9868-57a2d4851a1d" />
    <TestEntry testId="265fe7d5-199c-252c-9b99-bb83b61fc682" executionId="29fad0b3-ab44-4162-97da-543626004428" testListId="8c84fa94-04c1-424b-9868-57a2d4851a1d" />
    <TestEntry testId="254600ae-2363-cbfd-4f9e-2274b0094e25" executionId="24b32628-43de-441c-bd12-d9932ec83733" testListId="8c84fa94-04c1-424b-9868-57a2d4851a1d" />
    <TestEntry testId="91171a61-fbe7-6209-e765-3b53652e89a8" executionId="0c512c68-edaf-42fe-9957-a0c60c121431" testListId="8c84fa94-04c1-424b-9868-57a2d4851a1d" />
    <TestEntry testId="cdf796ed-bc6b-71ea-3f00-7a7f97e87e29" executionId="1c4519a7-20b8-4710-90fb-11cc725167e1" testListId="8c84fa94-04c1-424b-9868-57a2d4851a1d" />
    <TestEntry testId="1d3018cc-1e56-c46f-4ae1-0f9d140a2ad2" executionId="6439cced-ce86-4d08-b5c9-ff7a27307c6f" testListId="8c84fa94-04c1-424b-9868-57a2d4851a1d" />
    <TestEntry testId="6edf857f-c350-109d-e751-78f29179f4c4" executionId="b5a57912-1175-4d44-b4aa-d47532d0494a" testListId="8c84fa94-04c1-424b-9868-57a2d4851a1d" />
    <TestEntry testId="64236d8c-30da-f5d7-d65c-2828f39b38f4" executionId="da767057-c940-4401-beea-e186fe1502ee" testListId="8c84fa94-04c1-424b-9868-57a2d4851a1d" />
    <TestEntry testId="224c61fa-26aa-dc32-028d-4941cee3e1b4" executionId="1fa65e51-58e5-49e6-8b89-6fb03b7c6b75" testListId="8c84fa94-04c1-424b-9868-57a2d4851a1d" />
    <TestEntry testId="3dd847b5-7101-a387-584f-a447c0078512" executionId="60916c02-0c40-4237-8bd9-b865afc394fb" testListId="8c84fa94-04c1-424b-9868-57a2d4851a1d" />
    <TestEntry testId="92498341-6556-0681-f973-fb0ee9e18d9d" executionId="3140d50f-1128-4c8f-a3f7-5d947210b807" testListId="8c84fa94-04c1-424b-9868-57a2d4851a1d" />
    <TestEntry testId="3f1f706f-8607-0903-ba67-2e1e67ae1d37" executionId="94772f68-a8bf-4c0d-8790-f9ffbcf3eb4b" testListId="8c84fa94-04c1-424b-9868-57a2d4851a1d" />
    <TestEntry testId="ae2bf262-f21f-0526-2e66-2c346e05493f" executionId="6fc8606d-ad6e-4a45-92a5-836ac4600a2d" testListId="8c84fa94-04c1-424b-9868-57a2d4851a1d" />
    <TestEntry testId="a6213a20-b401-20f3-7b2f-1044dcf1bcfe" executionId="2d5a3f71-16e3-4206-91d4-fa6eec8e717b" testListId="8c84fa94-04c1-424b-9868-57a2d4851a1d" />
    <TestEntry testId="92211078-7eae-0ad3-1257-373a2bacdbc3" executionId="420f9781-3f57-4023-bd85-5c986722b0a5" testListId="8c84fa94-04c1-424b-9868-57a2d4851a1d" />
    <TestEntry testId="56713129-977e-f223-892f-ff8298e04f84" executionId="cd256893-dbe1-4ad8-b492-0080b5bfb39c" testListId="8c84fa94-04c1-424b-9868-57a2d4851a1d" />
    <TestEntry testId="71d44d28-4839-6bff-13df-574b04f76a59" executionId="1448f76e-f6db-42c1-8a04-5abb3e65b1a5" testListId="8c84fa94-04c1-424b-9868-57a2d4851a1d" />
    <TestEntry testId="dfe07778-974c-5237-57e7-e166dc24d5be" executionId="66c4145e-e101-4768-a07a-f640203bbcb8" testListId="8c84fa94-04c1-424b-9868-57a2d4851a1d" />
    <TestEntry testId="6366963e-8717-87a6-f440-2130aa9fc9dc" executionId="073551e3-5902-480c-a0ef-6298b0cffc2e" testListId="8c84fa94-04c1-424b-9868-57a2d4851a1d" />
    <TestEntry testId="d866ee6a-ddb8-9e68-69f3-feafaa9032a9" executionId="733f5a97-efa5-49da-bed9-77350642a843" testListId="8c84fa94-04c1-424b-9868-57a2d4851a1d" />
    <TestEntry testId="c2db256a-e7c9-78d2-d025-8768c4c06997" executionId="48650a01-dec8-4b0b-80b3-f252c935c191" testListId="8c84fa94-04c1-424b-9868-57a2d4851a1d" />
    <TestEntry testId="252a30d6-4d8d-1fd5-e2fb-58fe95d92228" executionId="7492e5a0-7c43-42dd-b1c5-0f2dfb7d34fb" testListId="8c84fa94-04c1-424b-9868-57a2d4851a1d" />
    <TestEntry testId="9f044f5f-c5bb-dc12-8d47-5af1a8dd1680" executionId="60d39e78-8e12-4ce2-b359-98ed9edf5c65" testListId="8c84fa94-04c1-424b-9868-57a2d4851a1d" />
    <TestEntry testId="93bddd0a-6593-1efb-c454-577812c2cc12" executionId="436d0e43-8d82-46e6-a920-62ee6b37d6be" testListId="8c84fa94-04c1-424b-9868-57a2d4851a1d" />
    <TestEntry testId="d42781b5-1df1-2439-9cae-15996a584dc2" executionId="8507b413-97e5-4fa7-ab8e-fbf43fd73e40" testListId="8c84fa94-04c1-424b-9868-57a2d4851a1d" />
    <TestEntry testId="7ac3eb7d-db64-9b1e-5e55-d56d29d72896" executionId="5ed5d46d-ef66-4fa9-b17c-a8a194aab8c3" testListId="8c84fa94-04c1-424b-9868-57a2d4851a1d" />
    <TestEntry testId="2e8fd848-d1c0-5afc-6f97-94242fd6a63d" executionId="8f03a33b-06e5-49c6-bbbf-5daa0bd6ca1f" testListId="8c84fa94-04c1-424b-9868-57a2d4851a1d" />
    <TestEntry testId="251af5dc-c0ce-962e-862d-f35a4bf496d9" executionId="249ceb24-7904-4474-8987-cf513ffd7044" testListId="8c84fa94-04c1-424b-9868-57a2d4851a1d" />
    <TestEntry testId="56b59e08-03c0-bb46-07ea-9da73ded649c" executionId="03ac7391-e530-42d4-b414-2192819df0ae" testListId="8c84fa94-04c1-424b-9868-57a2d4851a1d" />
    <TestEntry testId="c4c58014-3ecf-f48a-089a-d2f96e5fc65c" executionId="31d5b395-c3ca-4b6e-90d9-0d3545da261a" testListId="8c84fa94-04c1-424b-9868-57a2d4851a1d" />
    <TestEntry testId="33523881-f2db-c47e-d853-f3dbb49d03b4" executionId="c88637c3-b112-4990-86af-93f748d75f37" testListId="8c84fa94-04c1-424b-9868-57a2d4851a1d" />
    <TestEntry testId="cb237dfd-b286-873e-43f2-0c17c4064f6d" executionId="028b84fb-8570-4a99-b2e8-e81ac87c2890" testListId="8c84fa94-04c1-424b-9868-57a2d4851a1d" />
    <TestEntry testId="061edfb7-c3c6-f1a1-0845-c2096f025174" executionId="78ff2cf8-5a0a-49a7-8737-ba07d50197e1" testListId="8c84fa94-04c1-424b-9868-57a2d4851a1d" />
  </TestEntries>
  <TestLists>
    <TestList name="Results Not in a List" id="8c84fa94-04c1-424b-9868-57a2d4851a1d" />
    <TestList name="All Loaded Results" id="19431567-8539-422a-85d7-44ee4e166bda" />
  </TestLists>
  <ResultSummary outcome="Completed">
    <Counters total="95" executed="95" passed="95" failed="0" error="0" timeout="0" aborted="0" inconclusive="0" passedButRunAborted="0" notRunnable="0" notExecuted="0" disconnected="0" warning="0" completed="0" inProgress="0" pending="0" />
    <Output>
      <StdOut>[xUnit.net 00:00:00.00] xUnit.net VSTest Adapter v3.1.5+1b188a7b0a (64-bit .NET 10.0.11)&#xD;
[xUnit.net 00:00:00.32]   Discovering: McpServer.PluginIntegration.Tests&#xD;
[xUnit.net 00:00:00.81]   Discovered:  McpServer.PluginIntegration.Tests&#xD;
[xUnit.net 00:00:01.15]   Starting:    McpServer.PluginIntegration.Tests&#xD;
[xUnit.net 00:14:38.42]   Finished:    McpServer.PluginIntegration.Tests (ID = 'e01212c0ca6838d7a5f49436c8fcd17d4d1616c04bcd9ab0cc94bc0f8bfa83b4')&#xD;
</StdOut>
    </Output>
  </ResultSummary>
</TestRun>