<?xml version="1.0" encoding="utf-8"?>
<TestRun id="e263cbc5-ccf9-4e32-a541-7592242ae541" name="kingd@PAYTON-LEGION2 2026-08-22 01:22:01" runUser="PAYTON-LEGION2\kingd" xmlns="http://microsoft.com/schemas/VisualStudio/TeamTest/2010">
  <Times creation="2026-08-22T01:22:01.1838225-05:00" queuing="2026-08-22T01:22:01.1838230-05:00" start="2026-08-22T01:21:44.5345892-05:00" finish="2026-08-22T01:27:30.8729052-05:00" />
  <TestSettings name="default" id="c98c20ec-c452-47ee-a245-5c51acb6a8c4">
    <Deployment runDeploymentRoot="kingd_PAYTON-LEGION2_2026-08-22_01_22_01" />
  </TestSettings>
  <Results>
    <UnitTestResult executionId="10157813-8ae9-4fa1-bca6-e35fba06663c" testId="16e0597d-2c1d-2bf6-e21f-ae04790f090e" testName="McpServer.PluginIntegration.Tests.PluginSessionLogWorkflowAdapterTests.Theory_Agent_Success_NoPendingFailsafe(hostKind: ClaudeCowork)" computerName="PAYTON-LEGION2" duration="00:00:19.0401180" startTime="2026-08-22T01:27:11.5186700-05:00" endTime="2026-08-22T01:27:30.5588490-05:00" testType="13cdc9d9-ddb5-4fa4-a97d-d965ccfc6d4b" outcome="Passed" testListId="8c84fa94-04c1-424b-9868-57a2d4851a1d" relativeResultsDirectory="10157813-8ae9-4fa1-bca6-e35fba06663c" />
    <UnitTestResult executionId="380d5163-2c0f-4705-807c-c985d9161c4a" testId="03bda010-af59-fb35-5981-437a592246dd" testName="McpServer.PluginIntegration.Tests.PluginSessionLogWorkflowAdapterTests.Theory_Agent_Success_NoPendingFailsafe(hostKind: Codex)" computerName="PAYTON-LEGION2" duration="00:00:12.0776226" startTime="2026-08-22T01:26:32.3837644-05:00" endTime="2026-08-22T01:26:44.4614314-05:00" testType="13cdc9d9-ddb5-4fa4-a97d-d965ccfc6d4b" outcome="Passed" testListId="8c84fa94-04c1-424b-9868-57a2d4851a1d" relativeResultsDirectory="380d5163-2c0f-4705-807c-c985d9161c4a" />
    <UnitTestResult executionId="f8b5a9cd-8226-44fd-925b-99589b5f7495" testId="c0c07ad3-27db-f94f-d446-642da990a085" testName="McpServer.PluginIntegration.Tests.PluginSessionLogWorkflowAdapterTests.Theory_Agent_FailedSubmit_RetainsRootIdPending(hostKind: ClaudeCode)" computerName="PAYTON-LEGION2" duration="00:00:13.6392215" startTime="2026-08-22T01:24:53.7316280-05:00" endTime="2026-08-22T01:25:07.3709236-05:00" testType="13cdc9d9-ddb5-4fa4-a97d-d965ccfc6d4b" outcome="Passed" testListId="8c84fa94-04c1-424b-9868-57a2d4851a1d" relativeResultsDirectory="f8b5a9cd-8226-44fd-925b-99589b5f7495" />
    <UnitTestResult executionId="f697d35b-eaa7-427a-b8fa-dde0b5d5928a" testId="56b59e08-03c0-bb46-07ea-9da73ded649c" testName="McpServer.PluginIntegration.Tests.PluginSessionLogWorkflowAdapterTests.Theory_Agent_RetrySuccess_DeletesOnlyMatchingPending(hostKind: Copilot)" computerName="PAYTON-LEGION2" duration="00:00:13.6695166" startTime="2026-08-22T01:22:22.3493852-05:00" endTime="2026-08-22T01:22:36.0191985-05:00" testType="13cdc9d9-ddb5-4fa4-a97d-d965ccfc6d4b" outcome="Passed" testListId="8c84fa94-04c1-424b-9868-57a2d4851a1d" relativeResultsDirectory="f697d35b-eaa7-427a-b8fa-dde0b5d5928a" />
    <UnitTestResult executionId="6d0e8039-1e61-48ba-a12d-10954962e4c1" testId="ae2bf262-f21f-0526-2e66-2c346e05493f" testName="McpServer.PluginIntegration.Tests.PluginSessionLogWorkflowAdapterTests.Theory_Agent_Success_NoPendingFailsafe(hostKind: ClaudeCode)" computerName="PAYTON-LEGION2" duration="00:00:18.2600319" startTime="2026-08-22T01:25:30.8347907-05:00" endTime="2026-08-22T01:25:49.0948659-05:00" testType="13cdc9d9-ddb5-4fa4-a97d-d965ccfc6d4b" outcome="Passed" testListId="8c84fa94-04c1-424b-9868-57a2d4851a1d" relativeResultsDirectory="6d0e8039-1e61-48ba-a12d-10954962e4c1" />
    <UnitTestResult executionId="bda8b1b8-d984-47f8-8552-1e813ed0cb6f" testId="744c635a-1ca9-b473-6d94-01ff2c3f2b0d" testName="McpServer.PluginIntegration.Tests.PluginSessionLogWorkflowAdapterTests.Theory_Agent_FailedSubmit_RetainsRootIdPending(hostKind: Cline)" computerName="PAYTON-LEGION2" duration="00:00:18.0164205" startTime="2026-08-22T01:23:52.3324610-05:00" endTime="2026-08-22T01:24:10.3489441-05:00" testType="13cdc9d9-ddb5-4fa4-a97d-d965ccfc6d4b" outcome="Passed" testListId="8c84fa94-04c1-424b-9868-57a2d4851a1d" relativeResultsDirectory="bda8b1b8-d984-47f8-8552-1e813ed0cb6f" />
    <UnitTestResult executionId="144dc48c-ad76-4b81-b9f9-6904fe5dbef4" testId="b2c8eee1-8318-c99d-f5f3-3c0b9908f8fd" testName="McpServer.PluginIntegration.Tests.PluginSessionLogWorkflowAdapterTests.Theory_Agent_FailedSubmit_RetainsRootIdPending(hostKind: ClaudeCowork)" computerName="PAYTON-LEGION2" duration="00:00:11.4057742" startTime="2026-08-22T01:25:07.3735658-05:00" endTime="2026-08-22T01:25:18.7793905-05:00" testType="13cdc9d9-ddb5-4fa4-a97d-d965ccfc6d4b" outcome="Passed" testListId="8c84fa94-04c1-424b-9868-57a2d4851a1d" relativeResultsDirectory="144dc48c-ad76-4b81-b9f9-6904fe5dbef4" />
    <UnitTestResult executionId="abe54059-5a70-4055-95f3-b5f34e03373c" testId="1500790d-a7bc-734d-cbdc-80dbce68facc" testName="McpServer.PluginIntegration.Tests.PluginSessionLogWorkflowAdapterTests.Theory_Agent_Success_NoPendingFailsafe(hostKind: Grok)" computerName="PAYTON-LEGION2" duration="00:00:11.2915441" startTime="2026-08-22T01:26:21.0903717-05:00" endTime="2026-08-22T01:26:32.3819562-05:00" testType="13cdc9d9-ddb5-4fa4-a97d-d965ccfc6d4b" outcome="Passed" testListId="8c84fa94-04c1-424b-9868-57a2d4851a1d" relativeResultsDirectory="abe54059-5a70-4055-95f3-b5f34e03373c" />
    <UnitTestResult executionId="f45f1e43-8c22-4423-b9fa-cb66f0a66eae" testId="254600ae-2363-cbfd-4f9e-2274b0094e25" testName="McpServer.PluginIntegration.Tests.PluginSessionLogWorkflowAdapterTests.Theory_Agent_FailedSubmit_RetainsRootIdPending(hostKind: OpenCode)" computerName="PAYTON-LEGION2" duration="00:00:09.7418754" startTime="2026-08-22T01:24:10.3514293-05:00" endTime="2026-08-22T01:24:20.0933620-05:00" testType="13cdc9d9-ddb5-4fa4-a97d-d965ccfc6d4b" outcome="Passed" testListId="8c84fa94-04c1-424b-9868-57a2d4851a1d" relativeResultsDirectory="f45f1e43-8c22-4423-b9fa-cb66f0a66eae" />
    <UnitTestResult executionId="8a4306ba-cb35-4fdb-966a-32a65d5155c7" testId="265fe7d5-199c-252c-9b99-bb83b61fc682" testName="McpServer.PluginIntegration.Tests.PluginSessionLogWorkflowAdapterTests.Theory_Agent_RetrySuccess_DeletesOnlyMatchingPending(hostKind: Cline)" computerName="PAYTON-LEGION2" duration="00:00:21.2175545" startTime="2026-08-22T01:22:01.1283264-05:00" endTime="2026-08-22T01:22:22.3460659-05:00" testType="13cdc9d9-ddb5-4fa4-a97d-d965ccfc6d4b" outcome="Passed" testListId="8c84fa94-04c1-424b-9868-57a2d4851a1d" relativeResultsDirectory="8a4306ba-cb35-4fdb-966a-32a65d5155c7" />
    <UnitTestResult executionId="439dda56-3d32-4c78-827b-ec17e1f40ec0" testId="224c61fa-26aa-dc32-028d-4941cee3e1b4" testName="McpServer.PluginIntegration.Tests.PluginSessionLogWorkflowAdapterTests.Theory_Agent_RetrySuccess_DeletesOnlyMatchingPending(hostKind: ClaudeCowork)" computerName="PAYTON-LEGION2" duration="00:00:11.6248801" startTime="2026-08-22T01:22:36.0210721-05:00" endTime="2026-08-22T01:22:47.6460417-05:00" testType="13cdc9d9-ddb5-4fa4-a97d-d965ccfc6d4b" outcome="Passed" testListId="8c84fa94-04c1-424b-9868-57a2d4851a1d" relativeResultsDirectory="439dda56-3d32-4c78-827b-ec17e1f40ec0" />
    <UnitTestResult executionId="e78e73e0-a87d-400b-8b75-cc11cfc071cc" testId="c372fab5-6807-1e21-9c6e-b467c42bba44" testName="McpServer.PluginIntegration.Tests.PluginSessionLogWorkflowAdapterTests.Theory_Agent_FailedSubmit_RetainsRootIdPending(hostKind: Copilot)" computerName="PAYTON-LEGION2" duration="00:00:10.8922353" startTime="2026-08-22T01:24:42.8377827-05:00" endTime="2026-08-22T01:24:53.7300849-05:00" testType="13cdc9d9-ddb5-4fa4-a97d-d965ccfc6d4b" outcome="Passed" testListId="8c84fa94-04c1-424b-9868-57a2d4851a1d" relativeResultsDirectory="e78e73e0-a87d-400b-8b75-cc11cfc071cc" />
    <UnitTestResult executionId="f54cb0bf-f94f-4803-a635-cea1e95cc37b" testId="c4cbf0b1-0f75-e8ff-2765-03c7bce6b0f3" testName="McpServer.PluginIntegration.Tests.PluginSessionLogWorkflowAdapterTests.Theory_Agent_RetrySuccess_DeletesOnlyMatchingPending(hostKind: ClaudeCode)" computerName="PAYTON-LEGION2" duration="00:00:14.7990873" startTime="2026-08-22T01:22:47.6480636-05:00" endTime="2026-08-22T01:23:02.4472426-05:00" testType="13cdc9d9-ddb5-4fa4-a97d-d965ccfc6d4b" outcome="Passed" testListId="8c84fa94-04c1-424b-9868-57a2d4851a1d" relativeResultsDirectory="f54cb0bf-f94f-4803-a635-cea1e95cc37b" />
    <UnitTestResult executionId="74aeed0d-dcd3-44b0-981e-dbe17fcf9ab2" testId="061edfb7-c3c6-f1a1-0845-c2096f025174" testName="McpServer.PluginIntegration.Tests.PluginSessionLogWorkflowAdapterTests.Theory_Agent_FailedSubmit_RetainsRootIdPending(hostKind: Codex)" computerName="PAYTON-LEGION2" duration="00:00:12.0493332" startTime="2026-08-22T01:25:18.7825852-05:00" endTime="2026-08-22T01:25:30.8321199-05:00" testType="13cdc9d9-ddb5-4fa4-a97d-d965ccfc6d4b" outcome="Passed" testListId="8c84fa94-04c1-424b-9868-57a2d4851a1d" relativeResultsDirectory="74aeed0d-dcd3-44b0-981e-dbe17fcf9ab2" />
    <UnitTestResult executionId="64c7a575-5a8a-4baf-b99f-8bfefd979886" testId="1752009c-d3e5-d4f7-e650-01361122442f" testName="McpServer.PluginIntegration.Tests.PluginSessionLogWorkflowAdapterTests.Theory_Agent_Success_NoPendingFailsafe(hostKind: OpenCode)" computerName="PAYTON-LEGION2" duration="00:00:10.3913835" startTime="2026-08-22T01:26:44.4622639-05:00" endTime="2026-08-22T01:26:54.8536874-05:00" testType="13cdc9d9-ddb5-4fa4-a97d-d965ccfc6d4b" outcome="Passed" testListId="8c84fa94-04c1-424b-9868-57a2d4851a1d" relativeResultsDirectory="64c7a575-5a8a-4baf-b99f-8bfefd979886" />
    <UnitTestResult executionId="2d9fab51-4507-4dd2-8114-a04dc6c14331" testId="64236d8c-30da-f5d7-d65c-2828f39b38f4" testName="McpServer.PluginIntegration.Tests.PluginSessionLogWorkflowAdapterTests.Theory_Agent_RetrySuccess_DeletesOnlyMatchingPending(hostKind: Grok)" computerName="PAYTON-LEGION2" duration="00:00:20.8217851" startTime="2026-08-22T01:23:31.4850962-05:00" endTime="2026-08-22T01:23:52.3069608-05:00" testType="13cdc9d9-ddb5-4fa4-a97d-d965ccfc6d4b" outcome="Passed" testListId="8c84fa94-04c1-424b-9868-57a2d4851a1d" relativeResultsDirectory="2d9fab51-4507-4dd2-8114-a04dc6c14331" />
    <UnitTestResult executionId="3ffb5960-d7fa-4bb7-9ae0-ba698af9ce3b" testId="251af5dc-c0ce-962e-862d-f35a4bf496d9" testName="McpServer.PluginIntegration.Tests.PluginSessionLogWorkflowAdapterTests.Theory_Agent_FailedSubmit_RetainsRootIdPending(hostKind: ClineV2)" computerName="PAYTON-LEGION2" duration="00:00:11.2472908" startTime="2026-08-22T01:24:31.5872962-05:00" endTime="2026-08-22T01:24:42.8346674-05:00" testType="13cdc9d9-ddb5-4fa4-a97d-d965ccfc6d4b" outcome="Passed" testListId="8c84fa94-04c1-424b-9868-57a2d4851a1d" relativeResultsDirectory="3ffb5960-d7fa-4bb7-9ae0-ba698af9ce3b" />
    <UnitTestResult executionId="7d8a6a76-5e57-4a78-aa6e-ec7f8f9c15ff" testId="7587d980-0453-b39c-4e94-cc72ce37e8b8" testName="McpServer.PluginIntegration.Tests.PluginSessionLogWorkflowAdapterTests.Theory_Agent_Success_NoPendingFailsafe(hostKind: Cline)" computerName="PAYTON-LEGION2" duration="00:00:16.6624839" startTime="2026-08-22T01:26:54.8541673-05:00" endTime="2026-08-22T01:27:11.5166872-05:00" testType="13cdc9d9-ddb5-4fa4-a97d-d965ccfc6d4b" outcome="Passed" testListId="8c84fa94-04c1-424b-9868-57a2d4851a1d" relativeResultsDirectory="7d8a6a76-5e57-4a78-aa6e-ec7f8f9c15ff" />
    <UnitTestResult executionId="01011c7f-179b-43d6-bd46-1f0b4e09d879" testId="1d3018cc-1e56-c46f-4ae1-0f9d140a2ad2" testName="McpServer.PluginIntegration.Tests.PluginSessionLogWorkflowAdapterTests.Theory_Agent_Success_NoPendingFailsafe(hostKind: ClineV2)" computerName="PAYTON-LEGION2" duration="00:00:19.5750564" startTime="2026-08-22T01:25:49.0970170-05:00" endTime="2026-08-22T01:26:08.6721291-05:00" testType="13cdc9d9-ddb5-4fa4-a97d-d965ccfc6d4b" outcome="Passed" testListId="8c84fa94-04c1-424b-9868-57a2d4851a1d" relativeResultsDirectory="01011c7f-179b-43d6-bd46-1f0b4e09d879" />
    <UnitTestResult executionId="0dbf1dd4-40cf-4efd-a498-6a836f50088b" testId="4448b930-7016-8e44-d610-2a4ce98b9d3e" testName="McpServer.PluginIntegration.Tests.PluginSessionLogWorkflowAdapterTests.Theory_Agent_RetrySuccess_DeletesOnlyMatchingPending(hostKind: OpenCode)" computerName="PAYTON-LEGION2" duration="00:00:12.2989260" startTime="2026-08-22T01:23:02.4501379-05:00" endTime="2026-08-22T01:23:14.7492775-05:00" testType="13cdc9d9-ddb5-4fa4-a97d-d965ccfc6d4b" outcome="Passed" testListId="8c84fa94-04c1-424b-9868-57a2d4851a1d" relativeResultsDirectory="0dbf1dd4-40cf-4efd-a498-6a836f50088b" />
    <UnitTestResult executionId="de69bc21-888d-438a-8964-949d4fdf9faf" testId="c57d5192-3219-dc3c-87f5-441a19e23ec1" testName="McpServer.PluginIntegration.Tests.PluginSessionLogWorkflowAdapterTests.Theory_Agent_RetrySuccess_DeletesOnlyMatchingPending(hostKind: Codex)" computerName="PAYTON-LEGION2" duration="00:00:14.4934300" startTime="2026-08-22T01:21:46.6073120-05:00" endTime="2026-08-22T01:22:01.1102444-05:00" testType="13cdc9d9-ddb5-4fa4-a97d-d965ccfc6d4b" outcome="Passed" testListId="8c84fa94-04c1-424b-9868-57a2d4851a1d" relativeResultsDirectory="de69bc21-888d-438a-8964-949d4fdf9faf" />
    <UnitTestResult executionId="f4ecd568-52fa-4c72-8d56-0d3ccdc705b6" testId="4cb3617a-7c0b-7462-11a6-5ea43af3e32c" testName="McpServer.PluginIntegration.Tests.PluginSessionLogWorkflowAdapterTests.Theory_Agent_Success_NoPendingFailsafe(hostKind: Copilot)" computerName="PAYTON-LEGION2" duration="00:00:12.4138698" startTime="2026-08-22T01:26:08.6755416-05:00" endTime="2026-08-22T01:26:21.0894744-05:00" testType="13cdc9d9-ddb5-4fa4-a97d-d965ccfc6d4b" outcome="Passed" testListId="8c84fa94-04c1-424b-9868-57a2d4851a1d" relativeResultsDirectory="f4ecd568-52fa-4c72-8d56-0d3ccdc705b6" />
    <UnitTestResult executionId="f2565fa6-d0e3-441c-9307-d9e9fb4439b5" testId="38fffb94-972f-1cb7-275d-1279768e32e3" testName="McpServer.PluginIntegration.Tests.PluginSessionLogWorkflowAdapterTests.Theory_Agent_FailedSubmit_RetainsRootIdPending(hostKind: Grok)" computerName="PAYTON-LEGION2" duration="00:00:11.4910617" startTime="2026-08-22T01:24:20.0939798-05:00" endTime="2026-08-22T01:24:31.5853489-05:00" testType="13cdc9d9-ddb5-4fa4-a97d-d965ccfc6d4b" outcome="Passed" testListId="8c84fa94-04c1-424b-9868-57a2d4851a1d" relativeResultsDirectory="f2565fa6-d0e3-441c-9307-d9e9fb4439b5" />
    <UnitTestResult executionId="ee97fbe6-738d-480a-ad51-981d5f05e1b1" testId="e03b355a-af8c-3ed2-aef8-0784d656e804" testName="McpServer.PluginIntegration.Tests.PluginSessionLogWorkflowAdapterTests.Theory_Agent_RetrySuccess_DeletesOnlyMatchingPending(hostKind: ClineV2)" computerName="PAYTON-LEGION2" duration="00:00:16.7303928" startTime="2026-08-22T01:23:14.7521361-05:00" endTime="2026-08-22T01:23:31.4826111-05:00" testType="13cdc9d9-ddb5-4fa4-a97d-d965ccfc6d4b" outcome="Passed" testListId="8c84fa94-04c1-424b-9868-57a2d4851a1d" relativeResultsDirectory="ee97fbe6-738d-480a-ad51-981d5f05e1b1" />
  </Results>
  <TestDefinitions>
    <UnitTest name="McpServer.PluginIntegration.Tests.PluginSessionLogWorkflowAdapterTests.Theory_Agent_FailedSubmit_RetainsRootIdPending(hostKind: OpenCode)" storage="f:\github\mcpserver\tests\mcpserver.pluginintegration.tests\bin\debug\net10.0\mcpserver.pluginintegration.tests.dll" id="254600ae-2363-cbfd-4f9e-2274b0094e25">
      <Execution id="f45f1e43-8c22-4423-b9fa-cb66f0a66eae" />
      <TestMethod codeBase="F:\GitHub\McpServer\tests\McpServer.PluginIntegration.Tests\bin\Debug\net10.0\McpServer.PluginIntegration.Tests.dll" adapterTypeName="executor://xunit/VsTestRunner3/netcore/" className="McpServer.PluginIntegration.Tests.PluginSessionLogWorkflowAdapterTests" name="Theory_Agent_FailedSubmit_RetainsRootIdPending" />
    </UnitTest>
    <UnitTest name="McpServer.PluginIntegration.Tests.PluginSessionLogWorkflowAdapterTests.Theory_Agent_RetrySuccess_DeletesOnlyMatchingPending(hostKind: OpenCode)" storage="f:\github\mcpserver\tests\mcpserver.pluginintegration.tests\bin\debug\net10.0\mcpserver.pluginintegration.tests.dll" id="4448b930-7016-8e44-d610-2a4ce98b9d3e">
      <Execution id="0dbf1dd4-40cf-4efd-a498-6a836f50088b" />
      <TestMethod codeBase="F:\GitHub\McpServer\tests\McpServer.PluginIntegration.Tests\bin\Debug\net10.0\McpServer.PluginIntegration.Tests.dll" adapterTypeName="executor://xunit/VsTestRunner3/netcore/" className="McpServer.PluginIntegration.Tests.PluginSessionLogWorkflowAdapterTests" name="Theory_Agent_RetrySuccess_DeletesOnlyMatchingPending" />
    </UnitTest>
    <UnitTest name="McpServer.PluginIntegration.Tests.PluginSessionLogWorkflowAdapterTests.Theory_Agent_RetrySuccess_DeletesOnlyMatchingPending(hostKind: Copilot)" storage="f:\github\mcpserver\tests\mcpserver.pluginintegration.tests\bin\debug\net10.0\mcpserver.pluginintegration.tests.dll" id="56b59e08-03c0-bb46-07ea-9da73ded649c">
      <Execution id="f697d35b-eaa7-427a-b8fa-dde0b5d5928a" />
      <TestMethod codeBase="F:\GitHub\McpServer\tests\McpServer.PluginIntegration.Tests\bin\Debug\net10.0\McpServer.PluginIntegration.Tests.dll" adapterTypeName="executor://xunit/VsTestRunner3/netcore/" className="McpServer.PluginIntegration.Tests.PluginSessionLogWorkflowAdapterTests" name="Theory_Agent_RetrySuccess_DeletesOnlyMatchingPending" />
    </UnitTest>
    <UnitTest name="McpServer.PluginIntegration.Tests.PluginSessionLogWorkflowAdapterTests.Theory_Agent_FailedSubmit_RetainsRootIdPending(hostKind: Cline)" storage="f:\github\mcpserver\tests\mcpserver.pluginintegration.tests\bin\debug\net10.0\mcpserver.pluginintegration.tests.dll" id="744c635a-1ca9-b473-6d94-01ff2c3f2b0d">
      <Execution id="bda8b1b8-d984-47f8-8552-1e813ed0cb6f" />
      <TestMethod codeBase="F:\GitHub\McpServer\tests\McpServer.PluginIntegration.Tests\bin\Debug\net10.0\McpServer.PluginIntegration.Tests.dll" adapterTypeName="executor://xunit/VsTestRunner3/netcore/" className="McpServer.PluginIntegration.Tests.PluginSessionLogWorkflowAdapterTests" name="Theory_Agent_FailedSubmit_RetainsRootIdPending" />
    </UnitTest>
    <UnitTest name="McpServer.PluginIntegration.Tests.PluginSessionLogWorkflowAdapterTests.Theory_Agent_Success_NoPendingFailsafe(hostKind: Copilot)" storage="f:\github\mcpserver\tests\mcpserver.pluginintegration.tests\bin\debug\net10.0\mcpserver.pluginintegration.tests.dll" id="4cb3617a-7c0b-7462-11a6-5ea43af3e32c">
      <Execution id="f4ecd568-52fa-4c72-8d56-0d3ccdc705b6" />
      <TestMethod codeBase="F:\GitHub\McpServer\tests\McpServer.PluginIntegration.Tests\bin\Debug\net10.0\McpServer.PluginIntegration.Tests.dll" adapterTypeName="executor://xunit/VsTestRunner3/netcore/" className="McpServer.PluginIntegration.Tests.PluginSessionLogWorkflowAdapterTests" name="Theory_Agent_Success_NoPendingFailsafe" />
    </UnitTest>
    <UnitTest name="McpServer.PluginIntegration.Tests.PluginSessionLogWorkflowAdapterTests.Theory_Agent_Success_NoPendingFailsafe(hostKind: OpenCode)" storage="f:\github\mcpserver\tests\mcpserver.pluginintegration.tests\bin\debug\net10.0\mcpserver.pluginintegration.tests.dll" id="1752009c-d3e5-d4f7-e650-01361122442f">
      <Execution id="64c7a575-5a8a-4baf-b99f-8bfefd979886" />
      <TestMethod codeBase="F:\GitHub\McpServer\tests\McpServer.PluginIntegration.Tests\bin\Debug\net10.0\McpServer.PluginIntegration.Tests.dll" adapterTypeName="executor://xunit/VsTestRunner3/netcore/" className="McpServer.PluginIntegration.Tests.PluginSessionLogWorkflowAdapterTests" name="Theory_Agent_Success_NoPendingFailsafe" />
    </UnitTest>
    <UnitTest name="McpServer.PluginIntegration.Tests.PluginSessionLogWorkflowAdapterTests.Theory_Agent_FailedSubmit_RetainsRootIdPending(hostKind: Copilot)" storage="f:\github\mcpserver\tests\mcpserver.pluginintegration.tests\bin\debug\net10.0\mcpserver.pluginintegration.tests.dll" id="c372fab5-6807-1e21-9c6e-b467c42bba44">
      <Execution id="e78e73e0-a87d-400b-8b75-cc11cfc071cc" />
      <TestMethod codeBase="F:\GitHub\McpServer\tests\McpServer.PluginIntegration.Tests\bin\Debug\net10.0\McpServer.PluginIntegration.Tests.dll" adapterTypeName="executor://xunit/VsTestRunner3/netcore/" className="McpServer.PluginIntegration.Tests.PluginSessionLogWorkflowAdapterTests" name="Theory_Agent_FailedSubmit_RetainsRootIdPending" />
    </UnitTest>
    <UnitTest name="McpServer.PluginIntegration.Tests.PluginSessionLogWorkflowAdapterTests.Theory_Agent_RetrySuccess_DeletesOnlyMatchingPending(hostKind: ClaudeCowork)" storage="f:\github\mcpserver\tests\mcpserver.pluginintegration.tests\bin\debug\net10.0\mcpserver.pluginintegration.tests.dll" id="224c61fa-26aa-dc32-028d-4941cee3e1b4">
      <Execution id="439dda56-3d32-4c78-827b-ec17e1f40ec0" />
      <TestMethod codeBase="F:\GitHub\McpServer\tests\McpServer.PluginIntegration.Tests\bin\Debug\net10.0\McpServer.PluginIntegration.Tests.dll" adapterTypeName="executor://xunit/VsTestRunner3/netcore/" className="McpServer.PluginIntegration.Tests.PluginSessionLogWorkflowAdapterTests" name="Theory_Agent_RetrySuccess_DeletesOnlyMatchingPending" />
    </UnitTest>
    <UnitTest name="McpServer.PluginIntegration.Tests.PluginSessionLogWorkflowAdapterTests.Theory_Agent_FailedSubmit_RetainsRootIdPending(hostKind: Grok)" storage="f:\github\mcpserver\tests\mcpserver.pluginintegration.tests\bin\debug\net10.0\mcpserver.pluginintegration.tests.dll" id="38fffb94-972f-1cb7-275d-1279768e32e3">
      <Execution id="f2565fa6-d0e3-441c-9307-d9e9fb4439b5" />
      <TestMethod codeBase="F:\GitHub\McpServer\tests\McpServer.PluginIntegration.Tests\bin\Debug\net10.0\McpServer.PluginIntegration.Tests.dll" adapterTypeName="executor://xunit/VsTestRunner3/netcore/" className="McpServer.PluginIntegration.Tests.PluginSessionLogWorkflowAdapterTests" name="Theory_Agent_FailedSubmit_RetainsRootIdPending" />
    </UnitTest>
    <UnitTest name="McpServer.PluginIntegration.Tests.PluginSessionLogWorkflowAdapterTests.Theory_Agent_FailedSubmit_RetainsRootIdPending(hostKind: Codex)" storage="f:\github\mcpserver\tests\mcpserver.pluginintegration.tests\bin\debug\net10.0\mcpserver.pluginintegration.tests.dll" id="061edfb7-c3c6-f1a1-0845-c2096f025174">
      <Execution id="74aeed0d-dcd3-44b0-981e-dbe17fcf9ab2" />
      <TestMethod codeBase="F:\GitHub\McpServer\tests\McpServer.PluginIntegration.Tests\bin\Debug\net10.0\McpServer.PluginIntegration.Tests.dll" adapterTypeName="executor://xunit/VsTestRunner3/netcore/" className="McpServer.PluginIntegration.Tests.PluginSessionLogWorkflowAdapterTests" name="Theory_Agent_FailedSubmit_RetainsRootIdPending" />
    </UnitTest>
    <UnitTest name="McpServer.PluginIntegration.Tests.PluginSessionLogWorkflowAdapterTests.Theory_Agent_Success_NoPendingFailsafe(hostKind: ClaudeCowork)" storage="f:\github\mcpserver\tests\mcpserver.pluginintegration.tests\bin\debug\net10.0\mcpserver.pluginintegration.tests.dll" id="16e0597d-2c1d-2bf6-e21f-ae04790f090e">
      <Execution id="10157813-8ae9-4fa1-bca6-e35fba06663c" />
      <TestMethod codeBase="F:\GitHub\McpServer\tests\McpServer.PluginIntegration.Tests\bin\Debug\net10.0\McpServer.PluginIntegration.Tests.dll" adapterTypeName="executor://xunit/VsTestRunner3/netcore/" className="McpServer.PluginIntegration.Tests.PluginSessionLogWorkflowAdapterTests" name="Theory_Agent_Success_NoPendingFailsafe" />
    </UnitTest>
    <UnitTest name="McpServer.PluginIntegration.Tests.PluginSessionLogWorkflowAdapterTests.Theory_Agent_RetrySuccess_DeletesOnlyMatchingPending(hostKind: Grok)" storage="f:\github\mcpserver\tests\mcpserver.pluginintegration.tests\bin\debug\net10.0\mcpserver.pluginintegration.tests.dll" id="64236d8c-30da-f5d7-d65c-2828f39b38f4">
      <Execution id="2d9fab51-4507-4dd2-8114-a04dc6c14331" />
      <TestMethod codeBase="F:\GitHub\McpServer\tests\McpServer.PluginIntegration.Tests\bin\Debug\net10.0\McpServer.PluginIntegration.Tests.dll" adapterTypeName="executor://xunit/VsTestRunner3/netcore/" className="McpServer.PluginIntegration.Tests.PluginSessionLogWorkflowAdapterTests" name="Theory_Agent_RetrySuccess_DeletesOnlyMatchingPending" />
    </UnitTest>
    <UnitTest name="McpServer.PluginIntegration.Tests.PluginSessionLogWorkflowAdapterTests.Theory_Agent_RetrySuccess_DeletesOnlyMatchingPending(hostKind: ClineV2)" storage="f:\github\mcpserver\tests\mcpserver.pluginintegration.tests\bin\debug\net10.0\mcpserver.pluginintegration.tests.dll" id="e03b355a-af8c-3ed2-aef8-0784d656e804">
      <Execution id="ee97fbe6-738d-480a-ad51-981d5f05e1b1" />
      <TestMethod codeBase="F:\GitHub\McpServer\tests\McpServer.PluginIntegration.Tests\bin\Debug\net10.0\McpServer.PluginIntegration.Tests.dll" adapterTypeName="executor://xunit/VsTestRunner3/netcore/" className="McpServer.PluginIntegration.Tests.PluginSessionLogWorkflowAdapterTests" name="Theory_Agent_RetrySuccess_DeletesOnlyMatchingPending" />
    </UnitTest>
    <UnitTest name="McpServer.PluginIntegration.Tests.PluginSessionLogWorkflowAdapterTests.Theory_Agent_FailedSubmit_RetainsRootIdPending(hostKind: ClineV2)" storage="f:\github\mcpserver\tests\mcpserver.pluginintegration.tests\bin\debug\net10.0\mcpserver.pluginintegration.tests.dll" id="251af5dc-c0ce-962e-862d-f35a4bf496d9">
      <Execution id="3ffb5960-d7fa-4bb7-9ae0-ba698af9ce3b" />
      <TestMethod codeBase="F:\GitHub\McpServer\tests\McpServer.PluginIntegration.Tests\bin\Debug\net10.0\McpServer.PluginIntegration.Tests.dll" adapterTypeName="executor://xunit/VsTestRunner3/netcore/" className="McpServer.PluginIntegration.Tests.PluginSessionLogWorkflowAdapterTests" name="Theory_Agent_FailedSubmit_RetainsRootIdPending" />
    </UnitTest>
    <UnitTest name="McpServer.PluginIntegration.Tests.PluginSessionLogWorkflowAdapterTests.Theory_Agent_Success_NoPendingFailsafe(hostKind: ClineV2)" storage="f:\github\mcpserver\tests\mcpserver.pluginintegration.tests\bin\debug\net10.0\mcpserver.pluginintegration.tests.dll" id="1d3018cc-1e56-c46f-4ae1-0f9d140a2ad2">
      <Execution id="01011c7f-179b-43d6-bd46-1f0b4e09d879" />
      <TestMethod codeBase="F:\GitHub\McpServer\tests\McpServer.PluginIntegration.Tests\bin\Debug\net10.0\McpServer.PluginIntegration.Tests.dll" adapterTypeName="executor://xunit/VsTestRunner3/netcore/" className="McpServer.PluginIntegration.Tests.PluginSessionLogWorkflowAdapterTests" name="Theory_Agent_Success_NoPendingFailsafe" />
    </UnitTest>
    <UnitTest name="McpServer.PluginIntegration.Tests.PluginSessionLogWorkflowAdapterTests.Theory_Agent_Success_NoPendingFailsafe(hostKind: Grok)" storage="f:\github\mcpserver\tests\mcpserver.pluginintegration.tests\bin\debug\net10.0\mcpserver.pluginintegration.tests.dll" id="1500790d-a7bc-734d-cbdc-80dbce68facc">
      <Execution id="abe54059-5a70-4055-95f3-b5f34e03373c" />
      <TestMethod codeBase="F:\GitHub\McpServer\tests\McpServer.PluginIntegration.Tests\bin\Debug\net10.0\McpServer.PluginIntegration.Tests.dll" adapterTypeName="executor://xunit/VsTestRunner3/netcore/" className="McpServer.PluginIntegration.Tests.PluginSessionLogWorkflowAdapterTests" name="Theory_Agent_Success_NoPendingFailsafe" />
    </UnitTest>
    <UnitTest name="McpServer.PluginIntegration.Tests.PluginSessionLogWorkflowAdapterTests.Theory_Agent_FailedSubmit_RetainsRootIdPending(hostKind: ClaudeCode)" storage="f:\github\mcpserver\tests\mcpserver.pluginintegration.tests\bin\debug\net10.0\mcpserver.pluginintegration.tests.dll" id="c0c07ad3-27db-f94f-d446-642da990a085">
      <Execution id="f8b5a9cd-8226-44fd-925b-99589b5f7495" />
      <TestMethod codeBase="F:\GitHub\McpServer\tests\McpServer.PluginIntegration.Tests\bin\Debug\net10.0\McpServer.PluginIntegration.Tests.dll" adapterTypeName="executor://xunit/VsTestRunner3/netcore/" className="McpServer.PluginIntegration.Tests.PluginSessionLogWorkflowAdapterTests" name="Theory_Agent_FailedSubmit_RetainsRootIdPending" />
    </UnitTest>
    <UnitTest name="McpServer.PluginIntegration.Tests.PluginSessionLogWorkflowAdapterTests.Theory_Agent_Success_NoPendingFailsafe(hostKind: Cline)" storage="f:\github\mcpserver\tests\mcpserver.pluginintegration.tests\bin\debug\net10.0\mcpserver.pluginintegration.tests.dll" id="7587d980-0453-b39c-4e94-cc72ce37e8b8">
      <Execution id="7d8a6a76-5e57-4a78-aa6e-ec7f8f9c15ff" />
      <TestMethod codeBase="F:\GitHub\McpServer\tests\McpServer.PluginIntegration.Tests\bin\Debug\net10.0\McpServer.PluginIntegration.Tests.dll" adapterTypeName="executor://xunit/VsTestRunner3/netcore/" className="McpServer.PluginIntegration.Tests.PluginSessionLogWorkflowAdapterTests" name="Theory_Agent_Success_NoPendingFailsafe" />
    </UnitTest>
    <UnitTest name="McpServer.PluginIntegration.Tests.PluginSessionLogWorkflowAdapterTests.Theory_Agent_RetrySuccess_DeletesOnlyMatchingPending(hostKind: Codex)" storage="f:\github\mcpserver\tests\mcpserver.pluginintegration.tests\bin\debug\net10.0\mcpserver.pluginintegration.tests.dll" id="c57d5192-3219-dc3c-87f5-441a19e23ec1">
      <Execution id="de69bc21-888d-438a-8964-949d4fdf9faf" />
      <TestMethod codeBase="F:\GitHub\McpServer\tests\McpServer.PluginIntegration.Tests\bin\Debug\net10.0\McpServer.PluginIntegration.Tests.dll" adapterTypeName="executor://xunit/VsTestRunner3/netcore/" className="McpServer.PluginIntegration.Tests.PluginSessionLogWorkflowAdapterTests" name="Theory_Agent_RetrySuccess_DeletesOnlyMatchingPending" />
    </UnitTest>
    <UnitTest name="McpServer.PluginIntegration.Tests.PluginSessionLogWorkflowAdapterTests.Theory_Agent_RetrySuccess_DeletesOnlyMatchingPending(hostKind: ClaudeCode)" storage="f:\github\mcpserver\tests\mcpserver.pluginintegration.tests\bin\debug\net10.0\mcpserver.pluginintegration.tests.dll" id="c4cbf0b1-0f75-e8ff-2765-03c7bce6b0f3">
      <Execution id="f54cb0bf-f94f-4803-a635-cea1e95cc37b" />
      <TestMethod codeBase="F:\GitHub\McpServer\tests\McpServer.PluginIntegration.Tests\bin\Debug\net10.0\McpServer.PluginIntegration.Tests.dll" adapterTypeName="executor://xunit/VsTestRunner3/netcore/" className="McpServer.PluginIntegration.Tests.PluginSessionLogWorkflowAdapterTests" name="Theory_Agent_RetrySuccess_DeletesOnlyMatchingPending" />
    </UnitTest>
    <UnitTest name="McpServer.PluginIntegration.Tests.PluginSessionLogWorkflowAdapterTests.Theory_Agent_RetrySuccess_DeletesOnlyMatchingPending(hostKind: Cline)" storage="f:\github\mcpserver\tests\mcpserver.pluginintegration.tests\bin\debug\net10.0\mcpserver.pluginintegration.tests.dll" id="265fe7d5-199c-252c-9b99-bb83b61fc682">
      <Execution id="8a4306ba-cb35-4fdb-966a-32a65d5155c7" />
      <TestMethod codeBase="F:\GitHub\McpServer\tests\McpServer.PluginIntegration.Tests\bin\Debug\net10.0\McpServer.PluginIntegration.Tests.dll" adapterTypeName="executor://xunit/VsTestRunner3/netcore/" className="McpServer.PluginIntegration.Tests.PluginSessionLogWorkflowAdapterTests" name="Theory_Agent_RetrySuccess_DeletesOnlyMatchingPending" />
    </UnitTest>
    <UnitTest name="McpServer.PluginIntegration.Tests.PluginSessionLogWorkflowAdapterTests.Theory_Agent_Success_NoPendingFailsafe(hostKind: ClaudeCode)" storage="f:\github\mcpserver\tests\mcpserver.pluginintegration.tests\bin\debug\net10.0\mcpserver.pluginintegration.tests.dll" id="ae2bf262-f21f-0526-2e66-2c346e05493f">
      <Execution id="6d0e8039-1e61-48ba-a12d-10954962e4c1" />
      <TestMethod codeBase="F:\GitHub\McpServer\tests\McpServer.PluginIntegration.Tests\bin\Debug\net10.0\McpServer.PluginIntegration.Tests.dll" adapterTypeName="executor://xunit/VsTestRunner3/netcore/" className="McpServer.PluginIntegration.Tests.PluginSessionLogWorkflowAdapterTests" name="Theory_Agent_Success_NoPendingFailsafe" />
    </UnitTest>
    <UnitTest name="McpServer.PluginIntegration.Tests.PluginSessionLogWorkflowAdapterTests.Theory_Agent_FailedSubmit_RetainsRootIdPending(hostKind: ClaudeCowork)" storage="f:\github\mcpserver\tests\mcpserver.pluginintegration.tests\bin\debug\net10.0\mcpserver.pluginintegration.tests.dll" id="b2c8eee1-8318-c99d-f5f3-3c0b9908f8fd">
      <Execution id="144dc48c-ad76-4b81-b9f9-6904fe5dbef4" />
      <TestMethod codeBase="F:\GitHub\McpServer\tests\McpServer.PluginIntegration.Tests\bin\Debug\net10.0\McpServer.PluginIntegration.Tests.dll" adapterTypeName="executor://xunit/VsTestRunner3/netcore/" className="McpServer.PluginIntegration.Tests.PluginSessionLogWorkflowAdapterTests" name="Theory_Agent_FailedSubmit_RetainsRootIdPending" />
    </UnitTest>
    <UnitTest name="McpServer.PluginIntegration.Tests.PluginSessionLogWorkflowAdapterTests.Theory_Agent_Success_NoPendingFailsafe(hostKind: Codex)" storage="f:\github\mcpserver\tests\mcpserver.pluginintegration.tests\bin\debug\net10.0\mcpserver.pluginintegration.tests.dll" id="03bda010-af59-fb35-5981-437a592246dd">
      <Execution id="380d5163-2c0f-4705-807c-c985d9161c4a" />
      <TestMethod codeBase="F:\GitHub\McpServer\tests\McpServer.PluginIntegration.Tests\bin\Debug\net10.0\McpServer.PluginIntegration.Tests.dll" adapterTypeName="executor://xunit/VsTestRunner3/netcore/" className="McpServer.PluginIntegration.Tests.PluginSessionLogWorkflowAdapterTests" name="Theory_Agent_Success_NoPendingFailsafe" />
    </UnitTest>
  </TestDefinitions>
  <TestEntries>
    <TestEntry testId="16e0597d-2c1d-2bf6-e21f-ae04790f090e" executionId="10157813-8ae9-4fa1-bca6-e35fba06663c" testListId="8c84fa94-04c1-424b-9868-57a2d4851a1d" />
    <TestEntry testId="03bda010-af59-fb35-5981-437a592246dd" executionId="380d5163-2c0f-4705-807c-c985d9161c4a" testListId="8c84fa94-04c1-424b-9868-57a2d4851a1d" />
    <TestEntry testId="c0c07ad3-27db-f94f-d446-642da990a085" executionId="f8b5a9cd-8226-44fd-925b-99589b5f7495" testListId="8c84fa94-04c1-424b-9868-57a2d4851a1d" />
    <TestEntry testId="56b59e08-03c0-bb46-07ea-9da73ded649c" executionId="f697d35b-eaa7-427a-b8fa-dde0b5d5928a" testListId="8c84fa94-04c1-424b-9868-57a2d4851a1d" />
    <TestEntry testId="ae2bf262-f21f-0526-2e66-2c346e05493f" executionId="6d0e8039-1e61-48ba-a12d-10954962e4c1" testListId="8c84fa94-04c1-424b-9868-57a2d4851a1d" />
    <TestEntry testId="744c635a-1ca9-b473-6d94-01ff2c3f2b0d" executionId="bda8b1b8-d984-47f8-8552-1e813ed0cb6f" testListId="8c84fa94-04c1-424b-9868-57a2d4851a1d" />
    <TestEntry testId="b2c8eee1-8318-c99d-f5f3-3c0b9908f8fd" executionId="144dc48c-ad76-4b81-b9f9-6904fe5dbef4" testListId="8c84fa94-04c1-424b-9868-57a2d4851a1d" />
    <TestEntry testId="1500790d-a7bc-734d-cbdc-80dbce68facc" executionId="abe54059-5a70-4055-95f3-b5f34e03373c" testListId="8c84fa94-04c1-424b-9868-57a2d4851a1d" />
    <TestEntry testId="254600ae-2363-cbfd-4f9e-2274b0094e25" executionId="f45f1e43-8c22-4423-b9fa-cb66f0a66eae" testListId="8c84fa94-04c1-424b-9868-57a2d4851a1d" />
    <TestEntry testId="265fe7d5-199c-252c-9b99-bb83b61fc682" executionId="8a4306ba-cb35-4fdb-966a-32a65d5155c7" testListId="8c84fa94-04c1-424b-9868-57a2d4851a1d" />
    <TestEntry testId="224c61fa-26aa-dc32-028d-4941cee3e1b4" executionId="439dda56-3d32-4c78-827b-ec17e1f40ec0" testListId="8c84fa94-04c1-424b-9868-57a2d4851a1d" />
    <TestEntry testId="c372fab5-6807-1e21-9c6e-b467c42bba44" executionId="e78e73e0-a87d-400b-8b75-cc11cfc071cc" testListId="8c84fa94-04c1-424b-9868-57a2d4851a1d" />
    <TestEntry testId="c4cbf0b1-0f75-e8ff-2765-03c7bce6b0f3" executionId="f54cb0bf-f94f-4803-a635-cea1e95cc37b" testListId="8c84fa94-04c1-424b-9868-57a2d4851a1d" />
    <TestEntry testId="061edfb7-c3c6-f1a1-0845-c2096f025174" executionId="74aeed0d-dcd3-44b0-981e-dbe17fcf9ab2" testListId="8c84fa94-04c1-424b-9868-57a2d4851a1d" />
    <TestEntry testId="1752009c-d3e5-d4f7-e650-01361122442f" executionId="64c7a575-5a8a-4baf-b99f-8bfefd979886" testListId="8c84fa94-04c1-424b-9868-57a2d4851a1d" />
    <TestEntry testId="64236d8c-30da-f5d7-d65c-2828f39b38f4" executionId="2d9fab51-4507-4dd2-8114-a04dc6c14331" testListId="8c84fa94-04c1-424b-9868-57a2d4851a1d" />
    <TestEntry testId="251af5dc-c0ce-962e-862d-f35a4bf496d9" executionId="3ffb5960-d7fa-4bb7-9ae0-ba698af9ce3b" testListId="8c84fa94-04c1-424b-9868-57a2d4851a1d" />
    <TestEntry testId="7587d980-0453-b39c-4e94-cc72ce37e8b8" executionId="7d8a6a76-5e57-4a78-aa6e-ec7f8f9c15ff" testListId="8c84fa94-04c1-424b-9868-57a2d4851a1d" />
    <TestEntry testId="1d3018cc-1e56-c46f-4ae1-0f9d140a2ad2" executionId="01011c7f-179b-43d6-bd46-1f0b4e09d879" testListId="8c84fa94-04c1-424b-9868-57a2d4851a1d" />
    <TestEntry testId="4448b930-7016-8e44-d610-2a4ce98b9d3e" executionId="0dbf1dd4-40cf-4efd-a498-6a836f50088b" testListId="8c84fa94-04c1-424b-9868-57a2d4851a1d" />
    <TestEntry testId="c57d5192-3219-dc3c-87f5-441a19e23ec1" executionId="de69bc21-888d-438a-8964-949d4fdf9faf" testListId="8c84fa94-04c1-424b-9868-57a2d4851a1d" />
    <TestEntry testId="4cb3617a-7c0b-7462-11a6-5ea43af3e32c" executionId="f4ecd568-52fa-4c72-8d56-0d3ccdc705b6" testListId="8c84fa94-04c1-424b-9868-57a2d4851a1d" />
    <TestEntry testId="38fffb94-972f-1cb7-275d-1279768e32e3" executionId="f2565fa6-d0e3-441c-9307-d9e9fb4439b5" testListId="8c84fa94-04c1-424b-9868-57a2d4851a1d" />
    <TestEntry testId="e03b355a-af8c-3ed2-aef8-0784d656e804" executionId="ee97fbe6-738d-480a-ad51-981d5f05e1b1" testListId="8c84fa94-04c1-424b-9868-57a2d4851a1d" />
  </TestEntries>
  <TestLists>
    <TestList name="Results Not in a List" id="8c84fa94-04c1-424b-9868-57a2d4851a1d" />
    <TestList name="All Loaded Results" id="19431567-8539-422a-85d7-44ee4e166bda" />
  </TestLists>
  <ResultSummary outcome="Completed">
    <Counters total="24" executed="24" passed="24" failed="0" error="0" timeout="0" aborted="0" inconclusive="0" passedButRunAborted="0" notRunnable="0" notExecuted="0" disconnected="0" warning="0" completed="0" inProgress="0" pending="0" />
    <Output>
      <StdOut>[xUnit.net 00:00:00.00] xUnit.net VSTest Adapter v3.1.5+1b188a7b0a (64-bit .NET 10.0.11)&#xD;
[xUnit.net 00:00:00.33]   Discovering: McpServer.PluginIntegration.Tests&#xD;
[xUnit.net 00:00:00.86]   Discovered:  McpServer.PluginIntegration.Tests&#xD;
[xUnit.net 00:00:01.19]   Starting:    McpServer.PluginIntegration.Tests&#xD;
[xUnit.net 00:05:45.30]   Finished:    McpServer.PluginIntegration.Tests (ID = 'e01212c0ca6838d7a5f49436c8fcd17d4d1616c04bcd9ab0cc94bc0f8bfa83b4')&#xD;
</StdOut>
    </Output>
  </ResultSummary>
</TestRun>