<?xml version="1.0" encoding="utf-8"?>
<TestRun id="b600e4be-363a-47c9-99eb-98e8285f1e96" name="kingd@PAYTON-LEGION2 2026-08-22 03:43:14" runUser="PAYTON-LEGION2\kingd" xmlns="http://microsoft.com/schemas/VisualStudio/TeamTest/2010">
  <Times creation="2026-08-22T03:43:15.0033031-05:00" queuing="2026-08-22T03:43:15.0033040-05:00" start="2026-08-22T03:43:12.4114956-05:00" finish="2026-08-22T03:43:15.0184631-05:00" />
  <TestSettings name="default" id="f1c634b0-1126-406b-9b25-83fa915d752a">
    <Deployment runDeploymentRoot="kingd_PAYTON-LEGION2_2026-08-22_03_43_14" />
  </TestSettings>
  <Results>
    <UnitTestResult executionId="53d59c5b-fa1b-41ec-9c0a-e4517b0515f0" testId="a819d0f0-58b2-a89b-3964-f2760cfb1ba3" testName="McpServer.PluginIntegration.Tests.PluginSessionLogAiTheoryTests.AiTheory_Agent_RequiresValidJsonFields(hostKind: ClineV2)" computerName="PAYTON-LEGION2" duration="00:00:00.0006550" startTime="2026-08-22T03:43:14.8236279-05:00" endTime="2026-08-22T03:43:14.8243054-05:00" testType="13cdc9d9-ddb5-4fa4-a97d-d965ccfc6d4b" outcome="Passed" testListId="8c84fa94-04c1-424b-9868-57a2d4851a1d" relativeResultsDirectory="53d59c5b-fa1b-41ec-9c0a-e4517b0515f0" />
    <UnitTestResult executionId="fc5bf163-da87-48a8-941a-d4285d5deaea" testId="d866ee6a-ddb8-9e68-69f3-feafaa9032a9" testName="McpServer.PluginIntegration.Tests.PluginSessionLogAiTheoryTests.AiTheory_Agent_RequiresValidJsonFields(hostKind: Grok)" computerName="PAYTON-LEGION2" duration="00:00:00.0004929" startTime="2026-08-22T03:43:14.8247658-05:00" endTime="2026-08-22T03:43:14.8252958-05:00" testType="13cdc9d9-ddb5-4fa4-a97d-d965ccfc6d4b" outcome="Passed" testListId="8c84fa94-04c1-424b-9868-57a2d4851a1d" relativeResultsDirectory="fc5bf163-da87-48a8-941a-d4285d5deaea" />
    <UnitTestResult executionId="3a8f9c01-d507-465b-862d-243b0a89a605" testId="0d94d9ea-2e88-7983-af02-8739ab212d15" testName="McpServer.PluginIntegration.Tests.PluginSessionLogAiTheoryTests.AiTheory_Agent_RequiresValidJsonFields(hostKind: Cline)" computerName="PAYTON-LEGION2" duration="00:00:00.0006746" startTime="2026-08-22T03:43:14.8216677-05:00" endTime="2026-08-22T03:43:14.8223726-05:00" testType="13cdc9d9-ddb5-4fa4-a97d-d965ccfc6d4b" outcome="Passed" testListId="8c84fa94-04c1-424b-9868-57a2d4851a1d" relativeResultsDirectory="3a8f9c01-d507-465b-862d-243b0a89a605" />
    <UnitTestResult executionId="cb5c99ae-5896-44db-ade5-32178b2c7631" testId="33523881-f2db-c47e-d853-f3dbb49d03b4" testName="McpServer.PluginIntegration.Tests.PluginSessionLogAiTheoryTests.AiTheory_Agent_RequiresValidJsonFields(hostKind: Copilot)" computerName="PAYTON-LEGION2" duration="00:00:00.0005129" startTime="2026-08-22T03:43:14.8208208-05:00" endTime="2026-08-22T03:43:14.8213569-05:00" testType="13cdc9d9-ddb5-4fa4-a97d-d965ccfc6d4b" outcome="Passed" testListId="8c84fa94-04c1-424b-9868-57a2d4851a1d" relativeResultsDirectory="cb5c99ae-5896-44db-ade5-32178b2c7631" />
    <UnitTestResult executionId="6c84e84d-ac07-49c8-8cc3-fe65709180dc" testId="06662370-12ba-46c0-6690-5c95f450e80f" testName="McpServer.PluginIntegration.Tests.PluginSessionLogAiTheoryTests.AiTheory_Agent_RequiresValidJsonFields(hostKind: ClaudeCode)" computerName="PAYTON-LEGION2" duration="00:00:00.0995463" startTime="2026-08-22T03:43:14.6934481-05:00" endTime="2026-08-22T03:43:14.8104132-05:00" testType="13cdc9d9-ddb5-4fa4-a97d-d965ccfc6d4b" outcome="Passed" testListId="8c84fa94-04c1-424b-9868-57a2d4851a1d" relativeResultsDirectory="6c84e84d-ac07-49c8-8cc3-fe65709180dc" />
    <UnitTestResult executionId="3cfb05ab-8d1e-4dbe-8b92-4be2c78fe12b" testId="3dd847b5-7101-a387-584f-a447c0078512" testName="McpServer.PluginIntegration.Tests.PluginSessionLogAiTheoryTests.AiTheory_Agent_RequiresValidJsonFields(hostKind: OpenCode)" computerName="PAYTON-LEGION2" duration="00:00:00.0007041" startTime="2026-08-22T03:43:14.8197252-05:00" endTime="2026-08-22T03:43:14.8204703-05:00" testType="13cdc9d9-ddb5-4fa4-a97d-d965ccfc6d4b" outcome="Passed" testListId="8c84fa94-04c1-424b-9868-57a2d4851a1d" relativeResultsDirectory="3cfb05ab-8d1e-4dbe-8b92-4be2c78fe12b" />
    <UnitTestResult executionId="7f1afac9-a00c-4e28-8f5b-32b5ab860d42" testId="8b7ec712-9aa5-6e30-93a3-2e39139d53fc" testName="McpServer.PluginIntegration.Tests.PluginSessionLogAiTheoryTests.AiTheory_Agent_RequiresValidJsonFields(hostKind: ClaudeCowork)" computerName="PAYTON-LEGION2" duration="00:00:00.0018848" startTime="2026-08-22T03:43:14.8170250-05:00" endTime="2026-08-22T03:43:14.8190481-05:00" testType="13cdc9d9-ddb5-4fa4-a97d-d965ccfc6d4b" outcome="Passed" testListId="8c84fa94-04c1-424b-9868-57a2d4851a1d" relativeResultsDirectory="7f1afac9-a00c-4e28-8f5b-32b5ab860d42" />
    <UnitTestResult executionId="0d74d3d7-b230-423a-b25f-0493f965aaab" testId="4ce4b13d-54c6-ab06-77ae-25635f318e05" testName="McpServer.PluginIntegration.Tests.PluginSessionLogAiTheoryTests.AiTheory_Agent_RequiresValidJsonFields(hostKind: Codex)" computerName="PAYTON-LEGION2" duration="00:00:00.0006145" startTime="2026-08-22T03:43:14.8226959-05:00" endTime="2026-08-22T03:43:14.8233375-05:00" testType="13cdc9d9-ddb5-4fa4-a97d-d965ccfc6d4b" outcome="Passed" testListId="8c84fa94-04c1-424b-9868-57a2d4851a1d" relativeResultsDirectory="0d74d3d7-b230-423a-b25f-0493f965aaab" />
    <UnitTestResult executionId="7888ad9b-6d81-4baa-80b3-5a82de775d73" testId="a3f7179d-224f-f712-0505-53bcb1b39b2d" testName="McpServer.PluginIntegration.Tests.PluginSessionLogAiTheoryTests.AiTheory_RejectsInvalidJson_DoesNotOverrideDeterministicFailure" computerName="PAYTON-LEGION2" duration="00:00:00.0119664" startTime="2026-08-22T03:43:14.8276740-05:00" endTime="2026-08-22T03:43:14.8397065-05:00" testType="13cdc9d9-ddb5-4fa4-a97d-d965ccfc6d4b" outcome="Passed" testListId="8c84fa94-04c1-424b-9868-57a2d4851a1d" relativeResultsDirectory="7888ad9b-6d81-4baa-80b3-5a82de775d73" />
  </Results>
  <TestDefinitions>
    <UnitTest name="McpServer.PluginIntegration.Tests.PluginSessionLogAiTheoryTests.AiTheory_Agent_RequiresValidJsonFields(hostKind: ClaudeCode)" storage="f:\github\mcpserver\tests\mcpserver.pluginintegration.tests\bin\debug\net10.0\mcpserver.pluginintegration.tests.dll" id="06662370-12ba-46c0-6690-5c95f450e80f">
      <Execution id="6c84e84d-ac07-49c8-8cc3-fe65709180dc" />
      <TestMethod codeBase="F:\GitHub\McpServer\tests\McpServer.PluginIntegration.Tests\bin\Debug\net10.0\McpServer.PluginIntegration.Tests.dll" adapterTypeName="executor://xunit/VsTestRunner3/netcore/" className="McpServer.PluginIntegration.Tests.PluginSessionLogAiTheoryTests" name="AiTheory_Agent_RequiresValidJsonFields" />
    </UnitTest>
    <UnitTest name="McpServer.PluginIntegration.Tests.PluginSessionLogAiTheoryTests.AiTheory_RejectsInvalidJson_DoesNotOverrideDeterministicFailure" storage="f:\github\mcpserver\tests\mcpserver.pluginintegration.tests\bin\debug\net10.0\mcpserver.pluginintegration.tests.dll" id="a3f7179d-224f-f712-0505-53bcb1b39b2d">
      <Execution id="7888ad9b-6d81-4baa-80b3-5a82de775d73" />
      <TestMethod codeBase="F:\GitHub\McpServer\tests\McpServer.PluginIntegration.Tests\bin\Debug\net10.0\McpServer.PluginIntegration.Tests.dll" adapterTypeName="executor://xunit/VsTestRunner3/netcore/" className="McpServer.PluginIntegration.Tests.PluginSessionLogAiTheoryTests" name="AiTheory_RejectsInvalidJson_DoesNotOverrideDeterministicFailure" />
    </UnitTest>
    <UnitTest name="McpServer.PluginIntegration.Tests.PluginSessionLogAiTheoryTests.AiTheory_Agent_RequiresValidJsonFields(hostKind: Cline)" storage="f:\github\mcpserver\tests\mcpserver.pluginintegration.tests\bin\debug\net10.0\mcpserver.pluginintegration.tests.dll" id="0d94d9ea-2e88-7983-af02-8739ab212d15">
      <Execution id="3a8f9c01-d507-465b-862d-243b0a89a605" />
      <TestMethod codeBase="F:\GitHub\McpServer\tests\McpServer.PluginIntegration.Tests\bin\Debug\net10.0\McpServer.PluginIntegration.Tests.dll" adapterTypeName="executor://xunit/VsTestRunner3/netcore/" className="McpServer.PluginIntegration.Tests.PluginSessionLogAiTheoryTests" name="AiTheory_Agent_RequiresValidJsonFields" />
    </UnitTest>
    <UnitTest name="McpServer.PluginIntegration.Tests.PluginSessionLogAiTheoryTests.AiTheory_Agent_RequiresValidJsonFields(hostKind: Codex)" storage="f:\github\mcpserver\tests\mcpserver.pluginintegration.tests\bin\debug\net10.0\mcpserver.pluginintegration.tests.dll" id="4ce4b13d-54c6-ab06-77ae-25635f318e05">
      <Execution id="0d74d3d7-b230-423a-b25f-0493f965aaab" />
      <TestMethod codeBase="F:\GitHub\McpServer\tests\McpServer.PluginIntegration.Tests\bin\Debug\net10.0\McpServer.PluginIntegration.Tests.dll" adapterTypeName="executor://xunit/VsTestRunner3/netcore/" className="McpServer.PluginIntegration.Tests.PluginSessionLogAiTheoryTests" name="AiTheory_Agent_RequiresValidJsonFields" />
    </UnitTest>
    <UnitTest name="McpServer.PluginIntegration.Tests.PluginSessionLogAiTheoryTests.AiTheory_Agent_RequiresValidJsonFields(hostKind: Grok)" storage="f:\github\mcpserver\tests\mcpserver.pluginintegration.tests\bin\debug\net10.0\mcpserver.pluginintegration.tests.dll" id="d866ee6a-ddb8-9e68-69f3-feafaa9032a9">
      <Execution id="fc5bf163-da87-48a8-941a-d4285d5deaea" />
      <TestMethod codeBase="F:\GitHub\McpServer\tests\McpServer.PluginIntegration.Tests\bin\Debug\net10.0\McpServer.PluginIntegration.Tests.dll" adapterTypeName="executor://xunit/VsTestRunner3/netcore/" className="McpServer.PluginIntegration.Tests.PluginSessionLogAiTheoryTests" name="AiTheory_Agent_RequiresValidJsonFields" />
    </UnitTest>
    <UnitTest name="McpServer.PluginIntegration.Tests.PluginSessionLogAiTheoryTests.AiTheory_Agent_RequiresValidJsonFields(hostKind: OpenCode)" storage="f:\github\mcpserver\tests\mcpserver.pluginintegration.tests\bin\debug\net10.0\mcpserver.pluginintegration.tests.dll" id="3dd847b5-7101-a387-584f-a447c0078512">
      <Execution id="3cfb05ab-8d1e-4dbe-8b92-4be2c78fe12b" />
      <TestMethod codeBase="F:\GitHub\McpServer\tests\McpServer.PluginIntegration.Tests\bin\Debug\net10.0\McpServer.PluginIntegration.Tests.dll" adapterTypeName="executor://xunit/VsTestRunner3/netcore/" className="McpServer.PluginIntegration.Tests.PluginSessionLogAiTheoryTests" name="AiTheory_Agent_RequiresValidJsonFields" />
    </UnitTest>
    <UnitTest name="McpServer.PluginIntegration.Tests.PluginSessionLogAiTheoryTests.AiTheory_Agent_RequiresValidJsonFields(hostKind: ClaudeCowork)" storage="f:\github\mcpserver\tests\mcpserver.pluginintegration.tests\bin\debug\net10.0\mcpserver.pluginintegration.tests.dll" id="8b7ec712-9aa5-6e30-93a3-2e39139d53fc">
      <Execution id="7f1afac9-a00c-4e28-8f5b-32b5ab860d42" />
      <TestMethod codeBase="F:\GitHub\McpServer\tests\McpServer.PluginIntegration.Tests\bin\Debug\net10.0\McpServer.PluginIntegration.Tests.dll" adapterTypeName="executor://xunit/VsTestRunner3/netcore/" className="McpServer.PluginIntegration.Tests.PluginSessionLogAiTheoryTests" name="AiTheory_Agent_RequiresValidJsonFields" />
    </UnitTest>
    <UnitTest name="McpServer.PluginIntegration.Tests.PluginSessionLogAiTheoryTests.AiTheory_Agent_RequiresValidJsonFields(hostKind: Copilot)" storage="f:\github\mcpserver\tests\mcpserver.pluginintegration.tests\bin\debug\net10.0\mcpserver.pluginintegration.tests.dll" id="33523881-f2db-c47e-d853-f3dbb49d03b4">
      <Execution id="cb5c99ae-5896-44db-ade5-32178b2c7631" />
      <TestMethod codeBase="F:\GitHub\McpServer\tests\McpServer.PluginIntegration.Tests\bin\Debug\net10.0\McpServer.PluginIntegration.Tests.dll" adapterTypeName="executor://xunit/VsTestRunner3/netcore/" className="McpServer.PluginIntegration.Tests.PluginSessionLogAiTheoryTests" name="AiTheory_Agent_RequiresValidJsonFields" />
    </UnitTest>
    <UnitTest name="McpServer.PluginIntegration.Tests.PluginSessionLogAiTheoryTests.AiTheory_Agent_RequiresValidJsonFields(hostKind: ClineV2)" storage="f:\github\mcpserver\tests\mcpserver.pluginintegration.tests\bin\debug\net10.0\mcpserver.pluginintegration.tests.dll" id="a819d0f0-58b2-a89b-3964-f2760cfb1ba3">
      <Execution id="53d59c5b-fa1b-41ec-9c0a-e4517b0515f0" />
      <TestMethod codeBase="F:\GitHub\McpServer\tests\McpServer.PluginIntegration.Tests\bin\Debug\net10.0\McpServer.PluginIntegration.Tests.dll" adapterTypeName="executor://xunit/VsTestRunner3/netcore/" className="McpServer.PluginIntegration.Tests.PluginSessionLogAiTheoryTests" name="AiTheory_Agent_RequiresValidJsonFields" />
    </UnitTest>
  </TestDefinitions>
  <TestEntries>
    <TestEntry testId="a819d0f0-58b2-a89b-3964-f2760cfb1ba3" executionId="53d59c5b-fa1b-41ec-9c0a-e4517b0515f0" testListId="8c84fa94-04c1-424b-9868-57a2d4851a1d" />
    <TestEntry testId="d866ee6a-ddb8-9e68-69f3-feafaa9032a9" executionId="fc5bf163-da87-48a8-941a-d4285d5deaea" testListId="8c84fa94-04c1-424b-9868-57a2d4851a1d" />
    <TestEntry testId="0d94d9ea-2e88-7983-af02-8739ab212d15" executionId="3a8f9c01-d507-465b-862d-243b0a89a605" testListId="8c84fa94-04c1-424b-9868-57a2d4851a1d" />
    <TestEntry testId="33523881-f2db-c47e-d853-f3dbb49d03b4" executionId="cb5c99ae-5896-44db-ade5-32178b2c7631" testListId="8c84fa94-04c1-424b-9868-57a2d4851a1d" />
    <TestEntry testId="06662370-12ba-46c0-6690-5c95f450e80f" executionId="6c84e84d-ac07-49c8-8cc3-fe65709180dc" testListId="8c84fa94-04c1-424b-9868-57a2d4851a1d" />
    <TestEntry testId="3dd847b5-7101-a387-584f-a447c0078512" executionId="3cfb05ab-8d1e-4dbe-8b92-4be2c78fe12b" testListId="8c84fa94-04c1-424b-9868-57a2d4851a1d" />
    <TestEntry testId="8b7ec712-9aa5-6e30-93a3-2e39139d53fc" executionId="7f1afac9-a00c-4e28-8f5b-32b5ab860d42" testListId="8c84fa94-04c1-424b-9868-57a2d4851a1d" />
    <TestEntry testId="4ce4b13d-54c6-ab06-77ae-25635f318e05" executionId="0d74d3d7-b230-423a-b25f-0493f965aaab" testListId="8c84fa94-04c1-424b-9868-57a2d4851a1d" />
    <TestEntry testId="a3f7179d-224f-f712-0505-53bcb1b39b2d" executionId="7888ad9b-6d81-4baa-80b3-5a82de775d73" testListId="8c84fa94-04c1-424b-9868-57a2d4851a1d" />
  </TestEntries>
  <TestLists>
    <TestList name="Results Not in a List" id="8c84fa94-04c1-424b-9868-57a2d4851a1d" />
    <TestList name="All Loaded Results" id="19431567-8539-422a-85d7-44ee4e166bda" />
  </TestLists>
  <ResultSummary outcome="Completed">
    <Counters total="9" executed="9" passed="9" failed="0" error="0" timeout="0" aborted="0" inconclusive="0" passedButRunAborted="0" notRunnable="0" notExecuted="0" disconnected="0" warning="0" completed="0" inProgress="0" pending="0" />
    <Output>
      <StdOut>[xUnit.net 00:00:00.00] xUnit.net VSTest Adapter v3.1.5+1b188a7b0a (64-bit .NET 10.0.11)&#xD;
[xUnit.net 00:00:00.36]   Discovering: McpServer.PluginIntegration.Tests&#xD;
[xUnit.net 00:00:00.93]   Discovered:  McpServer.PluginIntegration.Tests&#xD;
[xUnit.net 00:00:01.40]   Starting:    McpServer.PluginIntegration.Tests&#xD;
[xUnit.net 00:00:01.68]   Finished:    McpServer.PluginIntegration.Tests (ID = 'e01212c0ca6838d7a5f49436c8fcd17d4d1616c04bcd9ab0cc94bc0f8bfa83b4')&#xD;
</StdOut>
    </Output>
  </ResultSummary>
</TestRun>